2021-06-13 18:40:09.319  INFO 17744 --- [main] com.mobiquity.atms.AtmsListApplication   : Starting AtmsListApplication using Java 15.0.1 on INHYNASOMASI01 with PID 17744 (C:\Users\asomasi\pincode\atms-list\target\classes started by asomasi in C:\Users\asomasi\pincode\atms-list)
2021-06-13 18:40:09.329  INFO 17744 --- [main] com.mobiquity.atms.AtmsListApplication   : No active profile set, falling back to default profiles: default
2021-06-13 18:40:10.878  INFO 17744 --- [main] o.s.b.w.embedded.tomcat.TomcatWebServer  : Tomcat initialized with port(s): 8080 (http)
2021-06-13 18:40:10.894  INFO 17744 --- [main] o.apache.catalina.core.StandardService   : Starting service [Tomcat]
2021-06-13 18:40:10.894  INFO 17744 --- [main] org.apache.catalina.core.StandardEngine  : Starting Servlet engine: [Apache Tomcat/9.0.46]
2021-06-13 18:40:10.981  INFO 17744 --- [main] o.a.c.c.C.[Tomcat].[localhost].[/]       : Initializing Spring embedded WebApplicationContext
2021-06-13 18:40:10.983  INFO 17744 --- [main] w.s.c.ServletWebServerApplicationContext : Root WebApplicationContext: initialization completed in 1587 ms
2021-06-13 18:40:12.685  INFO 17744 --- [main] o.s.b.w.embedded.tomcat.TomcatWebServer  : Tomcat started on port(s): 8080 (http) with context path ''
2021-06-13 18:40:12.697  INFO 17744 --- [main] com.mobiquity.atms.AtmsListApplication   : Started AtmsListApplication in 3.807 seconds (JVM running for 4.216)
2021-06-13 19:11:19.907  INFO 17744 --- [http-nio-8080-exec-1] o.a.c.c.C.[Tomcat].[localhost].[/]       : Initializing Spring DispatcherServlet 'dispatcherServlet'
2021-06-13 19:11:19.908  INFO 17744 --- [http-nio-8080-exec-1] o.s.web.servlet.DispatcherServlet        : Initializing Servlet 'dispatcherServlet'
2021-06-13 19:11:19.910  INFO 17744 --- [http-nio-8080-exec-1] o.s.web.servlet.DispatcherServlet        : Completed initialization in 2 ms
2021-06-13 19:11:19.951  INFO 17744 --- [http-nio-8080-exec-1] c.m.atms.controllers.AtmListController   : [ getAllAtmsWithformatted method {} ]
2021-06-13 19:11:29.743  INFO 17744 --- [http-nio-8080-exec-2] c.m.atms.controllers.AtmListController   : [ getAllAtmsWithformatted method {} ]
2021-06-13 19:16:49.049  INFO 17744 --- [http-nio-8080-exec-6] c.m.atms.controllers.AtmListController   : [ getAllAtmsWithformatted method {} ]
2021-06-13 19:16:49.082  INFO 17744 --- [http-nio-8080-exec-7] c.m.atms.controllers.AtmListController   : [ getAllAtmsWithformatted method {} ]
2021-06-13 19:18:11.067  INFO 17744 --- [http-nio-8080-exec-8] c.m.atms.controllers.AtmListController   : [ getAllAtmsWithformatted method {} ]
2021-06-13 19:18:11.096  INFO 17744 --- [http-nio-8080-exec-9] c.m.atms.controllers.AtmListController   : [ getAllAtmsWithformatted method {} ]
2021-06-13 19:21:11.110  INFO 3608 --- [main] c.m.atms.AtmsListApplicationTests        : Starting AtmsListApplicationTests using Java 15.0.1 on INHYNASOMASI01 with PID 3608 (started by asomasi in C:\Users\asomasi\pincode\atms-list)
2021-06-13 19:21:11.114  INFO 3608 --- [main] c.m.atms.AtmsListApplicationTests        : No active profile set, falling back to default profiles: default
2021-06-13 19:21:15.496  INFO 3608 --- [main] c.m.atms.AtmsListApplicationTests        : Started AtmsListApplicationTests in 5.141 seconds (JVM running for 7.917)
2021-06-14 12:28:26.988  INFO 14168 --- [main] c.m.atms.AtmsListApplicationTests        : Starting AtmsListApplicationTests using Java 15.0.1 on INHYNASOMASI01 with PID 14168 (started by asomasi in C:\Users\asomasi\pincode\atms-list)
2021-06-14 12:28:27.004  INFO 14168 --- [main] c.m.atms.AtmsListApplicationTests        : No active profile set, falling back to default profiles: default
2021-06-14 12:28:30.769  INFO 14168 --- [main] c.m.atms.AtmsListApplicationTests        : Started AtmsListApplicationTests in 4.414 seconds (JVM running for 6.434)
2021-06-14 12:32:32.889  INFO 3844 --- [main] c.m.atms.AtmsListApplicationTests        : Starting AtmsListApplicationTests using Java 15.0.1 on INHYNASOMASI01 with PID 3844 (started by asomasi in C:\Users\asomasi\pincode\atms-list)
2021-06-14 12:32:32.893  INFO 3844 --- [main] c.m.atms.AtmsListApplicationTests        : No active profile set, falling back to default profiles: default
2021-06-14 12:32:36.173  INFO 3844 --- [main] c.m.atms.AtmsListApplicationTests        : Started AtmsListApplicationTests in 3.614 seconds (JVM running for 4.717)
2021-06-14 12:34:26.019  INFO 4652 --- [main] c.m.a.controllers.AtmListControllerTest  : Starting AtmListControllerTest using Java 15.0.1 on INHYNASOMASI01 with PID 4652 (started by asomasi in C:\Users\asomasi\pincode\atms-list)
2021-06-14 12:34:26.021  INFO 4652 --- [main] c.m.a.controllers.AtmListControllerTest  : No active profile set, falling back to default profiles: default
2021-06-14 12:34:29.127  INFO 4652 --- [main] c.m.a.controllers.AtmListControllerTest  : Started AtmListControllerTest in 3.416 seconds (JVM running for 4.412)
2021-06-14 12:34:29.832  INFO 4652 --- [main] c.m.atms.controllers.AtmListController   : [ getAllAtms method {} ]
2021-06-14 12:35:01.347  INFO 9388 --- [main] c.m.a.controllers.AtmListControllerTest  : Starting AtmListControllerTest using Java 15.0.1 on INHYNASOMASI01 with PID 9388 (started by asomasi in C:\Users\asomasi\pincode\atms-list)
2021-06-14 12:35:01.350  INFO 9388 --- [main] c.m.a.controllers.AtmListControllerTest  : No active profile set, falling back to default profiles: default
2021-06-14 12:35:04.296  INFO 9388 --- [main] c.m.a.controllers.AtmListControllerTest  : Started AtmListControllerTest in 3.263 seconds (JVM running for 4.303)
2021-06-14 12:35:04.824  INFO 9388 --- [main] c.m.atms.controllers.AtmListController   : [ getAllAtms method {} ]
2021-06-14 12:35:04.867  INFO 9388 --- [main] c.m.atms.controllers.AtmListController   : [ getAllAtms method {} ]
2021-06-14 12:38:53.498  INFO 18268 --- [main] c.m.a.controllers.AtmListControllerTest  : Starting AtmListControllerTest using Java 15.0.1 on INHYNASOMASI01 with PID 18268 (started by asomasi in C:\Users\asomasi\pincode\atms-list)
2021-06-14 12:38:53.501  INFO 18268 --- [main] c.m.a.controllers.AtmListControllerTest  : No active profile set, falling back to default profiles: default
2021-06-14 12:38:56.571  INFO 18268 --- [main] c.m.a.controllers.AtmListControllerTest  : Started AtmListControllerTest in 3.445 seconds (JVM running for 4.473)
2021-06-14 12:38:57.104  INFO 18268 --- [main] c.m.atms.controllers.AtmListController   : [ getAllAtmsWithformatted method {} ]
2021-06-14 12:38:57.143  INFO 18268 --- [main] c.m.atms.controllers.AtmListController   : [ getAllAtmsWithformatted method {} ]
2021-06-14 12:38:57.149  INFO 18268 --- [main] c.m.atms.controllers.AtmListController   : [ getAllAtms method {} ]
2021-06-14 12:40:58.396  INFO 15840 --- [main] c.m.atms.AtmsListApplicationTests        : Starting AtmsListApplicationTests using Java 15.0.1 on INHYNASOMASI01 with PID 15840 (started by asomasi in C:\Users\asomasi\pincode\atms-list)
2021-06-14 12:40:58.401  INFO 15840 --- [main] c.m.atms.AtmsListApplicationTests        : No active profile set, falling back to default profiles: default
2021-06-14 12:41:02.276  INFO 15840 --- [main] c.m.atms.AtmsListApplicationTests        : Started AtmsListApplicationTests in 4.523 seconds (JVM running for 6.499)
2021-06-14 12:41:02.932  INFO 15840 --- [main] .b.t.c.SpringBootTestContextBootstrapper : Neither @ContextConfiguration nor @ContextHierarchy found for test class [com.mobiquity.atms.controllers.AtmListControllerTest], using SpringBootContextLoader
2021-06-14 12:41:02.933  INFO 15840 --- [main] o.s.t.c.support.AbstractContextLoader    : Could not detect default resource locations for test class [com.mobiquity.atms.controllers.AtmListControllerTest]: no resource found for suffixes {-context.xml, Context.groovy}.
2021-06-14 12:41:02.934  INFO 15840 --- [main] t.c.s.AnnotationConfigContextLoaderUtils : Could not detect default configuration classes for test class [com.mobiquity.atms.controllers.AtmListControllerTest]: AtmListControllerTest does not declare any static, non-private, non-final, nested classes annotated with @Configuration.
2021-06-14 12:41:02.945  INFO 15840 --- [main] .b.t.c.SpringBootTestContextBootstrapper : Found @SpringBootConfiguration com.mobiquity.atms.AtmsListApplication for test class com.mobiquity.atms.controllers.AtmListControllerTest
2021-06-14 12:41:02.948  INFO 15840 --- [main] .b.t.c.SpringBootTestContextBootstrapper : Loaded default TestExecutionListener class names from location [META-INF/spring.factories]: [org.springframework.boot.test.mock.mockito.MockitoTestExecutionListener, org.springframework.boot.test.mock.mockito.ResetMocksTestExecutionListener, org.springframework.boot.test.autoconfigure.restdocs.RestDocsTestExecutionListener, org.springframework.boot.test.autoconfigure.web.client.MockRestServiceServerResetTestExecutionListener, org.springframework.boot.test.autoconfigure.web.servlet.MockMvcPrintOnlyOnFailureTestExecutionListener, org.springframework.boot.test.autoconfigure.web.servlet.WebDriverTestExecutionListener, org.springframework.boot.test.autoconfigure.webservices.client.MockWebServiceServerTestExecutionListener, org.springframework.test.context.web.ServletTestExecutionListener, org.springframework.test.context.support.DirtiesContextBeforeModesTestExecutionListener, org.springframework.test.context.event.ApplicationEventsTestExecutionListener, org.springframework.test.context.support.DependencyInjectionTestExecutionListener, org.springframework.test.context.support.DirtiesContextTestExecutionListener, org.springframework.test.context.transaction.TransactionalTestExecutionListener, org.springframework.test.context.jdbc.SqlScriptsTestExecutionListener, org.springframework.test.context.event.EventPublishingTestExecutionListener]
2021-06-14 12:41:02.949  INFO 15840 --- [main] .b.t.c.SpringBootTestContextBootstrapper : Using TestExecutionListeners: [org.springframework.test.context.web.ServletTestExecutionListener@4d56b7f1, org.springframework.test.context.support.DirtiesContextBeforeModesTestExecutionListener@6dd65b79, org.springframework.test.context.event.ApplicationEventsTestExecutionListener@1b136640, org.springframework.boot.test.mock.mockito.MockitoTestExecutionListener@22a7ff5d, org.springframework.boot.test.autoconfigure.SpringBootDependencyInjectionTestExecutionListener@5a362dc7, org.springframework.test.context.support.DirtiesContextTestExecutionListener@564b86b, org.springframework.test.context.event.EventPublishingTestExecutionListener@545ffe1, org.springframework.boot.test.mock.mockito.ResetMocksTestExecutionListener@1805b503, org.springframework.boot.test.autoconfigure.restdocs.RestDocsTestExecutionListener@73b6fbd1, org.springframework.boot.test.autoconfigure.web.client.MockRestServiceServerResetTestExecutionListener@5331a22c, org.springframework.boot.test.autoconfigure.web.servlet.MockMvcPrintOnlyOnFailureTestExecutionListener@79a1f55c, org.springframework.boot.test.autoconfigure.web.servlet.WebDriverTestExecutionListener@4c39eac6, org.springframework.boot.test.autoconfigure.webservices.client.MockWebServiceServerTestExecutionListener@815e8e3]
2021-06-14 12:41:03.106  INFO 15840 --- [main] c.m.atms.controllers.AtmListController   : [ getAllAtmsWithformatted method {} ]
2021-06-14 12:41:03.140  INFO 15840 --- [main] c.m.atms.controllers.AtmListController   : [ getAllAtmsWithformatted method {} ]
2021-06-14 12:41:03.148  INFO 15840 --- [main] c.m.atms.controllers.AtmListController   : [ getAllAtms method {} ]
2021-06-14 12:51:03.758  INFO 15004 --- [main] c.m.a.s.AtmListServiceImplTest           : Starting AtmListServiceImplTest using Java 15.0.1 on INHYNASOMASI01 with PID 15004 (started by asomasi in C:\Users\asomasi\pincode\atms-list)
2021-06-14 12:51:03.761  INFO 15004 --- [main] c.m.a.s.AtmListServiceImplTest           : No active profile set, falling back to default profiles: default
2021-06-14 12:51:06.580  INFO 15004 --- [main] c.m.a.s.AtmListServiceImplTest           : Started AtmListServiceImplTest in 3.135 seconds (JVM running for 4.197)
2021-06-14 12:51:46.118  INFO 11636 --- [main] c.m.a.s.AtmListServiceImplTest           : Starting AtmListServiceImplTest using Java 15.0.1 on INHYNASOMASI01 with PID 11636 (started by asomasi in C:\Users\asomasi\pincode\atms-list)
2021-06-14 12:51:46.121  INFO 11636 --- [main] c.m.a.s.AtmListServiceImplTest           : No active profile set, falling back to default profiles: default
2021-06-14 12:51:49.160  INFO 11636 --- [main] c.m.a.s.AtmListServiceImplTest           : Started AtmListServiceImplTest in 3.358 seconds (JVM running for 4.39)
2021-06-14 12:53:38.735  INFO 22256 --- [main] c.m.a.s.AtmListServiceImplTest           : Starting AtmListServiceImplTest using Java 15.0.1 on INHYNASOMASI01 with PID 22256 (started by asomasi in C:\Users\asomasi\pincode\atms-list)
2021-06-14 12:53:38.739  INFO 22256 --- [main] c.m.a.s.AtmListServiceImplTest           : No active profile set, falling back to default profiles: default
2021-06-14 12:53:41.364  INFO 22256 --- [main] c.m.a.s.AtmListServiceImplTest           : Started AtmListServiceImplTest in 2.936 seconds (JVM running for 3.933)
2021-06-14 12:53:53.829  INFO 5112 --- [main] c.m.atms.AtmsListApplicationTests        : Starting AtmsListApplicationTests using Java 15.0.1 on INHYNASOMASI01 with PID 5112 (started by asomasi in C:\Users\asomasi\pincode\atms-list)
2021-06-14 12:53:53.833  INFO 5112 --- [main] c.m.atms.AtmsListApplicationTests        : No active profile set, falling back to default profiles: default
2021-06-14 12:53:57.957  INFO 5112 --- [main] c.m.atms.AtmsListApplicationTests        : Started AtmsListApplicationTests in 4.842 seconds (JVM running for 6.869)
2021-06-14 12:53:58.629  INFO 5112 --- [main] .b.t.c.SpringBootTestContextBootstrapper : Neither @ContextConfiguration nor @ContextHierarchy found for test class [com.mobiquity.atms.controllers.AtmListControllerTest], using SpringBootContextLoader
2021-06-14 12:53:58.630  INFO 5112 --- [main] o.s.t.c.support.AbstractContextLoader    : Could not detect default resource locations for test class [com.mobiquity.atms.controllers.AtmListControllerTest]: no resource found for suffixes {-context.xml, Context.groovy}.
2021-06-14 12:53:58.631  INFO 5112 --- [main] t.c.s.AnnotationConfigContextLoaderUtils : Could not detect default configuration classes for test class [com.mobiquity.atms.controllers.AtmListControllerTest]: AtmListControllerTest does not declare any static, non-private, non-final, nested classes annotated with @Configuration.
2021-06-14 12:53:58.640  INFO 5112 --- [main] .b.t.c.SpringBootTestContextBootstrapper : Found @SpringBootConfiguration com.mobiquity.atms.AtmsListApplication for test class com.mobiquity.atms.controllers.AtmListControllerTest
2021-06-14 12:53:58.643  INFO 5112 --- [main] .b.t.c.SpringBootTestContextBootstrapper : Loaded default TestExecutionListener class names from location [META-INF/spring.factories]: [org.springframework.boot.test.mock.mockito.MockitoTestExecutionListener, org.springframework.boot.test.mock.mockito.ResetMocksTestExecutionListener, org.springframework.boot.test.autoconfigure.restdocs.RestDocsTestExecutionListener, org.springframework.boot.test.autoconfigure.web.client.MockRestServiceServerResetTestExecutionListener, org.springframework.boot.test.autoconfigure.web.servlet.MockMvcPrintOnlyOnFailureTestExecutionListener, org.springframework.boot.test.autoconfigure.web.servlet.WebDriverTestExecutionListener, org.springframework.boot.test.autoconfigure.webservices.client.MockWebServiceServerTestExecutionListener, org.springframework.test.context.web.ServletTestExecutionListener, org.springframework.test.context.support.DirtiesContextBeforeModesTestExecutionListener, org.springframework.test.context.event.ApplicationEventsTestExecutionListener, org.springframework.test.context.support.DependencyInjectionTestExecutionListener, org.springframework.test.context.support.DirtiesContextTestExecutionListener, org.springframework.test.context.transaction.TransactionalTestExecutionListener, org.springframework.test.context.jdbc.SqlScriptsTestExecutionListener, org.springframework.test.context.event.EventPublishingTestExecutionListener]
2021-06-14 12:53:58.644  INFO 5112 --- [main] .b.t.c.SpringBootTestContextBootstrapper : Using TestExecutionListeners: [org.springframework.test.context.web.ServletTestExecutionListener@7c9a39cb, org.springframework.test.context.support.DirtiesContextBeforeModesTestExecutionListener@7e93497d, org.springframework.test.context.event.ApplicationEventsTestExecutionListener@1fba15d7, org.springframework.boot.test.mock.mockito.MockitoTestExecutionListener@c8dc1ef, org.springframework.boot.test.autoconfigure.SpringBootDependencyInjectionTestExecutionListener@21f4f5d4, org.springframework.test.context.support.DirtiesContextTestExecutionListener@45488836, org.springframework.test.context.event.EventPublishingTestExecutionListener@a9339e5, org.springframework.boot.test.mock.mockito.ResetMocksTestExecutionListener@687313e1, org.springframework.boot.test.autoconfigure.restdocs.RestDocsTestExecutionListener@6eaf016e, org.springframework.boot.test.autoconfigure.web.client.MockRestServiceServerResetTestExecutionListener@6fa73db5, org.springframework.boot.test.autoconfigure.web.servlet.MockMvcPrintOnlyOnFailureTestExecutionListener@7ce87db5, org.springframework.boot.test.autoconfigure.web.servlet.WebDriverTestExecutionListener@c7485d2, org.springframework.boot.test.autoconfigure.webservices.client.MockWebServiceServerTestExecutionListener@1ac65143]
2021-06-14 12:53:58.787  INFO 5112 --- [main] c.m.atms.controllers.AtmListController   : [ getAllAtms method {} ]
2021-06-14 12:53:58.822  INFO 5112 --- [main] c.m.atms.controllers.AtmListController   : [ getAllAtmsWithformatted method {} ]
2021-06-14 12:53:58.832  INFO 5112 --- [main] c.m.atms.controllers.AtmListController   : [ getAllAtmsWithformatted method {} ]
2021-06-14 12:53:58.840  INFO 5112 --- [main] c.m.atms.controllers.AtmListController   : [ getAllAtms method {} ]
2021-06-14 12:53:58.848  INFO 5112 --- [main] .b.t.c.SpringBootTestContextBootstrapper : Neither @ContextConfiguration nor @ContextHierarchy found for test class [com.mobiquity.atms.serviceImpls.AtmListServiceImplTest], using SpringBootContextLoader
2021-06-14 12:53:58.851  INFO 5112 --- [main] o.s.t.c.support.AbstractContextLoader    : Could not detect default resource locations for test class [com.mobiquity.atms.serviceImpls.AtmListServiceImplTest]: no resource found for suffixes {-context.xml, Context.groovy}.
2021-06-14 12:53:58.852  INFO 5112 --- [main] t.c.s.AnnotationConfigContextLoaderUtils : Could not detect default configuration classes for test class [com.mobiquity.atms.serviceImpls.AtmListServiceImplTest]: AtmListServiceImplTest does not declare any static, non-private, non-final, nested classes annotated with @Configuration.
2021-06-14 12:53:58.859  INFO 5112 --- [main] .b.t.c.SpringBootTestContextBootstrapper : Found @SpringBootConfiguration com.mobiquity.atms.AtmsListApplication for test class com.mobiquity.atms.serviceImpls.AtmListServiceImplTest
2021-06-14 12:53:58.861  INFO 5112 --- [main] .b.t.c.SpringBootTestContextBootstrapper : Loaded default TestExecutionListener class names from location [META-INF/spring.factories]: [org.springframework.boot.test.mock.mockito.MockitoTestExecutionListener, org.springframework.boot.test.mock.mockito.ResetMocksTestExecutionListener, org.springframework.boot.test.autoconfigure.restdocs.RestDocsTestExecutionListener, org.springframework.boot.test.autoconfigure.web.client.MockRestServiceServerResetTestExecutionListener, org.springframework.boot.test.autoconfigure.web.servlet.MockMvcPrintOnlyOnFailureTestExecutionListener, org.springframework.boot.test.autoconfigure.web.servlet.WebDriverTestExecutionListener, org.springframework.boot.test.autoconfigure.webservices.client.MockWebServiceServerTestExecutionListener, org.springframework.test.context.web.ServletTestExecutionListener, org.springframework.test.context.support.DirtiesContextBeforeModesTestExecutionListener, org.springframework.test.context.event.ApplicationEventsTestExecutionListener, org.springframework.test.context.support.DependencyInjectionTestExecutionListener, org.springframework.test.context.support.DirtiesContextTestExecutionListener, org.springframework.test.context.transaction.TransactionalTestExecutionListener, org.springframework.test.context.jdbc.SqlScriptsTestExecutionListener, org.springframework.test.context.event.EventPublishingTestExecutionListener]
2021-06-14 12:53:58.862  INFO 5112 --- [main] .b.t.c.SpringBootTestContextBootstrapper : Using TestExecutionListeners: [org.springframework.test.context.web.ServletTestExecutionListener@1d6c69ff, org.springframework.test.context.support.DirtiesContextBeforeModesTestExecutionListener@34dcd7a1, org.springframework.test.context.event.ApplicationEventsTestExecutionListener@5c65001c, org.springframework.boot.test.mock.mockito.MockitoTestExecutionListener@6b00587b, org.springframework.boot.test.autoconfigure.SpringBootDependencyInjectionTestExecutionListener@15ddf775, org.springframework.test.context.support.DirtiesContextTestExecutionListener@476e4bb0, org.springframework.test.context.event.EventPublishingTestExecutionListener@337fd6a1, org.springframework.boot.test.mock.mockito.ResetMocksTestExecutionListener@5a558335, org.springframework.boot.test.autoconfigure.restdocs.RestDocsTestExecutionListener@20c9b155, org.springframework.boot.test.autoconfigure.web.client.MockRestServiceServerResetTestExecutionListener@154f5d37, org.springframework.boot.test.autoconfigure.web.servlet.MockMvcPrintOnlyOnFailureTestExecutionListener@58c84be1, org.springframework.boot.test.autoconfigure.web.servlet.WebDriverTestExecutionListener@2e7227e6, org.springframework.boot.test.autoconfigure.webservices.client.MockWebServiceServerTestExecutionListener@43dc6864]
2021-06-14 13:07:24.219  INFO 22304 --- [main] c.m.a.s.AtmListServiceImplTest           : Starting AtmListServiceImplTest using Java 15.0.1 on INHYNASOMASI01 with PID 22304 (started by asomasi in C:\Users\asomasi\pincode\atms-list)
2021-06-14 13:07:24.222  INFO 22304 --- [main] c.m.a.s.AtmListServiceImplTest           : No active profile set, falling back to default profiles: default
2021-06-14 13:07:27.246  INFO 22304 --- [main] c.m.a.s.AtmListServiceImplTest           : Started AtmListServiceImplTest in 3.347 seconds (JVM running for 4.386)
2021-06-14 13:07:27.738 ERROR 22304 --- [main] o.s.test.context.TestContextManager      : Caught exception while allowing TestExecutionListener [org.springframework.boot.test.mock.mockito.MockitoTestExecutionListener@4189d70b] to prepare test instance [com.mobiquity.atms.serviceImpls.AtmListServiceImplTest@20fcea37]

org.mockito.exceptions.base.MockitoException: 
Cannot instantiate @InjectMocks field named 'atmListService'! Cause: the type 'AtmListService' is an interface.
You haven't provided the instance at field declaration so I tried to construct the instance.
Examples of correct usage of @InjectMocks:
   @InjectMocks Service service = new Service();
   @InjectMocks Service service;
   //and... don't forget about some @Mocks for injection :)

	at org.springframework.boot.test.mock.mockito.MockitoTestExecutionListener.initMocks(MockitoTestExecutionListener.java:83) ~[spring-boot-test-2.5.1.jar:2.5.1]
	at org.springframework.boot.test.mock.mockito.MockitoTestExecutionListener.prepareTestInstance(MockitoTestExecutionListener.java:60) ~[spring-boot-test-2.5.1.jar:2.5.1]
	at org.springframework.test.context.TestContextManager.prepareTestInstance(TestContextManager.java:244) ~[spring-test-5.3.8.jar:5.3.8]
	at org.springframework.test.context.junit.jupiter.SpringExtension.postProcessTestInstance(SpringExtension.java:138) ~[spring-test-5.3.8.jar:5.3.8]
	at org.junit.jupiter.engine.descriptor.ClassBasedTestDescriptor.lambda$invokeTestInstancePostProcessors$6(ClassBasedTestDescriptor.java:350) ~[junit-jupiter-engine-5.7.2.jar:5.7.2]
	at org.junit.jupiter.engine.descriptor.ClassBasedTestDescriptor.executeAndMaskThrowable(ClassBasedTestDescriptor.java:355) ~[junit-jupiter-engine-5.7.2.jar:5.7.2]
	at org.junit.jupiter.engine.descriptor.ClassBasedTestDescriptor.lambda$invokeTestInstancePostProcessors$7(ClassBasedTestDescriptor.java:350) ~[junit-jupiter-engine-5.7.2.jar:5.7.2]
	at java.base/java.util.stream.ReferencePipeline$3$1.accept(ReferencePipeline.java:195) ~[na:na]
	at java.base/java.util.stream.ReferencePipeline$2$1.accept(ReferencePipeline.java:177) ~[na:na]
	at java.base/java.util.ArrayList$ArrayListSpliterator.forEachRemaining(ArrayList.java:1625) ~[na:na]
	at java.base/java.util.stream.AbstractPipeline.copyInto(AbstractPipeline.java:484) ~[na:na]
	at java.base/java.util.stream.AbstractPipeline.wrapAndCopyInto(AbstractPipeline.java:474) ~[na:na]
	at java.base/java.util.stream.StreamSpliterators$WrappingSpliterator.forEachRemaining(StreamSpliterators.java:312) ~[na:na]
	at java.base/java.util.stream.Streams$ConcatSpliterator.forEachRemaining(Streams.java:735) ~[na:na]
	at java.base/java.util.stream.Streams$ConcatSpliterator.forEachRemaining(Streams.java:734) ~[na:na]
	at java.base/java.util.stream.ReferencePipeline$Head.forEach(ReferencePipeline.java:658) ~[na:na]
	at org.junit.jupiter.engine.descriptor.ClassBasedTestDescriptor.invokeTestInstancePostProcessors(ClassBasedTestDescriptor.java:349) ~[junit-jupiter-engine-5.7.2.jar:5.7.2]
	at org.junit.jupiter.engine.descriptor.ClassBasedTestDescriptor.lambda$instantiateAndPostProcessTestInstance$4(ClassBasedTestDescriptor.java:270) ~[junit-jupiter-engine-5.7.2.jar:5.7.2]
	at org.junit.platform.engine.support.hierarchical.ThrowableCollector.execute(ThrowableCollector.java:73) ~[junit-platform-engine-1.7.2.jar:1.7.2]
	at org.junit.jupiter.engine.descriptor.ClassBasedTestDescriptor.instantiateAndPostProcessTestInstance(ClassBasedTestDescriptor.java:269) ~[junit-jupiter-engine-5.7.2.jar:5.7.2]
	at org.junit.jupiter.engine.descriptor.ClassBasedTestDescriptor.lambda$testInstancesProvider$2(ClassBasedTestDescriptor.java:259) ~[junit-jupiter-engine-5.7.2.jar:5.7.2]
	at java.base/java.util.Optional.orElseGet(Optional.java:362) ~[na:na]
	at org.junit.jupiter.engine.descriptor.ClassBasedTestDescriptor.lambda$testInstancesProvider$3(ClassBasedTestDescriptor.java:258) ~[junit-jupiter-engine-5.7.2.jar:5.7.2]
	at org.junit.jupiter.engine.execution.TestInstancesProvider.getTestInstances(TestInstancesProvider.java:31) ~[junit-jupiter-engine-5.7.2.jar:5.7.2]
	at org.junit.jupiter.engine.descriptor.TestMethodTestDescriptor.lambda$prepare$0(TestMethodTestDescriptor.java:101) ~[junit-jupiter-engine-5.7.2.jar:5.7.2]
	at org.junit.platform.engine.support.hierarchical.ThrowableCollector.execute(ThrowableCollector.java:73) ~[junit-platform-engine-1.7.2.jar:1.7.2]
	at org.junit.jupiter.engine.descriptor.TestMethodTestDescriptor.prepare(TestMethodTestDescriptor.java:100) ~[junit-jupiter-engine-5.7.2.jar:5.7.2]
	at org.junit.jupiter.engine.descriptor.TestMethodTestDescriptor.prepare(TestMethodTestDescriptor.java:65) ~[junit-jupiter-engine-5.7.2.jar:5.7.2]
	at org.junit.platform.engine.support.hierarchical.NodeTestTask.lambda$prepare$1(NodeTestTask.java:111) ~[junit-platform-engine-1.7.2.jar:1.7.2]
	at org.junit.platform.engine.support.hierarchical.ThrowableCollector.execute(ThrowableCollector.java:73) ~[junit-platform-engine-1.7.2.jar:1.7.2]
	at org.junit.platform.engine.support.hierarchical.NodeTestTask.prepare(NodeTestTask.java:111) ~[junit-platform-engine-1.7.2.jar:1.7.2]
	at org.junit.platform.engine.support.hierarchical.NodeTestTask.execute(NodeTestTask.java:79) ~[junit-platform-engine-1.7.2.jar:1.7.2]
	at java.base/java.util.ArrayList.forEach(ArrayList.java:1511) ~[na:na]
	at org.junit.platform.engine.support.hierarchical.SameThreadHierarchicalTestExecutorService.invokeAll(SameThreadHierarchicalTestExecutorService.java:38) ~[junit-platform-engine-1.7.2.jar:1.7.2]
	at org.junit.platform.engine.support.hierarchical.NodeTestTask.lambda$executeRecursively$5(NodeTestTask.java:143) ~[junit-platform-engine-1.7.2.jar:1.7.2]
	at org.junit.platform.engine.support.hierarchical.ThrowableCollector.execute(ThrowableCollector.java:73) ~[junit-platform-engine-1.7.2.jar:1.7.2]
	at org.junit.platform.engine.support.hierarchical.NodeTestTask.lambda$executeRecursively$7(NodeTestTask.java:129) ~[junit-platform-engine-1.7.2.jar:1.7.2]
	at org.junit.platform.engine.support.hierarchical.Node.around(Node.java:137) ~[junit-platform-engine-1.7.2.jar:1.7.2]
	at org.junit.platform.engine.support.hierarchical.NodeTestTask.lambda$executeRecursively$8(NodeTestTask.java:127) ~[junit-platform-engine-1.7.2.jar:1.7.2]
	at org.junit.platform.engine.support.hierarchical.ThrowableCollector.execute(ThrowableCollector.java:73) ~[junit-platform-engine-1.7.2.jar:1.7.2]
	at org.junit.platform.engine.support.hierarchical.NodeTestTask.executeRecursively(NodeTestTask.java:126) ~[junit-platform-engine-1.7.2.jar:1.7.2]
	at org.junit.platform.engine.support.hierarchical.NodeTestTask.execute(NodeTestTask.java:84) ~[junit-platform-engine-1.7.2.jar:1.7.2]
	at java.base/java.util.ArrayList.forEach(ArrayList.java:1511) ~[na:na]
	at org.junit.platform.engine.support.hierarchical.SameThreadHierarchicalTestExecutorService.invokeAll(SameThreadHierarchicalTestExecutorService.java:38) ~[junit-platform-engine-1.7.2.jar:1.7.2]
	at org.junit.platform.engine.support.hierarchical.NodeTestTask.lambda$executeRecursively$5(NodeTestTask.java:143) ~[junit-platform-engine-1.7.2.jar:1.7.2]
	at org.junit.platform.engine.support.hierarchical.ThrowableCollector.execute(ThrowableCollector.java:73) ~[junit-platform-engine-1.7.2.jar:1.7.2]
	at org.junit.platform.engine.support.hierarchical.NodeTestTask.lambda$executeRecursively$7(NodeTestTask.java:129) ~[junit-platform-engine-1.7.2.jar:1.7.2]
	at org.junit.platform.engine.support.hierarchical.Node.around(Node.java:137) ~[junit-platform-engine-1.7.2.jar:1.7.2]
	at org.junit.platform.engine.support.hierarchical.NodeTestTask.lambda$executeRecursively$8(NodeTestTask.java:127) ~[junit-platform-engine-1.7.2.jar:1.7.2]
	at org.junit.platform.engine.support.hierarchical.ThrowableCollector.execute(ThrowableCollector.java:73) ~[junit-platform-engine-1.7.2.jar:1.7.2]
	at org.junit.platform.engine.support.hierarchical.NodeTestTask.executeRecursively(NodeTestTask.java:126) ~[junit-platform-engine-1.7.2.jar:1.7.2]
	at org.junit.platform.engine.support.hierarchical.NodeTestTask.execute(NodeTestTask.java:84) ~[junit-platform-engine-1.7.2.jar:1.7.2]
	at org.junit.platform.engine.support.hierarchical.SameThreadHierarchicalTestExecutorService.submit(SameThreadHierarchicalTestExecutorService.java:32) ~[junit-platform-engine-1.7.2.jar:1.7.2]
	at org.junit.platform.engine.support.hierarchical.HierarchicalTestExecutor.execute(HierarchicalTestExecutor.java:57) ~[junit-platform-engine-1.7.2.jar:1.7.2]
	at org.junit.platform.engine.support.hierarchical.HierarchicalTestEngine.execute(HierarchicalTestEngine.java:51) ~[junit-platform-engine-1.7.2.jar:1.7.2]
	at org.junit.platform.launcher.core.EngineExecutionOrchestrator.execute(EngineExecutionOrchestrator.java:108) ~[junit-platform-launcher-1.7.2.jar:1.7.2]
	at org.junit.platform.launcher.core.EngineExecutionOrchestrator.execute(EngineExecutionOrchestrator.java:88) ~[junit-platform-launcher-1.7.2.jar:1.7.2]
	at org.junit.platform.launcher.core.EngineExecutionOrchestrator.lambda$execute$0(EngineExecutionOrchestrator.java:54) ~[junit-platform-launcher-1.7.2.jar:1.7.2]
	at org.junit.platform.launcher.core.EngineExecutionOrchestrator.withInterceptedStreams(EngineExecutionOrchestrator.java:67) ~[junit-platform-launcher-1.7.2.jar:1.7.2]
	at org.junit.platform.launcher.core.EngineExecutionOrchestrator.execute(EngineExecutionOrchestrator.java:52) ~[junit-platform-launcher-1.7.2.jar:1.7.2]
	at org.junit.platform.launcher.core.DefaultLauncher.execute(DefaultLauncher.java:96) ~[junit-platform-launcher-1.7.2.jar:1.7.2]
	at org.junit.platform.launcher.core.DefaultLauncher.execute(DefaultLauncher.java:84) ~[junit-platform-launcher-1.7.2.jar:1.7.2]
	at org.eclipse.jdt.internal.junit5.runner.JUnit5TestReference.run(JUnit5TestReference.java:98) ~[.cp/:na]
	at org.eclipse.jdt.internal.junit.runner.TestExecution.run(TestExecution.java:41) ~[.cp/:na]
	at org.eclipse.jdt.internal.junit.runner.RemoteTestRunner.runTests(RemoteTestRunner.java:542) ~[.cp/:na]
	at org.eclipse.jdt.internal.junit.runner.RemoteTestRunner.runTests(RemoteTestRunner.java:770) ~[.cp/:na]
	at org.eclipse.jdt.internal.junit.runner.RemoteTestRunner.run(RemoteTestRunner.java:464) ~[.cp/:na]
	at org.eclipse.jdt.internal.junit.runner.RemoteTestRunner.main(RemoteTestRunner.java:210) ~[.cp/:na]

2021-06-14 13:07:27.753 ERROR 22304 --- [main] o.s.test.context.TestContextManager      : Caught exception while allowing TestExecutionListener [org.springframework.boot.test.mock.mockito.MockitoTestExecutionListener@4189d70b] to prepare test instance [com.mobiquity.atms.serviceImpls.AtmListServiceImplTest@2987d0fa]

org.mockito.exceptions.base.MockitoException: 
Cannot instantiate @InjectMocks field named 'atmListService'! Cause: the type 'AtmListService' is an interface.
You haven't provided the instance at field declaration so I tried to construct the instance.
Examples of correct usage of @InjectMocks:
   @InjectMocks Service service = new Service();
   @InjectMocks Service service;
   //and... don't forget about some @Mocks for injection :)

	at org.springframework.boot.test.mock.mockito.MockitoTestExecutionListener.initMocks(MockitoTestExecutionListener.java:83) ~[spring-boot-test-2.5.1.jar:2.5.1]
	at org.springframework.boot.test.mock.mockito.MockitoTestExecutionListener.prepareTestInstance(MockitoTestExecutionListener.java:60) ~[spring-boot-test-2.5.1.jar:2.5.1]
	at org.springframework.test.context.TestContextManager.prepareTestInstance(TestContextManager.java:244) ~[spring-test-5.3.8.jar:5.3.8]
	at org.springframework.test.context.junit.jupiter.SpringExtension.postProcessTestInstance(SpringExtension.java:138) ~[spring-test-5.3.8.jar:5.3.8]
	at org.junit.jupiter.engine.descriptor.ClassBasedTestDescriptor.lambda$invokeTestInstancePostProcessors$6(ClassBasedTestDescriptor.java:350) ~[junit-jupiter-engine-5.7.2.jar:5.7.2]
	at org.junit.jupiter.engine.descriptor.ClassBasedTestDescriptor.executeAndMaskThrowable(ClassBasedTestDescriptor.java:355) ~[junit-jupiter-engine-5.7.2.jar:5.7.2]
	at org.junit.jupiter.engine.descriptor.ClassBasedTestDescriptor.lambda$invokeTestInstancePostProcessors$7(ClassBasedTestDescriptor.java:350) ~[junit-jupiter-engine-5.7.2.jar:5.7.2]
	at java.base/java.util.stream.ReferencePipeline$3$1.accept(ReferencePipeline.java:195) ~[na:na]
	at java.base/java.util.stream.ReferencePipeline$2$1.accept(ReferencePipeline.java:177) ~[na:na]
	at java.base/java.util.ArrayList$ArrayListSpliterator.forEachRemaining(ArrayList.java:1625) ~[na:na]
	at java.base/java.util.stream.AbstractPipeline.copyInto(AbstractPipeline.java:484) ~[na:na]
	at java.base/java.util.stream.AbstractPipeline.wrapAndCopyInto(AbstractPipeline.java:474) ~[na:na]
	at java.base/java.util.stream.StreamSpliterators$WrappingSpliterator.forEachRemaining(StreamSpliterators.java:312) ~[na:na]
	at java.base/java.util.stream.Streams$ConcatSpliterator.forEachRemaining(Streams.java:735) ~[na:na]
	at java.base/java.util.stream.Streams$ConcatSpliterator.forEachRemaining(Streams.java:734) ~[na:na]
	at java.base/java.util.stream.ReferencePipeline$Head.forEach(ReferencePipeline.java:658) ~[na:na]
	at org.junit.jupiter.engine.descriptor.ClassBasedTestDescriptor.invokeTestInstancePostProcessors(ClassBasedTestDescriptor.java:349) ~[junit-jupiter-engine-5.7.2.jar:5.7.2]
	at org.junit.jupiter.engine.descriptor.ClassBasedTestDescriptor.lambda$instantiateAndPostProcessTestInstance$4(ClassBasedTestDescriptor.java:270) ~[junit-jupiter-engine-5.7.2.jar:5.7.2]
	at org.junit.platform.engine.support.hierarchical.ThrowableCollector.execute(ThrowableCollector.java:73) ~[junit-platform-engine-1.7.2.jar:1.7.2]
	at org.junit.jupiter.engine.descriptor.ClassBasedTestDescriptor.instantiateAndPostProcessTestInstance(ClassBasedTestDescriptor.java:269) ~[junit-jupiter-engine-5.7.2.jar:5.7.2]
	at org.junit.jupiter.engine.descriptor.ClassBasedTestDescriptor.lambda$testInstancesProvider$2(ClassBasedTestDescriptor.java:259) ~[junit-jupiter-engine-5.7.2.jar:5.7.2]
	at java.base/java.util.Optional.orElseGet(Optional.java:362) ~[na:na]
	at org.junit.jupiter.engine.descriptor.ClassBasedTestDescriptor.lambda$testInstancesProvider$3(ClassBasedTestDescriptor.java:258) ~[junit-jupiter-engine-5.7.2.jar:5.7.2]
	at org.junit.jupiter.engine.execution.TestInstancesProvider.getTestInstances(TestInstancesProvider.java:31) ~[junit-jupiter-engine-5.7.2.jar:5.7.2]
	at org.junit.jupiter.engine.descriptor.TestMethodTestDescriptor.lambda$prepare$0(TestMethodTestDescriptor.java:101) ~[junit-jupiter-engine-5.7.2.jar:5.7.2]
	at org.junit.platform.engine.support.hierarchical.ThrowableCollector.execute(ThrowableCollector.java:73) ~[junit-platform-engine-1.7.2.jar:1.7.2]
	at org.junit.jupiter.engine.descriptor.TestMethodTestDescriptor.prepare(TestMethodTestDescriptor.java:100) ~[junit-jupiter-engine-5.7.2.jar:5.7.2]
	at org.junit.jupiter.engine.descriptor.TestMethodTestDescriptor.prepare(TestMethodTestDescriptor.java:65) ~[junit-jupiter-engine-5.7.2.jar:5.7.2]
	at org.junit.platform.engine.support.hierarchical.NodeTestTask.lambda$prepare$1(NodeTestTask.java:111) ~[junit-platform-engine-1.7.2.jar:1.7.2]
	at org.junit.platform.engine.support.hierarchical.ThrowableCollector.execute(ThrowableCollector.java:73) ~[junit-platform-engine-1.7.2.jar:1.7.2]
	at org.junit.platform.engine.support.hierarchical.NodeTestTask.prepare(NodeTestTask.java:111) ~[junit-platform-engine-1.7.2.jar:1.7.2]
	at org.junit.platform.engine.support.hierarchical.NodeTestTask.execute(NodeTestTask.java:79) ~[junit-platform-engine-1.7.2.jar:1.7.2]
	at java.base/java.util.ArrayList.forEach(ArrayList.java:1511) ~[na:na]
	at org.junit.platform.engine.support.hierarchical.SameThreadHierarchicalTestExecutorService.invokeAll(SameThreadHierarchicalTestExecutorService.java:38) ~[junit-platform-engine-1.7.2.jar:1.7.2]
	at org.junit.platform.engine.support.hierarchical.NodeTestTask.lambda$executeRecursively$5(NodeTestTask.java:143) ~[junit-platform-engine-1.7.2.jar:1.7.2]
	at org.junit.platform.engine.support.hierarchical.ThrowableCollector.execute(ThrowableCollector.java:73) ~[junit-platform-engine-1.7.2.jar:1.7.2]
	at org.junit.platform.engine.support.hierarchical.NodeTestTask.lambda$executeRecursively$7(NodeTestTask.java:129) ~[junit-platform-engine-1.7.2.jar:1.7.2]
	at org.junit.platform.engine.support.hierarchical.Node.around(Node.java:137) ~[junit-platform-engine-1.7.2.jar:1.7.2]
	at org.junit.platform.engine.support.hierarchical.NodeTestTask.lambda$executeRecursively$8(NodeTestTask.java:127) ~[junit-platform-engine-1.7.2.jar:1.7.2]
	at org.junit.platform.engine.support.hierarchical.ThrowableCollector.execute(ThrowableCollector.java:73) ~[junit-platform-engine-1.7.2.jar:1.7.2]
	at org.junit.platform.engine.support.hierarchical.NodeTestTask.executeRecursively(NodeTestTask.java:126) ~[junit-platform-engine-1.7.2.jar:1.7.2]
	at org.junit.platform.engine.support.hierarchical.NodeTestTask.execute(NodeTestTask.java:84) ~[junit-platform-engine-1.7.2.jar:1.7.2]
	at java.base/java.util.ArrayList.forEach(ArrayList.java:1511) ~[na:na]
	at org.junit.platform.engine.support.hierarchical.SameThreadHierarchicalTestExecutorService.invokeAll(SameThreadHierarchicalTestExecutorService.java:38) ~[junit-platform-engine-1.7.2.jar:1.7.2]
	at org.junit.platform.engine.support.hierarchical.NodeTestTask.lambda$executeRecursively$5(NodeTestTask.java:143) ~[junit-platform-engine-1.7.2.jar:1.7.2]
	at org.junit.platform.engine.support.hierarchical.ThrowableCollector.execute(ThrowableCollector.java:73) ~[junit-platform-engine-1.7.2.jar:1.7.2]
	at org.junit.platform.engine.support.hierarchical.NodeTestTask.lambda$executeRecursively$7(NodeTestTask.java:129) ~[junit-platform-engine-1.7.2.jar:1.7.2]
	at org.junit.platform.engine.support.hierarchical.Node.around(Node.java:137) ~[junit-platform-engine-1.7.2.jar:1.7.2]
	at org.junit.platform.engine.support.hierarchical.NodeTestTask.lambda$executeRecursively$8(NodeTestTask.java:127) ~[junit-platform-engine-1.7.2.jar:1.7.2]
	at org.junit.platform.engine.support.hierarchical.ThrowableCollector.execute(ThrowableCollector.java:73) ~[junit-platform-engine-1.7.2.jar:1.7.2]
	at org.junit.platform.engine.support.hierarchical.NodeTestTask.executeRecursively(NodeTestTask.java:126) ~[junit-platform-engine-1.7.2.jar:1.7.2]
	at org.junit.platform.engine.support.hierarchical.NodeTestTask.execute(NodeTestTask.java:84) ~[junit-platform-engine-1.7.2.jar:1.7.2]
	at org.junit.platform.engine.support.hierarchical.SameThreadHierarchicalTestExecutorService.submit(SameThreadHierarchicalTestExecutorService.java:32) ~[junit-platform-engine-1.7.2.jar:1.7.2]
	at org.junit.platform.engine.support.hierarchical.HierarchicalTestExecutor.execute(HierarchicalTestExecutor.java:57) ~[junit-platform-engine-1.7.2.jar:1.7.2]
	at org.junit.platform.engine.support.hierarchical.HierarchicalTestEngine.execute(HierarchicalTestEngine.java:51) ~[junit-platform-engine-1.7.2.jar:1.7.2]
	at org.junit.platform.launcher.core.EngineExecutionOrchestrator.execute(EngineExecutionOrchestrator.java:108) ~[junit-platform-launcher-1.7.2.jar:1.7.2]
	at org.junit.platform.launcher.core.EngineExecutionOrchestrator.execute(EngineExecutionOrchestrator.java:88) ~[junit-platform-launcher-1.7.2.jar:1.7.2]
	at org.junit.platform.launcher.core.EngineExecutionOrchestrator.lambda$execute$0(EngineExecutionOrchestrator.java:54) ~[junit-platform-launcher-1.7.2.jar:1.7.2]
	at org.junit.platform.launcher.core.EngineExecutionOrchestrator.withInterceptedStreams(EngineExecutionOrchestrator.java:67) ~[junit-platform-launcher-1.7.2.jar:1.7.2]
	at org.junit.platform.launcher.core.EngineExecutionOrchestrator.execute(EngineExecutionOrchestrator.java:52) ~[junit-platform-launcher-1.7.2.jar:1.7.2]
	at org.junit.platform.launcher.core.DefaultLauncher.execute(DefaultLauncher.java:96) ~[junit-platform-launcher-1.7.2.jar:1.7.2]
	at org.junit.platform.launcher.core.DefaultLauncher.execute(DefaultLauncher.java:84) ~[junit-platform-launcher-1.7.2.jar:1.7.2]
	at org.eclipse.jdt.internal.junit5.runner.JUnit5TestReference.run(JUnit5TestReference.java:98) ~[.cp/:na]
	at org.eclipse.jdt.internal.junit.runner.TestExecution.run(TestExecution.java:41) ~[.cp/:na]
	at org.eclipse.jdt.internal.junit.runner.RemoteTestRunner.runTests(RemoteTestRunner.java:542) ~[.cp/:na]
	at org.eclipse.jdt.internal.junit.runner.RemoteTestRunner.runTests(RemoteTestRunner.java:770) ~[.cp/:na]
	at org.eclipse.jdt.internal.junit.runner.RemoteTestRunner.run(RemoteTestRunner.java:464) ~[.cp/:na]
	at org.eclipse.jdt.internal.junit.runner.RemoteTestRunner.main(RemoteTestRunner.java:210) ~[.cp/:na]

2021-06-14 13:07:27.755 ERROR 22304 --- [main] o.s.test.context.TestContextManager      : Caught exception while allowing TestExecutionListener [org.springframework.boot.test.mock.mockito.MockitoTestExecutionListener@4189d70b] to prepare test instance [com.mobiquity.atms.serviceImpls.AtmListServiceImplTest@39374689]

org.mockito.exceptions.base.MockitoException: 
Cannot instantiate @InjectMocks field named 'atmListService'! Cause: the type 'AtmListService' is an interface.
You haven't provided the instance at field declaration so I tried to construct the instance.
Examples of correct usage of @InjectMocks:
   @InjectMocks Service service = new Service();
   @InjectMocks Service service;
   //and... don't forget about some @Mocks for injection :)

	at org.springframework.boot.test.mock.mockito.MockitoTestExecutionListener.initMocks(MockitoTestExecutionListener.java:83) ~[spring-boot-test-2.5.1.jar:2.5.1]
	at org.springframework.boot.test.mock.mockito.MockitoTestExecutionListener.prepareTestInstance(MockitoTestExecutionListener.java:60) ~[spring-boot-test-2.5.1.jar:2.5.1]
	at org.springframework.test.context.TestContextManager.prepareTestInstance(TestContextManager.java:244) ~[spring-test-5.3.8.jar:5.3.8]
	at org.springframework.test.context.junit.jupiter.SpringExtension.postProcessTestInstance(SpringExtension.java:138) ~[spring-test-5.3.8.jar:5.3.8]
	at org.junit.jupiter.engine.descriptor.ClassBasedTestDescriptor.lambda$invokeTestInstancePostProcessors$6(ClassBasedTestDescriptor.java:350) ~[junit-jupiter-engine-5.7.2.jar:5.7.2]
	at org.junit.jupiter.engine.descriptor.ClassBasedTestDescriptor.executeAndMaskThrowable(ClassBasedTestDescriptor.java:355) ~[junit-jupiter-engine-5.7.2.jar:5.7.2]
	at org.junit.jupiter.engine.descriptor.ClassBasedTestDescriptor.lambda$invokeTestInstancePostProcessors$7(ClassBasedTestDescriptor.java:350) ~[junit-jupiter-engine-5.7.2.jar:5.7.2]
	at java.base/java.util.stream.ReferencePipeline$3$1.accept(ReferencePipeline.java:195) ~[na:na]
	at java.base/java.util.stream.ReferencePipeline$2$1.accept(ReferencePipeline.java:177) ~[na:na]
	at java.base/java.util.ArrayList$ArrayListSpliterator.forEachRemaining(ArrayList.java:1625) ~[na:na]
	at java.base/java.util.stream.AbstractPipeline.copyInto(AbstractPipeline.java:484) ~[na:na]
	at java.base/java.util.stream.AbstractPipeline.wrapAndCopyInto(AbstractPipeline.java:474) ~[na:na]
	at java.base/java.util.stream.StreamSpliterators$WrappingSpliterator.forEachRemaining(StreamSpliterators.java:312) ~[na:na]
	at java.base/java.util.stream.Streams$ConcatSpliterator.forEachRemaining(Streams.java:735) ~[na:na]
	at java.base/java.util.stream.Streams$ConcatSpliterator.forEachRemaining(Streams.java:734) ~[na:na]
	at java.base/java.util.stream.ReferencePipeline$Head.forEach(ReferencePipeline.java:658) ~[na:na]
	at org.junit.jupiter.engine.descriptor.ClassBasedTestDescriptor.invokeTestInstancePostProcessors(ClassBasedTestDescriptor.java:349) ~[junit-jupiter-engine-5.7.2.jar:5.7.2]
	at org.junit.jupiter.engine.descriptor.ClassBasedTestDescriptor.lambda$instantiateAndPostProcessTestInstance$4(ClassBasedTestDescriptor.java:270) ~[junit-jupiter-engine-5.7.2.jar:5.7.2]
	at org.junit.platform.engine.support.hierarchical.ThrowableCollector.execute(ThrowableCollector.java:73) ~[junit-platform-engine-1.7.2.jar:1.7.2]
	at org.junit.jupiter.engine.descriptor.ClassBasedTestDescriptor.instantiateAndPostProcessTestInstance(ClassBasedTestDescriptor.java:269) ~[junit-jupiter-engine-5.7.2.jar:5.7.2]
	at org.junit.jupiter.engine.descriptor.ClassBasedTestDescriptor.lambda$testInstancesProvider$2(ClassBasedTestDescriptor.java:259) ~[junit-jupiter-engine-5.7.2.jar:5.7.2]
	at java.base/java.util.Optional.orElseGet(Optional.java:362) ~[na:na]
	at org.junit.jupiter.engine.descriptor.ClassBasedTestDescriptor.lambda$testInstancesProvider$3(ClassBasedTestDescriptor.java:258) ~[junit-jupiter-engine-5.7.2.jar:5.7.2]
	at org.junit.jupiter.engine.execution.TestInstancesProvider.getTestInstances(TestInstancesProvider.java:31) ~[junit-jupiter-engine-5.7.2.jar:5.7.2]
	at org.junit.jupiter.engine.descriptor.TestMethodTestDescriptor.lambda$prepare$0(TestMethodTestDescriptor.java:101) ~[junit-jupiter-engine-5.7.2.jar:5.7.2]
	at org.junit.platform.engine.support.hierarchical.ThrowableCollector.execute(ThrowableCollector.java:73) ~[junit-platform-engine-1.7.2.jar:1.7.2]
	at org.junit.jupiter.engine.descriptor.TestMethodTestDescriptor.prepare(TestMethodTestDescriptor.java:100) ~[junit-jupiter-engine-5.7.2.jar:5.7.2]
	at org.junit.jupiter.engine.descriptor.TestMethodTestDescriptor.prepare(TestMethodTestDescriptor.java:65) ~[junit-jupiter-engine-5.7.2.jar:5.7.2]
	at org.junit.platform.engine.support.hierarchical.NodeTestTask.lambda$prepare$1(NodeTestTask.java:111) ~[junit-platform-engine-1.7.2.jar:1.7.2]
	at org.junit.platform.engine.support.hierarchical.ThrowableCollector.execute(ThrowableCollector.java:73) ~[junit-platform-engine-1.7.2.jar:1.7.2]
	at org.junit.platform.engine.support.hierarchical.NodeTestTask.prepare(NodeTestTask.java:111) ~[junit-platform-engine-1.7.2.jar:1.7.2]
	at org.junit.platform.engine.support.hierarchical.NodeTestTask.execute(NodeTestTask.java:79) ~[junit-platform-engine-1.7.2.jar:1.7.2]
	at java.base/java.util.ArrayList.forEach(ArrayList.java:1511) ~[na:na]
	at org.junit.platform.engine.support.hierarchical.SameThreadHierarchicalTestExecutorService.invokeAll(SameThreadHierarchicalTestExecutorService.java:38) ~[junit-platform-engine-1.7.2.jar:1.7.2]
	at org.junit.platform.engine.support.hierarchical.NodeTestTask.lambda$executeRecursively$5(NodeTestTask.java:143) ~[junit-platform-engine-1.7.2.jar:1.7.2]
	at org.junit.platform.engine.support.hierarchical.ThrowableCollector.execute(ThrowableCollector.java:73) ~[junit-platform-engine-1.7.2.jar:1.7.2]
	at org.junit.platform.engine.support.hierarchical.NodeTestTask.lambda$executeRecursively$7(NodeTestTask.java:129) ~[junit-platform-engine-1.7.2.jar:1.7.2]
	at org.junit.platform.engine.support.hierarchical.Node.around(Node.java:137) ~[junit-platform-engine-1.7.2.jar:1.7.2]
	at org.junit.platform.engine.support.hierarchical.NodeTestTask.lambda$executeRecursively$8(NodeTestTask.java:127) ~[junit-platform-engine-1.7.2.jar:1.7.2]
	at org.junit.platform.engine.support.hierarchical.ThrowableCollector.execute(ThrowableCollector.java:73) ~[junit-platform-engine-1.7.2.jar:1.7.2]
	at org.junit.platform.engine.support.hierarchical.NodeTestTask.executeRecursively(NodeTestTask.java:126) ~[junit-platform-engine-1.7.2.jar:1.7.2]
	at org.junit.platform.engine.support.hierarchical.NodeTestTask.execute(NodeTestTask.java:84) ~[junit-platform-engine-1.7.2.jar:1.7.2]
	at java.base/java.util.ArrayList.forEach(ArrayList.java:1511) ~[na:na]
	at org.junit.platform.engine.support.hierarchical.SameThreadHierarchicalTestExecutorService.invokeAll(SameThreadHierarchicalTestExecutorService.java:38) ~[junit-platform-engine-1.7.2.jar:1.7.2]
	at org.junit.platform.engine.support.hierarchical.NodeTestTask.lambda$executeRecursively$5(NodeTestTask.java:143) ~[junit-platform-engine-1.7.2.jar:1.7.2]
	at org.junit.platform.engine.support.hierarchical.ThrowableCollector.execute(ThrowableCollector.java:73) ~[junit-platform-engine-1.7.2.jar:1.7.2]
	at org.junit.platform.engine.support.hierarchical.NodeTestTask.lambda$executeRecursively$7(NodeTestTask.java:129) ~[junit-platform-engine-1.7.2.jar:1.7.2]
	at org.junit.platform.engine.support.hierarchical.Node.around(Node.java:137) ~[junit-platform-engine-1.7.2.jar:1.7.2]
	at org.junit.platform.engine.support.hierarchical.NodeTestTask.lambda$executeRecursively$8(NodeTestTask.java:127) ~[junit-platform-engine-1.7.2.jar:1.7.2]
	at org.junit.platform.engine.support.hierarchical.ThrowableCollector.execute(ThrowableCollector.java:73) ~[junit-platform-engine-1.7.2.jar:1.7.2]
	at org.junit.platform.engine.support.hierarchical.NodeTestTask.executeRecursively(NodeTestTask.java:126) ~[junit-platform-engine-1.7.2.jar:1.7.2]
	at org.junit.platform.engine.support.hierarchical.NodeTestTask.execute(NodeTestTask.java:84) ~[junit-platform-engine-1.7.2.jar:1.7.2]
	at org.junit.platform.engine.support.hierarchical.SameThreadHierarchicalTestExecutorService.submit(SameThreadHierarchicalTestExecutorService.java:32) ~[junit-platform-engine-1.7.2.jar:1.7.2]
	at org.junit.platform.engine.support.hierarchical.HierarchicalTestExecutor.execute(HierarchicalTestExecutor.java:57) ~[junit-platform-engine-1.7.2.jar:1.7.2]
	at org.junit.platform.engine.support.hierarchical.HierarchicalTestEngine.execute(HierarchicalTestEngine.java:51) ~[junit-platform-engine-1.7.2.jar:1.7.2]
	at org.junit.platform.launcher.core.EngineExecutionOrchestrator.execute(EngineExecutionOrchestrator.java:108) ~[junit-platform-launcher-1.7.2.jar:1.7.2]
	at org.junit.platform.launcher.core.EngineExecutionOrchestrator.execute(EngineExecutionOrchestrator.java:88) ~[junit-platform-launcher-1.7.2.jar:1.7.2]
	at org.junit.platform.launcher.core.EngineExecutionOrchestrator.lambda$execute$0(EngineExecutionOrchestrator.java:54) ~[junit-platform-launcher-1.7.2.jar:1.7.2]
	at org.junit.platform.launcher.core.EngineExecutionOrchestrator.withInterceptedStreams(EngineExecutionOrchestrator.java:67) ~[junit-platform-launcher-1.7.2.jar:1.7.2]
	at org.junit.platform.launcher.core.EngineExecutionOrchestrator.execute(EngineExecutionOrchestrator.java:52) ~[junit-platform-launcher-1.7.2.jar:1.7.2]
	at org.junit.platform.launcher.core.DefaultLauncher.execute(DefaultLauncher.java:96) ~[junit-platform-launcher-1.7.2.jar:1.7.2]
	at org.junit.platform.launcher.core.DefaultLauncher.execute(DefaultLauncher.java:84) ~[junit-platform-launcher-1.7.2.jar:1.7.2]
	at org.eclipse.jdt.internal.junit5.runner.JUnit5TestReference.run(JUnit5TestReference.java:98) ~[.cp/:na]
	at org.eclipse.jdt.internal.junit.runner.TestExecution.run(TestExecution.java:41) ~[.cp/:na]
	at org.eclipse.jdt.internal.junit.runner.RemoteTestRunner.runTests(RemoteTestRunner.java:542) ~[.cp/:na]
	at org.eclipse.jdt.internal.junit.runner.RemoteTestRunner.runTests(RemoteTestRunner.java:770) ~[.cp/:na]
	at org.eclipse.jdt.internal.junit.runner.RemoteTestRunner.run(RemoteTestRunner.java:464) ~[.cp/:na]
	at org.eclipse.jdt.internal.junit.runner.RemoteTestRunner.main(RemoteTestRunner.java:210) ~[.cp/:na]

2021-06-14 13:07:27.761 ERROR 22304 --- [main] o.s.test.context.TestContextManager      : Caught exception while allowing TestExecutionListener [org.springframework.boot.test.mock.mockito.MockitoTestExecutionListener@4189d70b] to prepare test instance [com.mobiquity.atms.serviceImpls.AtmListServiceImplTest@a95cb11]

org.mockito.exceptions.base.MockitoException: 
Cannot instantiate @InjectMocks field named 'atmListService'! Cause: the type 'AtmListService' is an interface.
You haven't provided the instance at field declaration so I tried to construct the instance.
Examples of correct usage of @InjectMocks:
   @InjectMocks Service service = new Service();
   @InjectMocks Service service;
   //and... don't forget about some @Mocks for injection :)

	at org.springframework.boot.test.mock.mockito.MockitoTestExecutionListener.initMocks(MockitoTestExecutionListener.java:83) ~[spring-boot-test-2.5.1.jar:2.5.1]
	at org.springframework.boot.test.mock.mockito.MockitoTestExecutionListener.prepareTestInstance(MockitoTestExecutionListener.java:60) ~[spring-boot-test-2.5.1.jar:2.5.1]
	at org.springframework.test.context.TestContextManager.prepareTestInstance(TestContextManager.java:244) ~[spring-test-5.3.8.jar:5.3.8]
	at org.springframework.test.context.junit.jupiter.SpringExtension.postProcessTestInstance(SpringExtension.java:138) ~[spring-test-5.3.8.jar:5.3.8]
	at org.junit.jupiter.engine.descriptor.ClassBasedTestDescriptor.lambda$invokeTestInstancePostProcessors$6(ClassBasedTestDescriptor.java:350) ~[junit-jupiter-engine-5.7.2.jar:5.7.2]
	at org.junit.jupiter.engine.descriptor.ClassBasedTestDescriptor.executeAndMaskThrowable(ClassBasedTestDescriptor.java:355) ~[junit-jupiter-engine-5.7.2.jar:5.7.2]
	at org.junit.jupiter.engine.descriptor.ClassBasedTestDescriptor.lambda$invokeTestInstancePostProcessors$7(ClassBasedTestDescriptor.java:350) ~[junit-jupiter-engine-5.7.2.jar:5.7.2]
	at java.base/java.util.stream.ReferencePipeline$3$1.accept(ReferencePipeline.java:195) ~[na:na]
	at java.base/java.util.stream.ReferencePipeline$2$1.accept(ReferencePipeline.java:177) ~[na:na]
	at java.base/java.util.ArrayList$ArrayListSpliterator.forEachRemaining(ArrayList.java:1625) ~[na:na]
	at java.base/java.util.stream.AbstractPipeline.copyInto(AbstractPipeline.java:484) ~[na:na]
	at java.base/java.util.stream.AbstractPipeline.wrapAndCopyInto(AbstractPipeline.java:474) ~[na:na]
	at java.base/java.util.stream.StreamSpliterators$WrappingSpliterator.forEachRemaining(StreamSpliterators.java:312) ~[na:na]
	at java.base/java.util.stream.Streams$ConcatSpliterator.forEachRemaining(Streams.java:735) ~[na:na]
	at java.base/java.util.stream.Streams$ConcatSpliterator.forEachRemaining(Streams.java:734) ~[na:na]
	at java.base/java.util.stream.ReferencePipeline$Head.forEach(ReferencePipeline.java:658) ~[na:na]
	at org.junit.jupiter.engine.descriptor.ClassBasedTestDescriptor.invokeTestInstancePostProcessors(ClassBasedTestDescriptor.java:349) ~[junit-jupiter-engine-5.7.2.jar:5.7.2]
	at org.junit.jupiter.engine.descriptor.ClassBasedTestDescriptor.lambda$instantiateAndPostProcessTestInstance$4(ClassBasedTestDescriptor.java:270) ~[junit-jupiter-engine-5.7.2.jar:5.7.2]
	at org.junit.platform.engine.support.hierarchical.ThrowableCollector.execute(ThrowableCollector.java:73) ~[junit-platform-engine-1.7.2.jar:1.7.2]
	at org.junit.jupiter.engine.descriptor.ClassBasedTestDescriptor.instantiateAndPostProcessTestInstance(ClassBasedTestDescriptor.java:269) ~[junit-jupiter-engine-5.7.2.jar:5.7.2]
	at org.junit.jupiter.engine.descriptor.ClassBasedTestDescriptor.lambda$testInstancesProvider$2(ClassBasedTestDescriptor.java:259) ~[junit-jupiter-engine-5.7.2.jar:5.7.2]
	at java.base/java.util.Optional.orElseGet(Optional.java:362) ~[na:na]
	at org.junit.jupiter.engine.descriptor.ClassBasedTestDescriptor.lambda$testInstancesProvider$3(ClassBasedTestDescriptor.java:258) ~[junit-jupiter-engine-5.7.2.jar:5.7.2]
	at org.junit.jupiter.engine.execution.TestInstancesProvider.getTestInstances(TestInstancesProvider.java:31) ~[junit-jupiter-engine-5.7.2.jar:5.7.2]
	at org.junit.jupiter.engine.descriptor.TestMethodTestDescriptor.lambda$prepare$0(TestMethodTestDescriptor.java:101) ~[junit-jupiter-engine-5.7.2.jar:5.7.2]
	at org.junit.platform.engine.support.hierarchical.ThrowableCollector.execute(ThrowableCollector.java:73) ~[junit-platform-engine-1.7.2.jar:1.7.2]
	at org.junit.jupiter.engine.descriptor.TestMethodTestDescriptor.prepare(TestMethodTestDescriptor.java:100) ~[junit-jupiter-engine-5.7.2.jar:5.7.2]
	at org.junit.jupiter.engine.descriptor.TestMethodTestDescriptor.prepare(TestMethodTestDescriptor.java:65) ~[junit-jupiter-engine-5.7.2.jar:5.7.2]
	at org.junit.platform.engine.support.hierarchical.NodeTestTask.lambda$prepare$1(NodeTestTask.java:111) ~[junit-platform-engine-1.7.2.jar:1.7.2]
	at org.junit.platform.engine.support.hierarchical.ThrowableCollector.execute(ThrowableCollector.java:73) ~[junit-platform-engine-1.7.2.jar:1.7.2]
	at org.junit.platform.engine.support.hierarchical.NodeTestTask.prepare(NodeTestTask.java:111) ~[junit-platform-engine-1.7.2.jar:1.7.2]
	at org.junit.platform.engine.support.hierarchical.NodeTestTask.execute(NodeTestTask.java:79) ~[junit-platform-engine-1.7.2.jar:1.7.2]
	at java.base/java.util.ArrayList.forEach(ArrayList.java:1511) ~[na:na]
	at org.junit.platform.engine.support.hierarchical.SameThreadHierarchicalTestExecutorService.invokeAll(SameThreadHierarchicalTestExecutorService.java:38) ~[junit-platform-engine-1.7.2.jar:1.7.2]
	at org.junit.platform.engine.support.hierarchical.NodeTestTask.lambda$executeRecursively$5(NodeTestTask.java:143) ~[junit-platform-engine-1.7.2.jar:1.7.2]
	at org.junit.platform.engine.support.hierarchical.ThrowableCollector.execute(ThrowableCollector.java:73) ~[junit-platform-engine-1.7.2.jar:1.7.2]
	at org.junit.platform.engine.support.hierarchical.NodeTestTask.lambda$executeRecursively$7(NodeTestTask.java:129) ~[junit-platform-engine-1.7.2.jar:1.7.2]
	at org.junit.platform.engine.support.hierarchical.Node.around(Node.java:137) ~[junit-platform-engine-1.7.2.jar:1.7.2]
	at org.junit.platform.engine.support.hierarchical.NodeTestTask.lambda$executeRecursively$8(NodeTestTask.java:127) ~[junit-platform-engine-1.7.2.jar:1.7.2]
	at org.junit.platform.engine.support.hierarchical.ThrowableCollector.execute(ThrowableCollector.java:73) ~[junit-platform-engine-1.7.2.jar:1.7.2]
	at org.junit.platform.engine.support.hierarchical.NodeTestTask.executeRecursively(NodeTestTask.java:126) ~[junit-platform-engine-1.7.2.jar:1.7.2]
	at org.junit.platform.engine.support.hierarchical.NodeTestTask.execute(NodeTestTask.java:84) ~[junit-platform-engine-1.7.2.jar:1.7.2]
	at java.base/java.util.ArrayList.forEach(ArrayList.java:1511) ~[na:na]
	at org.junit.platform.engine.support.hierarchical.SameThreadHierarchicalTestExecutorService.invokeAll(SameThreadHierarchicalTestExecutorService.java:38) ~[junit-platform-engine-1.7.2.jar:1.7.2]
	at org.junit.platform.engine.support.hierarchical.NodeTestTask.lambda$executeRecursively$5(NodeTestTask.java:143) ~[junit-platform-engine-1.7.2.jar:1.7.2]
	at org.junit.platform.engine.support.hierarchical.ThrowableCollector.execute(ThrowableCollector.java:73) ~[junit-platform-engine-1.7.2.jar:1.7.2]
	at org.junit.platform.engine.support.hierarchical.NodeTestTask.lambda$executeRecursively$7(NodeTestTask.java:129) ~[junit-platform-engine-1.7.2.jar:1.7.2]
	at org.junit.platform.engine.support.hierarchical.Node.around(Node.java:137) ~[junit-platform-engine-1.7.2.jar:1.7.2]
	at org.junit.platform.engine.support.hierarchical.NodeTestTask.lambda$executeRecursively$8(NodeTestTask.java:127) ~[junit-platform-engine-1.7.2.jar:1.7.2]
	at org.junit.platform.engine.support.hierarchical.ThrowableCollector.execute(ThrowableCollector.java:73) ~[junit-platform-engine-1.7.2.jar:1.7.2]
	at org.junit.platform.engine.support.hierarchical.NodeTestTask.executeRecursively(NodeTestTask.java:126) ~[junit-platform-engine-1.7.2.jar:1.7.2]
	at org.junit.platform.engine.support.hierarchical.NodeTestTask.execute(NodeTestTask.java:84) ~[junit-platform-engine-1.7.2.jar:1.7.2]
	at org.junit.platform.engine.support.hierarchical.SameThreadHierarchicalTestExecutorService.submit(SameThreadHierarchicalTestExecutorService.java:32) ~[junit-platform-engine-1.7.2.jar:1.7.2]
	at org.junit.platform.engine.support.hierarchical.HierarchicalTestExecutor.execute(HierarchicalTestExecutor.java:57) ~[junit-platform-engine-1.7.2.jar:1.7.2]
	at org.junit.platform.engine.support.hierarchical.HierarchicalTestEngine.execute(HierarchicalTestEngine.java:51) ~[junit-platform-engine-1.7.2.jar:1.7.2]
	at org.junit.platform.launcher.core.EngineExecutionOrchestrator.execute(EngineExecutionOrchestrator.java:108) ~[junit-platform-launcher-1.7.2.jar:1.7.2]
	at org.junit.platform.launcher.core.EngineExecutionOrchestrator.execute(EngineExecutionOrchestrator.java:88) ~[junit-platform-launcher-1.7.2.jar:1.7.2]
	at org.junit.platform.launcher.core.EngineExecutionOrchestrator.lambda$execute$0(EngineExecutionOrchestrator.java:54) ~[junit-platform-launcher-1.7.2.jar:1.7.2]
	at org.junit.platform.launcher.core.EngineExecutionOrchestrator.withInterceptedStreams(EngineExecutionOrchestrator.java:67) ~[junit-platform-launcher-1.7.2.jar:1.7.2]
	at org.junit.platform.launcher.core.EngineExecutionOrchestrator.execute(EngineExecutionOrchestrator.java:52) ~[junit-platform-launcher-1.7.2.jar:1.7.2]
	at org.junit.platform.launcher.core.DefaultLauncher.execute(DefaultLauncher.java:96) ~[junit-platform-launcher-1.7.2.jar:1.7.2]
	at org.junit.platform.launcher.core.DefaultLauncher.execute(DefaultLauncher.java:84) ~[junit-platform-launcher-1.7.2.jar:1.7.2]
	at org.eclipse.jdt.internal.junit5.runner.JUnit5TestReference.run(JUnit5TestReference.java:98) ~[.cp/:na]
	at org.eclipse.jdt.internal.junit.runner.TestExecution.run(TestExecution.java:41) ~[.cp/:na]
	at org.eclipse.jdt.internal.junit.runner.RemoteTestRunner.runTests(RemoteTestRunner.java:542) ~[.cp/:na]
	at org.eclipse.jdt.internal.junit.runner.RemoteTestRunner.runTests(RemoteTestRunner.java:770) ~[.cp/:na]
	at org.eclipse.jdt.internal.junit.runner.RemoteTestRunner.run(RemoteTestRunner.java:464) ~[.cp/:na]
	at org.eclipse.jdt.internal.junit.runner.RemoteTestRunner.main(RemoteTestRunner.java:210) ~[.cp/:na]

2021-06-14 13:07:27.764 ERROR 22304 --- [main] o.s.test.context.TestContextManager      : Caught exception while allowing TestExecutionListener [org.springframework.boot.test.mock.mockito.MockitoTestExecutionListener@4189d70b] to prepare test instance [com.mobiquity.atms.serviceImpls.AtmListServiceImplTest@6313b441]

org.mockito.exceptions.base.MockitoException: 
Cannot instantiate @InjectMocks field named 'atmListService'! Cause: the type 'AtmListService' is an interface.
You haven't provided the instance at field declaration so I tried to construct the instance.
Examples of correct usage of @InjectMocks:
   @InjectMocks Service service = new Service();
   @InjectMocks Service service;
   //and... don't forget about some @Mocks for injection :)

	at org.springframework.boot.test.mock.mockito.MockitoTestExecutionListener.initMocks(MockitoTestExecutionListener.java:83) ~[spring-boot-test-2.5.1.jar:2.5.1]
	at org.springframework.boot.test.mock.mockito.MockitoTestExecutionListener.prepareTestInstance(MockitoTestExecutionListener.java:60) ~[spring-boot-test-2.5.1.jar:2.5.1]
	at org.springframework.test.context.TestContextManager.prepareTestInstance(TestContextManager.java:244) ~[spring-test-5.3.8.jar:5.3.8]
	at org.springframework.test.context.junit.jupiter.SpringExtension.postProcessTestInstance(SpringExtension.java:138) ~[spring-test-5.3.8.jar:5.3.8]
	at org.junit.jupiter.engine.descriptor.ClassBasedTestDescriptor.lambda$invokeTestInstancePostProcessors$6(ClassBasedTestDescriptor.java:350) ~[junit-jupiter-engine-5.7.2.jar:5.7.2]
	at org.junit.jupiter.engine.descriptor.ClassBasedTestDescriptor.executeAndMaskThrowable(ClassBasedTestDescriptor.java:355) ~[junit-jupiter-engine-5.7.2.jar:5.7.2]
	at org.junit.jupiter.engine.descriptor.ClassBasedTestDescriptor.lambda$invokeTestInstancePostProcessors$7(ClassBasedTestDescriptor.java:350) ~[junit-jupiter-engine-5.7.2.jar:5.7.2]
	at java.base/java.util.stream.ReferencePipeline$3$1.accept(ReferencePipeline.java:195) ~[na:na]
	at java.base/java.util.stream.ReferencePipeline$2$1.accept(ReferencePipeline.java:177) ~[na:na]
	at java.base/java.util.ArrayList$ArrayListSpliterator.forEachRemaining(ArrayList.java:1625) ~[na:na]
	at java.base/java.util.stream.AbstractPipeline.copyInto(AbstractPipeline.java:484) ~[na:na]
	at java.base/java.util.stream.AbstractPipeline.wrapAndCopyInto(AbstractPipeline.java:474) ~[na:na]
	at java.base/java.util.stream.StreamSpliterators$WrappingSpliterator.forEachRemaining(StreamSpliterators.java:312) ~[na:na]
	at java.base/java.util.stream.Streams$ConcatSpliterator.forEachRemaining(Streams.java:735) ~[na:na]
	at java.base/java.util.stream.Streams$ConcatSpliterator.forEachRemaining(Streams.java:734) ~[na:na]
	at java.base/java.util.stream.ReferencePipeline$Head.forEach(ReferencePipeline.java:658) ~[na:na]
	at org.junit.jupiter.engine.descriptor.ClassBasedTestDescriptor.invokeTestInstancePostProcessors(ClassBasedTestDescriptor.java:349) ~[junit-jupiter-engine-5.7.2.jar:5.7.2]
	at org.junit.jupiter.engine.descriptor.ClassBasedTestDescriptor.lambda$instantiateAndPostProcessTestInstance$4(ClassBasedTestDescriptor.java:270) ~[junit-jupiter-engine-5.7.2.jar:5.7.2]
	at org.junit.platform.engine.support.hierarchical.ThrowableCollector.execute(ThrowableCollector.java:73) ~[junit-platform-engine-1.7.2.jar:1.7.2]
	at org.junit.jupiter.engine.descriptor.ClassBasedTestDescriptor.instantiateAndPostProcessTestInstance(ClassBasedTestDescriptor.java:269) ~[junit-jupiter-engine-5.7.2.jar:5.7.2]
	at org.junit.jupiter.engine.descriptor.ClassBasedTestDescriptor.lambda$testInstancesProvider$2(ClassBasedTestDescriptor.java:259) ~[junit-jupiter-engine-5.7.2.jar:5.7.2]
	at java.base/java.util.Optional.orElseGet(Optional.java:362) ~[na:na]
	at org.junit.jupiter.engine.descriptor.ClassBasedTestDescriptor.lambda$testInstancesProvider$3(ClassBasedTestDescriptor.java:258) ~[junit-jupiter-engine-5.7.2.jar:5.7.2]
	at org.junit.jupiter.engine.execution.TestInstancesProvider.getTestInstances(TestInstancesProvider.java:31) ~[junit-jupiter-engine-5.7.2.jar:5.7.2]
	at org.junit.jupiter.engine.descriptor.TestMethodTestDescriptor.lambda$prepare$0(TestMethodTestDescriptor.java:101) ~[junit-jupiter-engine-5.7.2.jar:5.7.2]
	at org.junit.platform.engine.support.hierarchical.ThrowableCollector.execute(ThrowableCollector.java:73) ~[junit-platform-engine-1.7.2.jar:1.7.2]
	at org.junit.jupiter.engine.descriptor.TestMethodTestDescriptor.prepare(TestMethodTestDescriptor.java:100) ~[junit-jupiter-engine-5.7.2.jar:5.7.2]
	at org.junit.jupiter.engine.descriptor.TestMethodTestDescriptor.prepare(TestMethodTestDescriptor.java:65) ~[junit-jupiter-engine-5.7.2.jar:5.7.2]
	at org.junit.platform.engine.support.hierarchical.NodeTestTask.lambda$prepare$1(NodeTestTask.java:111) ~[junit-platform-engine-1.7.2.jar:1.7.2]
	at org.junit.platform.engine.support.hierarchical.ThrowableCollector.execute(ThrowableCollector.java:73) ~[junit-platform-engine-1.7.2.jar:1.7.2]
	at org.junit.platform.engine.support.hierarchical.NodeTestTask.prepare(NodeTestTask.java:111) ~[junit-platform-engine-1.7.2.jar:1.7.2]
	at org.junit.platform.engine.support.hierarchical.NodeTestTask.execute(NodeTestTask.java:79) ~[junit-platform-engine-1.7.2.jar:1.7.2]
	at java.base/java.util.ArrayList.forEach(ArrayList.java:1511) ~[na:na]
	at org.junit.platform.engine.support.hierarchical.SameThreadHierarchicalTestExecutorService.invokeAll(SameThreadHierarchicalTestExecutorService.java:38) ~[junit-platform-engine-1.7.2.jar:1.7.2]
	at org.junit.platform.engine.support.hierarchical.NodeTestTask.lambda$executeRecursively$5(NodeTestTask.java:143) ~[junit-platform-engine-1.7.2.jar:1.7.2]
	at org.junit.platform.engine.support.hierarchical.ThrowableCollector.execute(ThrowableCollector.java:73) ~[junit-platform-engine-1.7.2.jar:1.7.2]
	at org.junit.platform.engine.support.hierarchical.NodeTestTask.lambda$executeRecursively$7(NodeTestTask.java:129) ~[junit-platform-engine-1.7.2.jar:1.7.2]
	at org.junit.platform.engine.support.hierarchical.Node.around(Node.java:137) ~[junit-platform-engine-1.7.2.jar:1.7.2]
	at org.junit.platform.engine.support.hierarchical.NodeTestTask.lambda$executeRecursively$8(NodeTestTask.java:127) ~[junit-platform-engine-1.7.2.jar:1.7.2]
	at org.junit.platform.engine.support.hierarchical.ThrowableCollector.execute(ThrowableCollector.java:73) ~[junit-platform-engine-1.7.2.jar:1.7.2]
	at org.junit.platform.engine.support.hierarchical.NodeTestTask.executeRecursively(NodeTestTask.java:126) ~[junit-platform-engine-1.7.2.jar:1.7.2]
	at org.junit.platform.engine.support.hierarchical.NodeTestTask.execute(NodeTestTask.java:84) ~[junit-platform-engine-1.7.2.jar:1.7.2]
	at java.base/java.util.ArrayList.forEach(ArrayList.java:1511) ~[na:na]
	at org.junit.platform.engine.support.hierarchical.SameThreadHierarchicalTestExecutorService.invokeAll(SameThreadHierarchicalTestExecutorService.java:38) ~[junit-platform-engine-1.7.2.jar:1.7.2]
	at org.junit.platform.engine.support.hierarchical.NodeTestTask.lambda$executeRecursively$5(NodeTestTask.java:143) ~[junit-platform-engine-1.7.2.jar:1.7.2]
	at org.junit.platform.engine.support.hierarchical.ThrowableCollector.execute(ThrowableCollector.java:73) ~[junit-platform-engine-1.7.2.jar:1.7.2]
	at org.junit.platform.engine.support.hierarchical.NodeTestTask.lambda$executeRecursively$7(NodeTestTask.java:129) ~[junit-platform-engine-1.7.2.jar:1.7.2]
	at org.junit.platform.engine.support.hierarchical.Node.around(Node.java:137) ~[junit-platform-engine-1.7.2.jar:1.7.2]
	at org.junit.platform.engine.support.hierarchical.NodeTestTask.lambda$executeRecursively$8(NodeTestTask.java:127) ~[junit-platform-engine-1.7.2.jar:1.7.2]
	at org.junit.platform.engine.support.hierarchical.ThrowableCollector.execute(ThrowableCollector.java:73) ~[junit-platform-engine-1.7.2.jar:1.7.2]
	at org.junit.platform.engine.support.hierarchical.NodeTestTask.executeRecursively(NodeTestTask.java:126) ~[junit-platform-engine-1.7.2.jar:1.7.2]
	at org.junit.platform.engine.support.hierarchical.NodeTestTask.execute(NodeTestTask.java:84) ~[junit-platform-engine-1.7.2.jar:1.7.2]
	at org.junit.platform.engine.support.hierarchical.SameThreadHierarchicalTestExecutorService.submit(SameThreadHierarchicalTestExecutorService.java:32) ~[junit-platform-engine-1.7.2.jar:1.7.2]
	at org.junit.platform.engine.support.hierarchical.HierarchicalTestExecutor.execute(HierarchicalTestExecutor.java:57) ~[junit-platform-engine-1.7.2.jar:1.7.2]
	at org.junit.platform.engine.support.hierarchical.HierarchicalTestEngine.execute(HierarchicalTestEngine.java:51) ~[junit-platform-engine-1.7.2.jar:1.7.2]
	at org.junit.platform.launcher.core.EngineExecutionOrchestrator.execute(EngineExecutionOrchestrator.java:108) ~[junit-platform-launcher-1.7.2.jar:1.7.2]
	at org.junit.platform.launcher.core.EngineExecutionOrchestrator.execute(EngineExecutionOrchestrator.java:88) ~[junit-platform-launcher-1.7.2.jar:1.7.2]
	at org.junit.platform.launcher.core.EngineExecutionOrchestrator.lambda$execute$0(EngineExecutionOrchestrator.java:54) ~[junit-platform-launcher-1.7.2.jar:1.7.2]
	at org.junit.platform.launcher.core.EngineExecutionOrchestrator.withInterceptedStreams(EngineExecutionOrchestrator.java:67) ~[junit-platform-launcher-1.7.2.jar:1.7.2]
	at org.junit.platform.launcher.core.EngineExecutionOrchestrator.execute(EngineExecutionOrchestrator.java:52) ~[junit-platform-launcher-1.7.2.jar:1.7.2]
	at org.junit.platform.launcher.core.DefaultLauncher.execute(DefaultLauncher.java:96) ~[junit-platform-launcher-1.7.2.jar:1.7.2]
	at org.junit.platform.launcher.core.DefaultLauncher.execute(DefaultLauncher.java:84) ~[junit-platform-launcher-1.7.2.jar:1.7.2]
	at org.eclipse.jdt.internal.junit5.runner.JUnit5TestReference.run(JUnit5TestReference.java:98) ~[.cp/:na]
	at org.eclipse.jdt.internal.junit.runner.TestExecution.run(TestExecution.java:41) ~[.cp/:na]
	at org.eclipse.jdt.internal.junit.runner.RemoteTestRunner.runTests(RemoteTestRunner.java:542) ~[.cp/:na]
	at org.eclipse.jdt.internal.junit.runner.RemoteTestRunner.runTests(RemoteTestRunner.java:770) ~[.cp/:na]
	at org.eclipse.jdt.internal.junit.runner.RemoteTestRunner.run(RemoteTestRunner.java:464) ~[.cp/:na]
	at org.eclipse.jdt.internal.junit.runner.RemoteTestRunner.main(RemoteTestRunner.java:210) ~[.cp/:na]

2021-06-14 13:07:56.794  INFO 11476 --- [main] c.m.a.s.AtmListServiceImplTest           : Starting AtmListServiceImplTest using Java 15.0.1 on INHYNASOMASI01 with PID 11476 (started by asomasi in C:\Users\asomasi\pincode\atms-list)
2021-06-14 13:07:56.797  INFO 11476 --- [main] c.m.a.s.AtmListServiceImplTest           : No active profile set, falling back to default profiles: default
2021-06-14 13:07:59.706  INFO 11476 --- [main] c.m.a.s.AtmListServiceImplTest           : Started AtmListServiceImplTest in 3.233 seconds (JVM running for 4.37)
2021-06-14 13:08:00.187 ERROR 11476 --- [main] o.s.test.context.TestContextManager      : Caught exception while allowing TestExecutionListener [org.springframework.boot.test.mock.mockito.MockitoTestExecutionListener@62452cc9] to prepare test instance [com.mobiquity.atms.serviceImpls.AtmListServiceImplTest@21280cbb]

org.mockito.exceptions.base.MockitoException: 
Cannot instantiate @InjectMocks field named 'atmListService'! Cause: the type 'AtmListService' is an interface.
You haven't provided the instance at field declaration so I tried to construct the instance.
Examples of correct usage of @InjectMocks:
   @InjectMocks Service service = new Service();
   @InjectMocks Service service;
   //and... don't forget about some @Mocks for injection :)

	at org.springframework.boot.test.mock.mockito.MockitoTestExecutionListener.initMocks(MockitoTestExecutionListener.java:83) ~[spring-boot-test-2.5.1.jar:2.5.1]
	at org.springframework.boot.test.mock.mockito.MockitoTestExecutionListener.prepareTestInstance(MockitoTestExecutionListener.java:60) ~[spring-boot-test-2.5.1.jar:2.5.1]
	at org.springframework.test.context.TestContextManager.prepareTestInstance(TestContextManager.java:244) ~[spring-test-5.3.8.jar:5.3.8]
	at org.springframework.test.context.junit.jupiter.SpringExtension.postProcessTestInstance(SpringExtension.java:138) ~[spring-test-5.3.8.jar:5.3.8]
	at org.junit.jupiter.engine.descriptor.ClassBasedTestDescriptor.lambda$invokeTestInstancePostProcessors$6(ClassBasedTestDescriptor.java:350) ~[junit-jupiter-engine-5.7.2.jar:5.7.2]
	at org.junit.jupiter.engine.descriptor.ClassBasedTestDescriptor.executeAndMaskThrowable(ClassBasedTestDescriptor.java:355) ~[junit-jupiter-engine-5.7.2.jar:5.7.2]
	at org.junit.jupiter.engine.descriptor.ClassBasedTestDescriptor.lambda$invokeTestInstancePostProcessors$7(ClassBasedTestDescriptor.java:350) ~[junit-jupiter-engine-5.7.2.jar:5.7.2]
	at java.base/java.util.stream.ReferencePipeline$3$1.accept(ReferencePipeline.java:195) ~[na:na]
	at java.base/java.util.stream.ReferencePipeline$2$1.accept(ReferencePipeline.java:177) ~[na:na]
	at java.base/java.util.ArrayList$ArrayListSpliterator.forEachRemaining(ArrayList.java:1625) ~[na:na]
	at java.base/java.util.stream.AbstractPipeline.copyInto(AbstractPipeline.java:484) ~[na:na]
	at java.base/java.util.stream.AbstractPipeline.wrapAndCopyInto(AbstractPipeline.java:474) ~[na:na]
	at java.base/java.util.stream.StreamSpliterators$WrappingSpliterator.forEachRemaining(StreamSpliterators.java:312) ~[na:na]
	at java.base/java.util.stream.Streams$ConcatSpliterator.forEachRemaining(Streams.java:735) ~[na:na]
	at java.base/java.util.stream.Streams$ConcatSpliterator.forEachRemaining(Streams.java:734) ~[na:na]
	at java.base/java.util.stream.ReferencePipeline$Head.forEach(ReferencePipeline.java:658) ~[na:na]
	at org.junit.jupiter.engine.descriptor.ClassBasedTestDescriptor.invokeTestInstancePostProcessors(ClassBasedTestDescriptor.java:349) ~[junit-jupiter-engine-5.7.2.jar:5.7.2]
	at org.junit.jupiter.engine.descriptor.ClassBasedTestDescriptor.lambda$instantiateAndPostProcessTestInstance$4(ClassBasedTestDescriptor.java:270) ~[junit-jupiter-engine-5.7.2.jar:5.7.2]
	at org.junit.platform.engine.support.hierarchical.ThrowableCollector.execute(ThrowableCollector.java:73) ~[junit-platform-engine-1.7.2.jar:1.7.2]
	at org.junit.jupiter.engine.descriptor.ClassBasedTestDescriptor.instantiateAndPostProcessTestInstance(ClassBasedTestDescriptor.java:269) ~[junit-jupiter-engine-5.7.2.jar:5.7.2]
	at org.junit.jupiter.engine.descriptor.ClassBasedTestDescriptor.lambda$testInstancesProvider$2(ClassBasedTestDescriptor.java:259) ~[junit-jupiter-engine-5.7.2.jar:5.7.2]
	at java.base/java.util.Optional.orElseGet(Optional.java:362) ~[na:na]
	at org.junit.jupiter.engine.descriptor.ClassBasedTestDescriptor.lambda$testInstancesProvider$3(ClassBasedTestDescriptor.java:258) ~[junit-jupiter-engine-5.7.2.jar:5.7.2]
	at org.junit.jupiter.engine.execution.TestInstancesProvider.getTestInstances(TestInstancesProvider.java:31) ~[junit-jupiter-engine-5.7.2.jar:5.7.2]
	at org.junit.jupiter.engine.descriptor.TestMethodTestDescriptor.lambda$prepare$0(TestMethodTestDescriptor.java:101) ~[junit-jupiter-engine-5.7.2.jar:5.7.2]
	at org.junit.platform.engine.support.hierarchical.ThrowableCollector.execute(ThrowableCollector.java:73) ~[junit-platform-engine-1.7.2.jar:1.7.2]
	at org.junit.jupiter.engine.descriptor.TestMethodTestDescriptor.prepare(TestMethodTestDescriptor.java:100) ~[junit-jupiter-engine-5.7.2.jar:5.7.2]
	at org.junit.jupiter.engine.descriptor.TestMethodTestDescriptor.prepare(TestMethodTestDescriptor.java:65) ~[junit-jupiter-engine-5.7.2.jar:5.7.2]
	at org.junit.platform.engine.support.hierarchical.NodeTestTask.lambda$prepare$1(NodeTestTask.java:111) ~[junit-platform-engine-1.7.2.jar:1.7.2]
	at org.junit.platform.engine.support.hierarchical.ThrowableCollector.execute(ThrowableCollector.java:73) ~[junit-platform-engine-1.7.2.jar:1.7.2]
	at org.junit.platform.engine.support.hierarchical.NodeTestTask.prepare(NodeTestTask.java:111) ~[junit-platform-engine-1.7.2.jar:1.7.2]
	at org.junit.platform.engine.support.hierarchical.NodeTestTask.execute(NodeTestTask.java:79) ~[junit-platform-engine-1.7.2.jar:1.7.2]
	at java.base/java.util.ArrayList.forEach(ArrayList.java:1511) ~[na:na]
	at org.junit.platform.engine.support.hierarchical.SameThreadHierarchicalTestExecutorService.invokeAll(SameThreadHierarchicalTestExecutorService.java:38) ~[junit-platform-engine-1.7.2.jar:1.7.2]
	at org.junit.platform.engine.support.hierarchical.NodeTestTask.lambda$executeRecursively$5(NodeTestTask.java:143) ~[junit-platform-engine-1.7.2.jar:1.7.2]
	at org.junit.platform.engine.support.hierarchical.ThrowableCollector.execute(ThrowableCollector.java:73) ~[junit-platform-engine-1.7.2.jar:1.7.2]
	at org.junit.platform.engine.support.hierarchical.NodeTestTask.lambda$executeRecursively$7(NodeTestTask.java:129) ~[junit-platform-engine-1.7.2.jar:1.7.2]
	at org.junit.platform.engine.support.hierarchical.Node.around(Node.java:137) ~[junit-platform-engine-1.7.2.jar:1.7.2]
	at org.junit.platform.engine.support.hierarchical.NodeTestTask.lambda$executeRecursively$8(NodeTestTask.java:127) ~[junit-platform-engine-1.7.2.jar:1.7.2]
	at org.junit.platform.engine.support.hierarchical.ThrowableCollector.execute(ThrowableCollector.java:73) ~[junit-platform-engine-1.7.2.jar:1.7.2]
	at org.junit.platform.engine.support.hierarchical.NodeTestTask.executeRecursively(NodeTestTask.java:126) ~[junit-platform-engine-1.7.2.jar:1.7.2]
	at org.junit.platform.engine.support.hierarchical.NodeTestTask.execute(NodeTestTask.java:84) ~[junit-platform-engine-1.7.2.jar:1.7.2]
	at java.base/java.util.ArrayList.forEach(ArrayList.java:1511) ~[na:na]
	at org.junit.platform.engine.support.hierarchical.SameThreadHierarchicalTestExecutorService.invokeAll(SameThreadHierarchicalTestExecutorService.java:38) ~[junit-platform-engine-1.7.2.jar:1.7.2]
	at org.junit.platform.engine.support.hierarchical.NodeTestTask.lambda$executeRecursively$5(NodeTestTask.java:143) ~[junit-platform-engine-1.7.2.jar:1.7.2]
	at org.junit.platform.engine.support.hierarchical.ThrowableCollector.execute(ThrowableCollector.java:73) ~[junit-platform-engine-1.7.2.jar:1.7.2]
	at org.junit.platform.engine.support.hierarchical.NodeTestTask.lambda$executeRecursively$7(NodeTestTask.java:129) ~[junit-platform-engine-1.7.2.jar:1.7.2]
	at org.junit.platform.engine.support.hierarchical.Node.around(Node.java:137) ~[junit-platform-engine-1.7.2.jar:1.7.2]
	at org.junit.platform.engine.support.hierarchical.NodeTestTask.lambda$executeRecursively$8(NodeTestTask.java:127) ~[junit-platform-engine-1.7.2.jar:1.7.2]
	at org.junit.platform.engine.support.hierarchical.ThrowableCollector.execute(ThrowableCollector.java:73) ~[junit-platform-engine-1.7.2.jar:1.7.2]
	at org.junit.platform.engine.support.hierarchical.NodeTestTask.executeRecursively(NodeTestTask.java:126) ~[junit-platform-engine-1.7.2.jar:1.7.2]
	at org.junit.platform.engine.support.hierarchical.NodeTestTask.execute(NodeTestTask.java:84) ~[junit-platform-engine-1.7.2.jar:1.7.2]
	at org.junit.platform.engine.support.hierarchical.SameThreadHierarchicalTestExecutorService.submit(SameThreadHierarchicalTestExecutorService.java:32) ~[junit-platform-engine-1.7.2.jar:1.7.2]
	at org.junit.platform.engine.support.hierarchical.HierarchicalTestExecutor.execute(HierarchicalTestExecutor.java:57) ~[junit-platform-engine-1.7.2.jar:1.7.2]
	at org.junit.platform.engine.support.hierarchical.HierarchicalTestEngine.execute(HierarchicalTestEngine.java:51) ~[junit-platform-engine-1.7.2.jar:1.7.2]
	at org.junit.platform.launcher.core.EngineExecutionOrchestrator.execute(EngineExecutionOrchestrator.java:108) ~[junit-platform-launcher-1.7.2.jar:1.7.2]
	at org.junit.platform.launcher.core.EngineExecutionOrchestrator.execute(EngineExecutionOrchestrator.java:88) ~[junit-platform-launcher-1.7.2.jar:1.7.2]
	at org.junit.platform.launcher.core.EngineExecutionOrchestrator.lambda$execute$0(EngineExecutionOrchestrator.java:54) ~[junit-platform-launcher-1.7.2.jar:1.7.2]
	at org.junit.platform.launcher.core.EngineExecutionOrchestrator.withInterceptedStreams(EngineExecutionOrchestrator.java:67) ~[junit-platform-launcher-1.7.2.jar:1.7.2]
	at org.junit.platform.launcher.core.EngineExecutionOrchestrator.execute(EngineExecutionOrchestrator.java:52) ~[junit-platform-launcher-1.7.2.jar:1.7.2]
	at org.junit.platform.launcher.core.DefaultLauncher.execute(DefaultLauncher.java:96) ~[junit-platform-launcher-1.7.2.jar:1.7.2]
	at org.junit.platform.launcher.core.DefaultLauncher.execute(DefaultLauncher.java:84) ~[junit-platform-launcher-1.7.2.jar:1.7.2]
	at org.eclipse.jdt.internal.junit5.runner.JUnit5TestReference.run(JUnit5TestReference.java:98) ~[.cp/:na]
	at org.eclipse.jdt.internal.junit.runner.TestExecution.run(TestExecution.java:41) ~[.cp/:na]
	at org.eclipse.jdt.internal.junit.runner.RemoteTestRunner.runTests(RemoteTestRunner.java:542) ~[.cp/:na]
	at org.eclipse.jdt.internal.junit.runner.RemoteTestRunner.runTests(RemoteTestRunner.java:770) ~[.cp/:na]
	at org.eclipse.jdt.internal.junit.runner.RemoteTestRunner.run(RemoteTestRunner.java:464) ~[.cp/:na]
	at org.eclipse.jdt.internal.junit.runner.RemoteTestRunner.main(RemoteTestRunner.java:210) ~[.cp/:na]

2021-06-14 13:08:25.055  INFO 2448 --- [main] c.m.a.s.AtmListServiceImplTest           : Starting AtmListServiceImplTest using Java 15.0.1 on INHYNASOMASI01 with PID 2448 (started by asomasi in C:\Users\asomasi\pincode\atms-list)
2021-06-14 13:08:25.058  INFO 2448 --- [main] c.m.a.s.AtmListServiceImplTest           : No active profile set, falling back to default profiles: default
2021-06-14 13:08:27.864  INFO 2448 --- [main] c.m.a.s.AtmListServiceImplTest           : Started AtmListServiceImplTest in 3.122 seconds (JVM running for 4.095)
2021-06-14 13:15:55.867  INFO 4284 --- [main] c.m.a.s.AtmListServiceImplTest           : Starting AtmListServiceImplTest using Java 15.0.1 on INHYNASOMASI01 with PID 4284 (started by asomasi in C:\Users\asomasi\pincode\atms-list)
2021-06-14 13:15:55.869  INFO 4284 --- [main] c.m.a.s.AtmListServiceImplTest           : No active profile set, falling back to default profiles: default
2021-06-14 13:15:58.919  INFO 4284 --- [main] c.m.a.s.AtmListServiceImplTest           : Started AtmListServiceImplTest in 3.366 seconds (JVM running for 4.356)
2021-06-14 13:17:04.377  INFO 3880 --- [main] c.m.a.s.AtmListServiceImplTest           : Starting AtmListServiceImplTest using Java 15.0.1 on INHYNASOMASI01 with PID 3880 (started by asomasi in C:\Users\asomasi\pincode\atms-list)
2021-06-14 13:17:04.380  INFO 3880 --- [main] c.m.a.s.AtmListServiceImplTest           : No active profile set, falling back to default profiles: default
2021-06-14 13:17:07.484  INFO 3880 --- [main] c.m.a.s.AtmListServiceImplTest           : Started AtmListServiceImplTest in 3.396 seconds (JVM running for 4.378)
2021-06-14 13:18:13.768  INFO 15688 --- [main] c.m.a.s.AtmListServiceImplTest           : Starting AtmListServiceImplTest using Java 15.0.1 on INHYNASOMASI01 with PID 15688 (started by asomasi in C:\Users\asomasi\pincode\atms-list)
2021-06-14 13:18:13.772  INFO 15688 --- [main] c.m.a.s.AtmListServiceImplTest           : No active profile set, falling back to default profiles: default
2021-06-14 13:18:17.163  INFO 15688 --- [main] c.m.a.s.AtmListServiceImplTest           : Started AtmListServiceImplTest in 3.791 seconds (JVM running for 5.222)
2021-06-14 13:19:10.748  INFO 16976 --- [main] c.m.a.s.AtmListServiceImplTest           : Starting AtmListServiceImplTest using Java 15.0.1 on INHYNASOMASI01 with PID 16976 (started by asomasi in C:\Users\asomasi\pincode\atms-list)
2021-06-14 13:19:10.751  INFO 16976 --- [main] c.m.a.s.AtmListServiceImplTest           : No active profile set, falling back to default profiles: default
2021-06-14 13:19:13.552  INFO 16976 --- [main] c.m.a.s.AtmListServiceImplTest           : Started AtmListServiceImplTest in 3.11 seconds (JVM running for 4.112)
2021-06-14 13:19:44.572  INFO 15252 --- [main] c.m.a.s.AtmListServiceImplTest           : Starting AtmListServiceImplTest using Java 15.0.1 on INHYNASOMASI01 with PID 15252 (started by asomasi in C:\Users\asomasi\pincode\atms-list)
2021-06-14 13:19:44.574  INFO 15252 --- [main] c.m.a.s.AtmListServiceImplTest           : No active profile set, falling back to default profiles: default
2021-06-14 13:19:47.434  INFO 15252 --- [main] c.m.a.s.AtmListServiceImplTest           : Started AtmListServiceImplTest in 3.172 seconds (JVM running for 4.196)
2021-06-14 13:21:14.781  INFO 20124 --- [main] c.m.a.s.AtmListServiceImplTest           : Starting AtmListServiceImplTest using Java 15.0.1 on INHYNASOMASI01 with PID 20124 (started by asomasi in C:\Users\asomasi\pincode\atms-list)
2021-06-14 13:21:14.785  INFO 20124 --- [main] c.m.a.s.AtmListServiceImplTest           : No active profile set, falling back to default profiles: default
2021-06-14 13:21:18.404  INFO 20124 --- [main] c.m.a.s.AtmListServiceImplTest           : Started AtmListServiceImplTest in 4.049 seconds (JVM running for 5.401)
2021-06-14 13:30:40.340  INFO 12280 --- [main] c.m.a.s.AtmListServiceImplTest           : Starting AtmListServiceImplTest using Java 15.0.1 on INHYNASOMASI01 with PID 12280 (started by asomasi in C:\Users\asomasi\pincode\atms-list)
2021-06-14 13:30:40.343  INFO 12280 --- [main] c.m.a.s.AtmListServiceImplTest           : No active profile set, falling back to default profiles: default
2021-06-14 13:30:43.246  INFO 12280 --- [main] c.m.a.s.AtmListServiceImplTest           : Started AtmListServiceImplTest in 3.216 seconds (JVM running for 4.281)
2021-06-14 13:31:21.696  INFO 20392 --- [main] c.m.a.s.AtmListServiceImplTest           : Starting AtmListServiceImplTest using Java 15.0.1 on INHYNASOMASI01 with PID 20392 (started by asomasi in C:\Users\asomasi\pincode\atms-list)
2021-06-14 13:31:21.699  INFO 20392 --- [main] c.m.a.s.AtmListServiceImplTest           : No active profile set, falling back to default profiles: default
2021-06-14 13:31:24.476  INFO 20392 --- [main] c.m.a.s.AtmListServiceImplTest           : Started AtmListServiceImplTest in 3.088 seconds (JVM running for 4.07)
2021-06-14 13:32:28.381  INFO 14168 --- [main] c.m.a.s.AtmListServiceImplTest           : Starting AtmListServiceImplTest using Java 15.0.1 on INHYNASOMASI01 with PID 14168 (started by asomasi in C:\Users\asomasi\pincode\atms-list)
2021-06-14 13:32:28.384  INFO 14168 --- [main] c.m.a.s.AtmListServiceImplTest           : No active profile set, falling back to default profiles: default
2021-06-14 13:32:32.193  INFO 14168 --- [main] c.m.a.s.AtmListServiceImplTest           : Started AtmListServiceImplTest in 4.273 seconds (JVM running for 5.694)
2021-06-14 13:33:35.644  INFO 12612 --- [main] c.m.a.s.AtmListServiceImplTest           : Starting AtmListServiceImplTest using Java 15.0.1 on INHYNASOMASI01 with PID 12612 (started by asomasi in C:\Users\asomasi\pincode\atms-list)
2021-06-14 13:33:35.647  INFO 12612 --- [main] c.m.a.s.AtmListServiceImplTest           : No active profile set, falling back to default profiles: default
2021-06-14 13:33:39.722  INFO 12612 --- [main] c.m.a.s.AtmListServiceImplTest           : Started AtmListServiceImplTest in 4.489 seconds (JVM running for 5.867)
2021-06-14 13:34:51.778  INFO 4624 --- [main] c.m.a.s.AtmListServiceImplTest           : Starting AtmListServiceImplTest using Java 15.0.1 on INHYNASOMASI01 with PID 4624 (started by asomasi in C:\Users\asomasi\pincode\atms-list)
2021-06-14 13:34:51.782  INFO 4624 --- [main] c.m.a.s.AtmListServiceImplTest           : No active profile set, falling back to default profiles: default
2021-06-14 13:34:54.645  INFO 4624 --- [main] c.m.a.s.AtmListServiceImplTest           : Started AtmListServiceImplTest in 3.178 seconds (JVM running for 4.239)
2021-06-14 13:35:31.765  INFO 1776 --- [main] c.m.a.s.AtmListServiceImplTest           : Starting AtmListServiceImplTest using Java 15.0.1 on INHYNASOMASI01 with PID 1776 (started by asomasi in C:\Users\asomasi\pincode\atms-list)
2021-06-14 13:35:31.768  INFO 1776 --- [main] c.m.a.s.AtmListServiceImplTest           : No active profile set, falling back to default profiles: default
2021-06-14 13:35:34.640  INFO 1776 --- [main] c.m.a.s.AtmListServiceImplTest           : Started AtmListServiceImplTest in 3.182 seconds (JVM running for 4.133)
2021-06-14 13:36:05.302  INFO 18380 --- [main] com.mobiquity.atms.AtmsListApplication   : Starting AtmsListApplication using Java 15.0.1 on INHYNASOMASI01 with PID 18380 (C:\Users\asomasi\pincode\atms-list\target\classes started by asomasi in C:\Users\asomasi\pincode\atms-list)
2021-06-14 13:36:05.304  INFO 18380 --- [main] com.mobiquity.atms.AtmsListApplication   : No active profile set, falling back to default profiles: default
2021-06-14 13:36:06.340  INFO 18380 --- [main] o.s.b.w.embedded.tomcat.TomcatWebServer  : Tomcat initialized with port(s): 8080 (http)
2021-06-14 13:36:06.354  INFO 18380 --- [main] o.apache.catalina.core.StandardService   : Starting service [Tomcat]
2021-06-14 13:36:06.354  INFO 18380 --- [main] org.apache.catalina.core.StandardEngine  : Starting Servlet engine: [Apache Tomcat/9.0.46]
2021-06-14 13:36:06.451  INFO 18380 --- [main] o.a.c.c.C.[Tomcat].[localhost].[/]       : Initializing Spring embedded WebApplicationContext
2021-06-14 13:36:06.451  INFO 18380 --- [main] w.s.c.ServletWebServerApplicationContext : Root WebApplicationContext: initialization completed in 1091 ms
2021-06-14 13:36:08.086  INFO 18380 --- [main] o.s.b.w.embedded.tomcat.TomcatWebServer  : Tomcat started on port(s): 8080 (http) with context path ''
2021-06-14 13:36:08.096  INFO 18380 --- [main] com.mobiquity.atms.AtmsListApplication   : Started AtmsListApplication in 3.223 seconds (JVM running for 3.631)
2021-06-14 13:36:46.098  INFO 13004 --- [main] c.m.a.s.AtmListServiceImplTest           : Starting AtmListServiceImplTest using Java 15.0.1 on INHYNASOMASI01 with PID 13004 (started by asomasi in C:\Users\asomasi\pincode\atms-list)
2021-06-14 13:36:46.101  INFO 13004 --- [main] c.m.a.s.AtmListServiceImplTest           : No active profile set, falling back to default profiles: default
2021-06-14 13:36:49.110  INFO 13004 --- [main] c.m.a.s.AtmListServiceImplTest           : Started AtmListServiceImplTest in 3.313 seconds (JVM running for 4.442)
2021-06-14 13:37:13.355  INFO 18380 --- [http-nio-8080-exec-1] o.a.c.c.C.[Tomcat].[localhost].[/]       : Initializing Spring DispatcherServlet 'dispatcherServlet'
2021-06-14 13:37:13.356  INFO 18380 --- [http-nio-8080-exec-1] o.s.web.servlet.DispatcherServlet        : Initializing Servlet 'dispatcherServlet'
2021-06-14 13:37:13.359  INFO 18380 --- [http-nio-8080-exec-1] o.s.web.servlet.DispatcherServlet        : Completed initialization in 2 ms
2021-06-14 13:37:13.920  INFO 18380 --- [http-nio-8080-exec-3] o.springdoc.api.AbstractOpenApiResource  : Init duration for springdoc-openapi is: 269 ms
2021-06-14 13:37:26.471  INFO 18380 --- [http-nio-8080-exec-4] c.m.atms.controllers.AtmListController   : [ getAllAtms method {} ]
2021-06-14 13:38:36.366  INFO 18984 --- [main] c.m.a.s.AtmListServiceImplTest           : Starting AtmListServiceImplTest using Java 15.0.1 on INHYNASOMASI01 with PID 18984 (started by asomasi in C:\Users\asomasi\pincode\atms-list)
2021-06-14 13:38:36.371  INFO 18984 --- [main] c.m.a.s.AtmListServiceImplTest           : No active profile set, falling back to default profiles: default
2021-06-14 13:38:40.748  INFO 18984 --- [main] c.m.a.s.AtmListServiceImplTest           : Started AtmListServiceImplTest in 4.852 seconds (JVM running for 6.308)
2021-06-14 13:40:14.330  INFO 14724 --- [main] c.m.a.s.AtmListServiceImplTest           : Starting AtmListServiceImplTest using Java 15.0.1 on INHYNASOMASI01 with PID 14724 (started by asomasi in C:\Users\asomasi\pincode\atms-list)
2021-06-14 13:40:14.341  INFO 14724 --- [main] c.m.a.s.AtmListServiceImplTest           : No active profile set, falling back to default profiles: default
2021-06-14 13:40:19.019  INFO 14724 --- [main] c.m.a.s.AtmListServiceImplTest           : Started AtmListServiceImplTest in 5.266 seconds (JVM running for 6.992)
2021-06-14 13:42:15.385  INFO 4000 --- [main] c.m.a.s.AtmListServiceImplTest           : Starting AtmListServiceImplTest using Java 15.0.1 on INHYNASOMASI01 with PID 4000 (started by asomasi in C:\Users\asomasi\pincode\atms-list)
2021-06-14 13:42:15.389  INFO 4000 --- [main] c.m.a.s.AtmListServiceImplTest           : No active profile set, falling back to default profiles: default
2021-06-14 13:42:19.121  INFO 4000 --- [main] c.m.a.s.AtmListServiceImplTest           : Started AtmListServiceImplTest in 4.181 seconds (JVM running for 5.49)
2021-06-14 13:43:50.667  INFO 21068 --- [main] c.m.a.s.AtmListServiceImplTest           : Starting AtmListServiceImplTest using Java 15.0.1 on INHYNASOMASI01 with PID 21068 (started by asomasi in C:\Users\asomasi\pincode\atms-list)
2021-06-14 13:43:50.670  INFO 21068 --- [main] c.m.a.s.AtmListServiceImplTest           : No active profile set, falling back to default profiles: default
2021-06-14 13:43:54.457  INFO 21068 --- [main] c.m.a.s.AtmListServiceImplTest           : Started AtmListServiceImplTest in 4.2 seconds (JVM running for 5.499)
2021-06-14 13:44:22.447  INFO 3188 --- [main] c.m.atms.AtmsListApplicationTests        : Starting AtmsListApplicationTests using Java 15.0.1 on INHYNASOMASI01 with PID 3188 (started by asomasi in C:\Users\asomasi\pincode\atms-list)
2021-06-14 13:44:22.451  INFO 3188 --- [main] c.m.atms.AtmsListApplicationTests        : No active profile set, falling back to default profiles: default
2021-06-14 13:44:26.998  INFO 3188 --- [main] c.m.atms.AtmsListApplicationTests        : Started AtmsListApplicationTests in 5.482 seconds (JVM running for 7.925)
2021-06-14 13:44:27.742  INFO 3188 --- [main] .b.t.c.SpringBootTestContextBootstrapper : Neither @ContextConfiguration nor @ContextHierarchy found for test class [com.mobiquity.atms.controllers.AtmListControllerTest], using SpringBootContextLoader
2021-06-14 13:44:27.744  INFO 3188 --- [main] o.s.t.c.support.AbstractContextLoader    : Could not detect default resource locations for test class [com.mobiquity.atms.controllers.AtmListControllerTest]: no resource found for suffixes {-context.xml, Context.groovy}.
2021-06-14 13:44:27.746  INFO 3188 --- [main] t.c.s.AnnotationConfigContextLoaderUtils : Could not detect default configuration classes for test class [com.mobiquity.atms.controllers.AtmListControllerTest]: AtmListControllerTest does not declare any static, non-private, non-final, nested classes annotated with @Configuration.
2021-06-14 13:44:27.759  INFO 3188 --- [main] .b.t.c.SpringBootTestContextBootstrapper : Found @SpringBootConfiguration com.mobiquity.atms.AtmsListApplication for test class com.mobiquity.atms.controllers.AtmListControllerTest
2021-06-14 13:44:27.763  INFO 3188 --- [main] .b.t.c.SpringBootTestContextBootstrapper : Loaded default TestExecutionListener class names from location [META-INF/spring.factories]: [org.springframework.boot.test.mock.mockito.MockitoTestExecutionListener, org.springframework.boot.test.mock.mockito.ResetMocksTestExecutionListener, org.springframework.boot.test.autoconfigure.restdocs.RestDocsTestExecutionListener, org.springframework.boot.test.autoconfigure.web.client.MockRestServiceServerResetTestExecutionListener, org.springframework.boot.test.autoconfigure.web.servlet.MockMvcPrintOnlyOnFailureTestExecutionListener, org.springframework.boot.test.autoconfigure.web.servlet.WebDriverTestExecutionListener, org.springframework.boot.test.autoconfigure.webservices.client.MockWebServiceServerTestExecutionListener, org.springframework.test.context.web.ServletTestExecutionListener, org.springframework.test.context.support.DirtiesContextBeforeModesTestExecutionListener, org.springframework.test.context.event.ApplicationEventsTestExecutionListener, org.springframework.test.context.support.DependencyInjectionTestExecutionListener, org.springframework.test.context.support.DirtiesContextTestExecutionListener, org.springframework.test.context.transaction.TransactionalTestExecutionListener, org.springframework.test.context.jdbc.SqlScriptsTestExecutionListener, org.springframework.test.context.event.EventPublishingTestExecutionListener]
2021-06-14 13:44:27.764  INFO 3188 --- [main] .b.t.c.SpringBootTestContextBootstrapper : Using TestExecutionListeners: [org.springframework.test.context.web.ServletTestExecutionListener@a9339e5, org.springframework.test.context.support.DirtiesContextBeforeModesTestExecutionListener@687313e1, org.springframework.test.context.event.ApplicationEventsTestExecutionListener@6eaf016e, org.springframework.boot.test.mock.mockito.MockitoTestExecutionListener@6fa73db5, org.springframework.boot.test.autoconfigure.SpringBootDependencyInjectionTestExecutionListener@7ce87db5, org.springframework.test.context.support.DirtiesContextTestExecutionListener@c7485d2, org.springframework.test.context.event.EventPublishingTestExecutionListener@1ac65143, org.springframework.boot.test.mock.mockito.ResetMocksTestExecutionListener@4cda8d3b, org.springframework.boot.test.autoconfigure.restdocs.RestDocsTestExecutionListener@73e054c0, org.springframework.boot.test.autoconfigure.web.client.MockRestServiceServerResetTestExecutionListener@5b12157b, org.springframework.boot.test.autoconfigure.web.servlet.MockMvcPrintOnlyOnFailureTestExecutionListener@73760b13, org.springframework.boot.test.autoconfigure.web.servlet.WebDriverTestExecutionListener@6b5df313, org.springframework.boot.test.autoconfigure.webservices.client.MockWebServiceServerTestExecutionListener@1a6aecec]
2021-06-14 13:44:27.965  INFO 3188 --- [main] c.m.atms.controllers.AtmListController   : [ getAllAtms method {} ]
2021-06-14 13:44:27.998  INFO 3188 --- [main] c.m.atms.controllers.AtmListController   : [ getAllAtmsWithformatted method {} ]
2021-06-14 13:44:28.007  INFO 3188 --- [main] c.m.atms.controllers.AtmListController   : [ getAllAtmsWithformatted method {} ]
2021-06-14 13:44:28.014  INFO 3188 --- [main] c.m.atms.controllers.AtmListController   : [ getAllAtms method {} ]
2021-06-14 13:44:28.020  INFO 3188 --- [main] .b.t.c.SpringBootTestContextBootstrapper : Neither @ContextConfiguration nor @ContextHierarchy found for test class [com.mobiquity.atms.serviceImpls.AtmListServiceImplTest], using SpringBootContextLoader
2021-06-14 13:44:28.021  INFO 3188 --- [main] o.s.t.c.support.AbstractContextLoader    : Could not detect default resource locations for test class [com.mobiquity.atms.serviceImpls.AtmListServiceImplTest]: no resource found for suffixes {-context.xml, Context.groovy}.
2021-06-14 13:44:28.021  INFO 3188 --- [main] t.c.s.AnnotationConfigContextLoaderUtils : Could not detect default configuration classes for test class [com.mobiquity.atms.serviceImpls.AtmListServiceImplTest]: AtmListServiceImplTest does not declare any static, non-private, non-final, nested classes annotated with @Configuration.
2021-06-14 13:44:28.030  INFO 3188 --- [main] .b.t.c.SpringBootTestContextBootstrapper : Found @SpringBootConfiguration com.mobiquity.atms.AtmsListApplication for test class com.mobiquity.atms.serviceImpls.AtmListServiceImplTest
2021-06-14 13:44:28.032  INFO 3188 --- [main] .b.t.c.SpringBootTestContextBootstrapper : Loaded default TestExecutionListener class names from location [META-INF/spring.factories]: [org.springframework.boot.test.mock.mockito.MockitoTestExecutionListener, org.springframework.boot.test.mock.mockito.ResetMocksTestExecutionListener, org.springframework.boot.test.autoconfigure.restdocs.RestDocsTestExecutionListener, org.springframework.boot.test.autoconfigure.web.client.MockRestServiceServerResetTestExecutionListener, org.springframework.boot.test.autoconfigure.web.servlet.MockMvcPrintOnlyOnFailureTestExecutionListener, org.springframework.boot.test.autoconfigure.web.servlet.WebDriverTestExecutionListener, org.springframework.boot.test.autoconfigure.webservices.client.MockWebServiceServerTestExecutionListener, org.springframework.test.context.web.ServletTestExecutionListener, org.springframework.test.context.support.DirtiesContextBeforeModesTestExecutionListener, org.springframework.test.context.event.ApplicationEventsTestExecutionListener, org.springframework.test.context.support.DependencyInjectionTestExecutionListener, org.springframework.test.context.support.DirtiesContextTestExecutionListener, org.springframework.test.context.transaction.TransactionalTestExecutionListener, org.springframework.test.context.jdbc.SqlScriptsTestExecutionListener, org.springframework.test.context.event.EventPublishingTestExecutionListener]
2021-06-14 13:44:28.033  INFO 3188 --- [main] .b.t.c.SpringBootTestContextBootstrapper : Using TestExecutionListeners: [org.springframework.test.context.web.ServletTestExecutionListener@337fd6a1, org.springframework.test.context.support.DirtiesContextBeforeModesTestExecutionListener@5a558335, org.springframework.test.context.event.ApplicationEventsTestExecutionListener@20c9b155, org.springframework.boot.test.mock.mockito.MockitoTestExecutionListener@154f5d37, org.springframework.boot.test.autoconfigure.SpringBootDependencyInjectionTestExecutionListener@58c84be1, org.springframework.test.context.support.DirtiesContextTestExecutionListener@2e7227e6, org.springframework.test.context.event.EventPublishingTestExecutionListener@43dc6864, org.springframework.boot.test.mock.mockito.ResetMocksTestExecutionListener@2c1523cd, org.springframework.boot.test.autoconfigure.restdocs.RestDocsTestExecutionListener@3698f2ed, org.springframework.boot.test.autoconfigure.web.client.MockRestServiceServerResetTestExecutionListener@9eaaecf, org.springframework.boot.test.autoconfigure.web.servlet.MockMvcPrintOnlyOnFailureTestExecutionListener@29d578de, org.springframework.boot.test.autoconfigure.web.servlet.WebDriverTestExecutionListener@2c5b2d62, org.springframework.boot.test.autoconfigure.webservices.client.MockWebServiceServerTestExecutionListener@5da5bd9e]
2021-06-14 13:47:13.395  INFO 14264 --- [main] c.m.atms.exceptions.AtmListException     : Starting AtmListException using Java 15.0.1 on INHYNASOMASI01 with PID 14264 (started by asomasi in C:\Users\asomasi\pincode\atms-list)
2021-06-14 13:47:13.397  INFO 14264 --- [main] c.m.atms.exceptions.AtmListException     : No active profile set, falling back to default profiles: default
2021-06-14 13:47:16.371  INFO 14264 --- [main] c.m.atms.exceptions.AtmListException     : Started AtmListException in 3.266 seconds (JVM running for 4.263)
2021-06-14 13:47:41.001  INFO 16692 --- [main] c.m.atms.AtmsListApplicationTests        : Starting AtmsListApplicationTests using Java 15.0.1 on INHYNASOMASI01 with PID 16692 (started by asomasi in C:\Users\asomasi\pincode\atms-list)
2021-06-14 13:47:41.006  INFO 16692 --- [main] c.m.atms.AtmsListApplicationTests        : No active profile set, falling back to default profiles: default
2021-06-14 13:47:44.922  INFO 16692 --- [main] c.m.atms.AtmsListApplicationTests        : Started AtmsListApplicationTests in 4.49 seconds (JVM running for 6.382)
2021-06-14 13:47:45.527  INFO 16692 --- [main] .b.t.c.SpringBootTestContextBootstrapper : Neither @ContextConfiguration nor @ContextHierarchy found for test class [com.mobiquity.atms.controllers.AtmListControllerTest], using SpringBootContextLoader
2021-06-14 13:47:45.528  INFO 16692 --- [main] o.s.t.c.support.AbstractContextLoader    : Could not detect default resource locations for test class [com.mobiquity.atms.controllers.AtmListControllerTest]: no resource found for suffixes {-context.xml, Context.groovy}.
2021-06-14 13:47:45.529  INFO 16692 --- [main] t.c.s.AnnotationConfigContextLoaderUtils : Could not detect default configuration classes for test class [com.mobiquity.atms.controllers.AtmListControllerTest]: AtmListControllerTest does not declare any static, non-private, non-final, nested classes annotated with @Configuration.
2021-06-14 13:47:45.542  INFO 16692 --- [main] .b.t.c.SpringBootTestContextBootstrapper : Found @SpringBootConfiguration com.mobiquity.atms.AtmsListApplication for test class com.mobiquity.atms.controllers.AtmListControllerTest
2021-06-14 13:47:45.544  INFO 16692 --- [main] .b.t.c.SpringBootTestContextBootstrapper : Loaded default TestExecutionListener class names from location [META-INF/spring.factories]: [org.springframework.boot.test.mock.mockito.MockitoTestExecutionListener, org.springframework.boot.test.mock.mockito.ResetMocksTestExecutionListener, org.springframework.boot.test.autoconfigure.restdocs.RestDocsTestExecutionListener, org.springframework.boot.test.autoconfigure.web.client.MockRestServiceServerResetTestExecutionListener, org.springframework.boot.test.autoconfigure.web.servlet.MockMvcPrintOnlyOnFailureTestExecutionListener, org.springframework.boot.test.autoconfigure.web.servlet.WebDriverTestExecutionListener, org.springframework.boot.test.autoconfigure.webservices.client.MockWebServiceServerTestExecutionListener, org.springframework.test.context.web.ServletTestExecutionListener, org.springframework.test.context.support.DirtiesContextBeforeModesTestExecutionListener, org.springframework.test.context.event.ApplicationEventsTestExecutionListener, org.springframework.test.context.support.DependencyInjectionTestExecutionListener, org.springframework.test.context.support.DirtiesContextTestExecutionListener, org.springframework.test.context.transaction.TransactionalTestExecutionListener, org.springframework.test.context.jdbc.SqlScriptsTestExecutionListener, org.springframework.test.context.event.EventPublishingTestExecutionListener]
2021-06-14 13:47:45.545  INFO 16692 --- [main] .b.t.c.SpringBootTestContextBootstrapper : Using TestExecutionListeners: [org.springframework.test.context.web.ServletTestExecutionListener@6b5df313, org.springframework.test.context.support.DirtiesContextBeforeModesTestExecutionListener@1a6aecec, org.springframework.test.context.event.ApplicationEventsTestExecutionListener@51989b17, org.springframework.boot.test.mock.mockito.MockitoTestExecutionListener@12f52ca4, org.springframework.boot.test.autoconfigure.SpringBootDependencyInjectionTestExecutionListener@16b48082, org.springframework.test.context.support.DirtiesContextTestExecutionListener@5bf41334, org.springframework.test.context.event.EventPublishingTestExecutionListener@4e216b7e, org.springframework.boot.test.mock.mockito.ResetMocksTestExecutionListener@750afe12, org.springframework.boot.test.autoconfigure.restdocs.RestDocsTestExecutionListener@4788c0a1, org.springframework.boot.test.autoconfigure.web.client.MockRestServiceServerResetTestExecutionListener@3c9e06d7, org.springframework.boot.test.autoconfigure.web.servlet.MockMvcPrintOnlyOnFailureTestExecutionListener@79a1f0a1, org.springframework.boot.test.autoconfigure.web.servlet.WebDriverTestExecutionListener@5bf97be9, org.springframework.boot.test.autoconfigure.webservices.client.MockWebServiceServerTestExecutionListener@5af535ff]
2021-06-14 13:47:45.718  INFO 16692 --- [main] c.m.atms.controllers.AtmListController   : [ getAllAtms method {} ]
2021-06-14 13:47:45.747  INFO 16692 --- [main] c.m.atms.controllers.AtmListController   : [ getAllAtmsWithformatted method {} ]
2021-06-14 13:47:45.754  INFO 16692 --- [main] c.m.atms.controllers.AtmListController   : [ getAllAtmsWithformatted method {} ]
2021-06-14 13:47:45.760  INFO 16692 --- [main] c.m.atms.controllers.AtmListController   : [ getAllAtms method {} ]
2021-06-14 13:47:45.764  INFO 16692 --- [main] .b.t.c.SpringBootTestContextBootstrapper : Neither @ContextConfiguration nor @ContextHierarchy found for test class [com.mobiquity.atms.serviceImpls.AtmListServiceImplTest], using SpringBootContextLoader
2021-06-14 13:47:45.765  INFO 16692 --- [main] o.s.t.c.support.AbstractContextLoader    : Could not detect default resource locations for test class [com.mobiquity.atms.serviceImpls.AtmListServiceImplTest]: no resource found for suffixes {-context.xml, Context.groovy}.
2021-06-14 13:47:45.765  INFO 16692 --- [main] t.c.s.AnnotationConfigContextLoaderUtils : Could not detect default configuration classes for test class [com.mobiquity.atms.serviceImpls.AtmListServiceImplTest]: AtmListServiceImplTest does not declare any static, non-private, non-final, nested classes annotated with @Configuration.
2021-06-14 13:47:45.772  INFO 16692 --- [main] .b.t.c.SpringBootTestContextBootstrapper : Found @SpringBootConfiguration com.mobiquity.atms.AtmsListApplication for test class com.mobiquity.atms.serviceImpls.AtmListServiceImplTest
2021-06-14 13:47:45.774  INFO 16692 --- [main] .b.t.c.SpringBootTestContextBootstrapper : Loaded default TestExecutionListener class names from location [META-INF/spring.factories]: [org.springframework.boot.test.mock.mockito.MockitoTestExecutionListener, org.springframework.boot.test.mock.mockito.ResetMocksTestExecutionListener, org.springframework.boot.test.autoconfigure.restdocs.RestDocsTestExecutionListener, org.springframework.boot.test.autoconfigure.web.client.MockRestServiceServerResetTestExecutionListener, org.springframework.boot.test.autoconfigure.web.servlet.MockMvcPrintOnlyOnFailureTestExecutionListener, org.springframework.boot.test.autoconfigure.web.servlet.WebDriverTestExecutionListener, org.springframework.boot.test.autoconfigure.webservices.client.MockWebServiceServerTestExecutionListener, org.springframework.test.context.web.ServletTestExecutionListener, org.springframework.test.context.support.DirtiesContextBeforeModesTestExecutionListener, org.springframework.test.context.event.ApplicationEventsTestExecutionListener, org.springframework.test.context.support.DependencyInjectionTestExecutionListener, org.springframework.test.context.support.DirtiesContextTestExecutionListener, org.springframework.test.context.transaction.TransactionalTestExecutionListener, org.springframework.test.context.jdbc.SqlScriptsTestExecutionListener, org.springframework.test.context.event.EventPublishingTestExecutionListener]
2021-06-14 13:47:45.775  INFO 16692 --- [main] .b.t.c.SpringBootTestContextBootstrapper : Using TestExecutionListeners: [org.springframework.test.context.web.ServletTestExecutionListener@2c5b2d62, org.springframework.test.context.support.DirtiesContextBeforeModesTestExecutionListener@5da5bd9e, org.springframework.test.context.event.ApplicationEventsTestExecutionListener@165ec33, org.springframework.boot.test.mock.mockito.MockitoTestExecutionListener@3746749, org.springframework.boot.test.autoconfigure.SpringBootDependencyInjectionTestExecutionListener@76b17a78, org.springframework.test.context.support.DirtiesContextTestExecutionListener@608707d, org.springframework.test.context.event.EventPublishingTestExecutionListener@28a210fb, org.springframework.boot.test.mock.mockito.ResetMocksTestExecutionListener@8cc7489, org.springframework.boot.test.autoconfigure.restdocs.RestDocsTestExecutionListener@7553ad52, org.springframework.boot.test.autoconfigure.web.client.MockRestServiceServerResetTestExecutionListener@301da01d, org.springframework.boot.test.autoconfigure.web.servlet.MockMvcPrintOnlyOnFailureTestExecutionListener@8004b2d, org.springframework.boot.test.autoconfigure.web.servlet.WebDriverTestExecutionListener@63031e98, org.springframework.boot.test.autoconfigure.webservices.client.MockWebServiceServerTestExecutionListener@b521697]
2021-06-14 13:47:55.337  INFO 16692 --- [main] .b.t.c.SpringBootTestContextBootstrapper : Neither @ContextConfiguration nor @ContextHierarchy found for test class [com.mobiquity.atms.exceptions.AtmListException], using SpringBootContextLoader
2021-06-14 13:47:55.339  INFO 16692 --- [main] o.s.t.c.support.AbstractContextLoader    : Could not detect default resource locations for test class [com.mobiquity.atms.exceptions.AtmListException]: no resource found for suffixes {-context.xml, Context.groovy}.
2021-06-14 13:47:55.339  INFO 16692 --- [main] t.c.s.AnnotationConfigContextLoaderUtils : Could not detect default configuration classes for test class [com.mobiquity.atms.exceptions.AtmListException]: AtmListException does not declare any static, non-private, non-final, nested classes annotated with @Configuration.
2021-06-14 13:47:55.347  INFO 16692 --- [main] .b.t.c.SpringBootTestContextBootstrapper : Found @SpringBootConfiguration com.mobiquity.atms.AtmsListApplication for test class com.mobiquity.atms.exceptions.AtmListException
2021-06-14 13:47:55.349  INFO 16692 --- [main] .b.t.c.SpringBootTestContextBootstrapper : Loaded default TestExecutionListener class names from location [META-INF/spring.factories]: [org.springframework.boot.test.mock.mockito.MockitoTestExecutionListener, org.springframework.boot.test.mock.mockito.ResetMocksTestExecutionListener, org.springframework.boot.test.autoconfigure.restdocs.RestDocsTestExecutionListener, org.springframework.boot.test.autoconfigure.web.client.MockRestServiceServerResetTestExecutionListener, org.springframework.boot.test.autoconfigure.web.servlet.MockMvcPrintOnlyOnFailureTestExecutionListener, org.springframework.boot.test.autoconfigure.web.servlet.WebDriverTestExecutionListener, org.springframework.boot.test.autoconfigure.webservices.client.MockWebServiceServerTestExecutionListener, org.springframework.test.context.web.ServletTestExecutionListener, org.springframework.test.context.support.DirtiesContextBeforeModesTestExecutionListener, org.springframework.test.context.event.ApplicationEventsTestExecutionListener, org.springframework.test.context.support.DependencyInjectionTestExecutionListener, org.springframework.test.context.support.DirtiesContextTestExecutionListener, org.springframework.test.context.transaction.TransactionalTestExecutionListener, org.springframework.test.context.jdbc.SqlScriptsTestExecutionListener, org.springframework.test.context.event.EventPublishingTestExecutionListener]
2021-06-14 13:47:55.351  INFO 16692 --- [main] .b.t.c.SpringBootTestContextBootstrapper : Using TestExecutionListeners: [org.springframework.test.context.web.ServletTestExecutionListener@19d8d11f, org.springframework.test.context.support.DirtiesContextBeforeModesTestExecutionListener@6b7b046, org.springframework.test.context.event.ApplicationEventsTestExecutionListener@7ece1800, org.springframework.boot.test.mock.mockito.MockitoTestExecutionListener@13095872, org.springframework.boot.test.autoconfigure.SpringBootDependencyInjectionTestExecutionListener@4c062325, org.springframework.test.context.support.DirtiesContextTestExecutionListener@77889f63, org.springframework.test.context.event.EventPublishingTestExecutionListener@7988978a, org.springframework.boot.test.mock.mockito.ResetMocksTestExecutionListener@201b8a01, org.springframework.boot.test.autoconfigure.restdocs.RestDocsTestExecutionListener@5d798a2c, org.springframework.boot.test.autoconfigure.web.client.MockRestServiceServerResetTestExecutionListener@6eb96567, org.springframework.boot.test.autoconfigure.web.servlet.MockMvcPrintOnlyOnFailureTestExecutionListener@53309bfd, org.springframework.boot.test.autoconfigure.web.servlet.WebDriverTestExecutionListener@2f074818, org.springframework.boot.test.autoconfigure.webservices.client.MockWebServiceServerTestExecutionListener@3e3e9f3e]
2021-06-14 13:52:36.781  INFO 16788 --- [main] c.m.a.controllers.AtmListControllerTest  : Starting AtmListControllerTest using Java 15.0.1 on INHYNASOMASI01 with PID 16788 (started by asomasi in C:\Users\asomasi\pincode\atms-list)
2021-06-14 13:52:36.783  INFO 16788 --- [main] c.m.a.controllers.AtmListControllerTest  : No active profile set, falling back to default profiles: default
2021-06-14 13:52:40.014  INFO 16788 --- [main] c.m.a.controllers.AtmListControllerTest  : Started AtmListControllerTest in 3.551 seconds (JVM running for 4.544)
2021-06-14 13:52:40.491  INFO 16788 --- [main] c.m.atms.controllers.AtmListController   : [ getAllAtmsWithUnformatted method {} ]
2021-06-14 13:52:40.528  INFO 16788 --- [main] c.m.atms.controllers.AtmListController   : [ getAllAtmsByCityWithformatted method {} ]
2021-06-14 13:52:40.538  INFO 16788 --- [main] c.m.atms.controllers.AtmListController   : [ getAllAtmsWithformatted method {} ]
2021-06-14 13:52:40.547  INFO 16788 --- [main] c.m.atms.controllers.AtmListController   : [ getAllAtmsWithUnformatted method {} ]
2021-06-14 13:54:37.954  INFO 20980 --- [main] c.m.a.controllers.AtmListControllerTest  : Starting AtmListControllerTest using Java 15.0.1 on INHYNASOMASI01 with PID 20980 (started by asomasi in C:\Users\asomasi\pincode\atms-list)
2021-06-14 13:54:37.957  INFO 20980 --- [main] c.m.a.controllers.AtmListControllerTest  : No active profile set, falling back to default profiles: default
2021-06-14 13:54:41.190  INFO 20980 --- [main] c.m.a.controllers.AtmListControllerTest  : Started AtmListControllerTest in 3.554 seconds (JVM running for 4.547)
2021-06-14 13:54:41.603  INFO 20980 --- [main] c.m.atms.controllers.AtmListController   : [ getAllAtmsWithUnformatted method {} ]
2021-06-14 13:54:41.631  INFO 20980 --- [main] c.m.atms.controllers.AtmListController   : [ getAllAtmsByCityWithformatted method {} ]
2021-06-14 13:54:41.637  INFO 20980 --- [main] c.m.atms.controllers.AtmListController   : [ getAllAtmsWithformatted method {} ]
2021-06-14 13:54:41.642  INFO 20980 --- [main] c.m.atms.controllers.AtmListController   : [ getAllAtmsWithUnformatted method {} ]
2021-06-14 13:56:04.520  INFO 11756 --- [main] c.m.a.controllers.AtmListControllerTest  : Starting AtmListControllerTest using Java 15.0.1 on INHYNASOMASI01 with PID 11756 (started by asomasi in C:\Users\asomasi\pincode\atms-list)
2021-06-14 13:56:04.522  INFO 11756 --- [main] c.m.a.controllers.AtmListControllerTest  : No active profile set, falling back to default profiles: default
2021-06-14 13:56:07.463  INFO 11756 --- [main] c.m.a.controllers.AtmListControllerTest  : Started AtmListControllerTest in 3.258 seconds (JVM running for 4.25)
2021-06-14 13:56:07.931  INFO 11756 --- [main] c.m.atms.controllers.AtmListController   : [ getAllAtmsWithUnformatted method {} ]
2021-06-14 13:56:07.961  INFO 11756 --- [main] c.m.atms.controllers.AtmListController   : [ getAllAtmsByCityWithformatted method {} ]
2021-06-14 13:56:07.966  INFO 11756 --- [main] c.m.atms.controllers.AtmListController   : [ getAllAtmsWithformatted method {} ]
2021-06-14 13:56:07.970  INFO 11756 --- [main] c.m.atms.controllers.AtmListController   : [ getAllAtmsWithUnformatted method {} ]
2021-06-14 13:59:18.147  INFO 5768 --- [main] c.m.a.controllers.AtmListControllerTest  : Starting AtmListControllerTest using Java 15.0.1 on INHYNASOMASI01 with PID 5768 (started by asomasi in C:\Users\asomasi\pincode\atms-list)
2021-06-14 13:59:18.149  INFO 5768 --- [main] c.m.a.controllers.AtmListControllerTest  : No active profile set, falling back to default profiles: default
2021-06-14 13:59:21.229  INFO 5768 --- [main] c.m.a.controllers.AtmListControllerTest  : Started AtmListControllerTest in 3.399 seconds (JVM running for 4.46)
2021-06-14 13:59:21.697  INFO 5768 --- [main] c.m.atms.controllers.AtmListController   : [ getAllAtmsWithUnformatted method {} ]
2021-06-14 13:59:21.723  INFO 5768 --- [main] c.m.atms.controllers.AtmListController   : [ getAllAtmsByCityWithformatted method {} ]
2021-06-14 13:59:21.730  INFO 5768 --- [main] c.m.atms.controllers.AtmListController   : [ getAllAtmsWithformatted method {} ]
2021-06-14 13:59:21.736  INFO 5768 --- [main] c.m.atms.controllers.AtmListController   : [ getAllAtmsWithUnformatted method {} ]
2021-06-14 13:59:59.462  INFO 18268 --- [main] c.m.atms.AtmsListApplicationTests        : Starting AtmsListApplicationTests using Java 15.0.1 on INHYNASOMASI01 with PID 18268 (started by asomasi in C:\Users\asomasi\pincode\atms-list)
2021-06-14 13:59:59.467  INFO 18268 --- [main] c.m.atms.AtmsListApplicationTests        : No active profile set, falling back to default profiles: default
2021-06-14 14:00:04.035  INFO 18268 --- [main] c.m.atms.AtmsListApplicationTests        : Started AtmsListApplicationTests in 5.284 seconds (JVM running for 7.743)
2021-06-14 14:00:05.070  INFO 18268 --- [main] .b.t.c.SpringBootTestContextBootstrapper : Neither @ContextConfiguration nor @ContextHierarchy found for test class [com.mobiquity.atms.controllers.AtmListControllerTest], using SpringBootContextLoader
2021-06-14 14:00:05.072  INFO 18268 --- [main] o.s.t.c.support.AbstractContextLoader    : Could not detect default resource locations for test class [com.mobiquity.atms.controllers.AtmListControllerTest]: no resource found for suffixes {-context.xml, Context.groovy}.
2021-06-14 14:00:05.073  INFO 18268 --- [main] t.c.s.AnnotationConfigContextLoaderUtils : Could not detect default configuration classes for test class [com.mobiquity.atms.controllers.AtmListControllerTest]: AtmListControllerTest does not declare any static, non-private, non-final, nested classes annotated with @Configuration.
2021-06-14 14:00:05.095  INFO 18268 --- [main] .b.t.c.SpringBootTestContextBootstrapper : Found @SpringBootConfiguration com.mobiquity.atms.AtmsListApplication for test class com.mobiquity.atms.controllers.AtmListControllerTest
2021-06-14 14:00:05.100  INFO 18268 --- [main] .b.t.c.SpringBootTestContextBootstrapper : Loaded default TestExecutionListener class names from location [META-INF/spring.factories]: [org.springframework.boot.test.mock.mockito.MockitoTestExecutionListener, org.springframework.boot.test.mock.mockito.ResetMocksTestExecutionListener, org.springframework.boot.test.autoconfigure.restdocs.RestDocsTestExecutionListener, org.springframework.boot.test.autoconfigure.web.client.MockRestServiceServerResetTestExecutionListener, org.springframework.boot.test.autoconfigure.web.servlet.MockMvcPrintOnlyOnFailureTestExecutionListener, org.springframework.boot.test.autoconfigure.web.servlet.WebDriverTestExecutionListener, org.springframework.boot.test.autoconfigure.webservices.client.MockWebServiceServerTestExecutionListener, org.springframework.test.context.web.ServletTestExecutionListener, org.springframework.test.context.support.DirtiesContextBeforeModesTestExecutionListener, org.springframework.test.context.event.ApplicationEventsTestExecutionListener, org.springframework.test.context.support.DependencyInjectionTestExecutionListener, org.springframework.test.context.support.DirtiesContextTestExecutionListener, org.springframework.test.context.transaction.TransactionalTestExecutionListener, org.springframework.test.context.jdbc.SqlScriptsTestExecutionListener, org.springframework.test.context.event.EventPublishingTestExecutionListener]
2021-06-14 14:00:05.102  INFO 18268 --- [main] .b.t.c.SpringBootTestContextBootstrapper : Using TestExecutionListeners: [org.springframework.test.context.web.ServletTestExecutionListener@62ccbd95, org.springframework.test.context.support.DirtiesContextBeforeModesTestExecutionListener@49696c41, org.springframework.test.context.event.ApplicationEventsTestExecutionListener@595713f3, org.springframework.boot.test.mock.mockito.MockitoTestExecutionListener@7bbd133c, org.springframework.boot.test.autoconfigure.SpringBootDependencyInjectionTestExecutionListener@7c9a39cb, org.springframework.test.context.support.DirtiesContextTestExecutionListener@7e93497d, org.springframework.test.context.event.EventPublishingTestExecutionListener@1fba15d7, org.springframework.boot.test.mock.mockito.ResetMocksTestExecutionListener@c8dc1ef, org.springframework.boot.test.autoconfigure.restdocs.RestDocsTestExecutionListener@21f4f5d4, org.springframework.boot.test.autoconfigure.web.client.MockRestServiceServerResetTestExecutionListener@45488836, org.springframework.boot.test.autoconfigure.web.servlet.MockMvcPrintOnlyOnFailureTestExecutionListener@a9339e5, org.springframework.boot.test.autoconfigure.web.servlet.WebDriverTestExecutionListener@687313e1, org.springframework.boot.test.autoconfigure.webservices.client.MockWebServiceServerTestExecutionListener@6eaf016e]
2021-06-14 14:00:05.311  INFO 18268 --- [main] c.m.atms.controllers.AtmListController   : [ getAllAtmsWithUnformatted method {} ]
2021-06-14 14:00:05.358  INFO 18268 --- [main] c.m.atms.controllers.AtmListController   : [ getAllAtmsByCityWithformatted method {} ]
2021-06-14 14:00:05.369  INFO 18268 --- [main] c.m.atms.controllers.AtmListController   : [ getAllAtmsWithformatted method {} ]
2021-06-14 14:00:05.378  INFO 18268 --- [main] c.m.atms.controllers.AtmListController   : [ getAllAtmsWithUnformatted method {} ]
2021-06-14 14:00:05.401  INFO 18268 --- [main] .b.t.c.SpringBootTestContextBootstrapper : Neither @ContextConfiguration nor @ContextHierarchy found for test class [com.mobiquity.atms.serviceImpls.AtmListServiceImplTest], using SpringBootContextLoader
2021-06-14 14:00:05.403  INFO 18268 --- [main] o.s.t.c.support.AbstractContextLoader    : Could not detect default resource locations for test class [com.mobiquity.atms.serviceImpls.AtmListServiceImplTest]: no resource found for suffixes {-context.xml, Context.groovy}.
2021-06-14 14:00:05.404  INFO 18268 --- [main] t.c.s.AnnotationConfigContextLoaderUtils : Could not detect default configuration classes for test class [com.mobiquity.atms.serviceImpls.AtmListServiceImplTest]: AtmListServiceImplTest does not declare any static, non-private, non-final, nested classes annotated with @Configuration.
2021-06-14 14:00:05.413  INFO 18268 --- [main] .b.t.c.SpringBootTestContextBootstrapper : Found @SpringBootConfiguration com.mobiquity.atms.AtmsListApplication for test class com.mobiquity.atms.serviceImpls.AtmListServiceImplTest
2021-06-14 14:00:05.415  INFO 18268 --- [main] .b.t.c.SpringBootTestContextBootstrapper : Loaded default TestExecutionListener class names from location [META-INF/spring.factories]: [org.springframework.boot.test.mock.mockito.MockitoTestExecutionListener, org.springframework.boot.test.mock.mockito.ResetMocksTestExecutionListener, org.springframework.boot.test.autoconfigure.restdocs.RestDocsTestExecutionListener, org.springframework.boot.test.autoconfigure.web.client.MockRestServiceServerResetTestExecutionListener, org.springframework.boot.test.autoconfigure.web.servlet.MockMvcPrintOnlyOnFailureTestExecutionListener, org.springframework.boot.test.autoconfigure.web.servlet.WebDriverTestExecutionListener, org.springframework.boot.test.autoconfigure.webservices.client.MockWebServiceServerTestExecutionListener, org.springframework.test.context.web.ServletTestExecutionListener, org.springframework.test.context.support.DirtiesContextBeforeModesTestExecutionListener, org.springframework.test.context.event.ApplicationEventsTestExecutionListener, org.springframework.test.context.support.DependencyInjectionTestExecutionListener, org.springframework.test.context.support.DirtiesContextTestExecutionListener, org.springframework.test.context.transaction.TransactionalTestExecutionListener, org.springframework.test.context.jdbc.SqlScriptsTestExecutionListener, org.springframework.test.context.event.EventPublishingTestExecutionListener]
2021-06-14 14:00:05.416  INFO 18268 --- [main] .b.t.c.SpringBootTestContextBootstrapper : Using TestExecutionListeners: [org.springframework.test.context.web.ServletTestExecutionListener@6048e171, org.springframework.test.context.support.DirtiesContextBeforeModesTestExecutionListener@75eed00f, org.springframework.test.context.event.ApplicationEventsTestExecutionListener@6ae729fb, org.springframework.boot.test.mock.mockito.MockitoTestExecutionListener@5513982, org.springframework.boot.test.autoconfigure.SpringBootDependencyInjectionTestExecutionListener@22351330, org.springframework.test.context.support.DirtiesContextTestExecutionListener@2158d1d1, org.springframework.test.context.event.EventPublishingTestExecutionListener@72238cf0, org.springframework.boot.test.mock.mockito.ResetMocksTestExecutionListener@7e32261f, org.springframework.boot.test.autoconfigure.restdocs.RestDocsTestExecutionListener@7414167a, org.springframework.boot.test.autoconfigure.web.client.MockRestServiceServerResetTestExecutionListener@13258770, org.springframework.boot.test.autoconfigure.web.servlet.MockMvcPrintOnlyOnFailureTestExecutionListener@7d8fcde8, org.springframework.boot.test.autoconfigure.web.servlet.WebDriverTestExecutionListener@12620e98, org.springframework.boot.test.autoconfigure.webservices.client.MockWebServiceServerTestExecutionListener@46916d68]
2021-06-14 14:00:14.378  INFO 18268 --- [main] .b.t.c.SpringBootTestContextBootstrapper : Neither @ContextConfiguration nor @ContextHierarchy found for test class [com.mobiquity.atms.exceptions.AtmListException], using SpringBootContextLoader
2021-06-14 14:00:14.380  INFO 18268 --- [main] o.s.t.c.support.AbstractContextLoader    : Could not detect default resource locations for test class [com.mobiquity.atms.exceptions.AtmListException]: no resource found for suffixes {-context.xml, Context.groovy}.
2021-06-14 14:00:14.380  INFO 18268 --- [main] t.c.s.AnnotationConfigContextLoaderUtils : Could not detect default configuration classes for test class [com.mobiquity.atms.exceptions.AtmListException]: AtmListException does not declare any static, non-private, non-final, nested classes annotated with @Configuration.
2021-06-14 14:00:14.386  INFO 18268 --- [main] .b.t.c.SpringBootTestContextBootstrapper : Found @SpringBootConfiguration com.mobiquity.atms.AtmsListApplication for test class com.mobiquity.atms.exceptions.AtmListException
2021-06-14 14:00:14.388  INFO 18268 --- [main] .b.t.c.SpringBootTestContextBootstrapper : Loaded default TestExecutionListener class names from location [META-INF/spring.factories]: [org.springframework.boot.test.mock.mockito.MockitoTestExecutionListener, org.springframework.boot.test.mock.mockito.ResetMocksTestExecutionListener, org.springframework.boot.test.autoconfigure.restdocs.RestDocsTestExecutionListener, org.springframework.boot.test.autoconfigure.web.client.MockRestServiceServerResetTestExecutionListener, org.springframework.boot.test.autoconfigure.web.servlet.MockMvcPrintOnlyOnFailureTestExecutionListener, org.springframework.boot.test.autoconfigure.web.servlet.WebDriverTestExecutionListener, org.springframework.boot.test.autoconfigure.webservices.client.MockWebServiceServerTestExecutionListener, org.springframework.test.context.web.ServletTestExecutionListener, org.springframework.test.context.support.DirtiesContextBeforeModesTestExecutionListener, org.springframework.test.context.event.ApplicationEventsTestExecutionListener, org.springframework.test.context.support.DependencyInjectionTestExecutionListener, org.springframework.test.context.support.DirtiesContextTestExecutionListener, org.springframework.test.context.transaction.TransactionalTestExecutionListener, org.springframework.test.context.jdbc.SqlScriptsTestExecutionListener, org.springframework.test.context.event.EventPublishingTestExecutionListener]
2021-06-14 14:00:14.389  INFO 18268 --- [main] .b.t.c.SpringBootTestContextBootstrapper : Using TestExecutionListeners: [org.springframework.test.context.web.ServletTestExecutionListener@475534d1, org.springframework.test.context.support.DirtiesContextBeforeModesTestExecutionListener@52e67513, org.springframework.test.context.event.ApplicationEventsTestExecutionListener@1e60d113, org.springframework.boot.test.mock.mockito.MockitoTestExecutionListener@697ea6b2, org.springframework.boot.test.autoconfigure.SpringBootDependencyInjectionTestExecutionListener@7e3f4f0, org.springframework.test.context.support.DirtiesContextTestExecutionListener@664c47f2, org.springframework.test.context.event.EventPublishingTestExecutionListener@7e3cea61, org.springframework.boot.test.mock.mockito.ResetMocksTestExecutionListener@626b8822, org.springframework.boot.test.autoconfigure.restdocs.RestDocsTestExecutionListener@7ab7a4eb, org.springframework.boot.test.autoconfigure.web.client.MockRestServiceServerResetTestExecutionListener@7ec00f98, org.springframework.boot.test.autoconfigure.web.servlet.MockMvcPrintOnlyOnFailureTestExecutionListener@67b68dc3, org.springframework.boot.test.autoconfigure.web.servlet.WebDriverTestExecutionListener@5922338f, org.springframework.boot.test.autoconfigure.webservices.client.MockWebServiceServerTestExecutionListener@1e7544bc]
2021-06-14 14:01:39.056  INFO 12940 --- [main] c.m.a.controllers.AtmListControllerTest  : Starting AtmListControllerTest using Java 15.0.1 on INHYNASOMASI01 with PID 12940 (started by asomasi in C:\Users\asomasi\pincode\atms-list)
2021-06-14 14:01:39.058  INFO 12940 --- [main] c.m.a.controllers.AtmListControllerTest  : No active profile set, falling back to default profiles: default
2021-06-14 14:01:42.273  INFO 12940 --- [main] c.m.a.controllers.AtmListControllerTest  : Started AtmListControllerTest in 3.569 seconds (JVM running for 4.77)
2021-06-14 14:01:42.749  INFO 12940 --- [main] c.m.atms.controllers.AtmListController   : [ getAllAtmsWithUnformatted method {} ]
2021-06-14 14:01:42.783  INFO 12940 --- [main] c.m.atms.controllers.AtmListController   : [ getAllAtmsByCityWithformatted method {} ]
2021-06-14 14:01:42.790  INFO 12940 --- [main] c.m.atms.controllers.AtmListController   : [ getAllAtmsWithformatted method {} ]
2021-06-14 14:01:42.796  INFO 12940 --- [main] c.m.atms.controllers.AtmListController   : [ getAllAtmsWithUnformatted method {} ]
2021-06-14 14:02:30.110  INFO 13540 --- [main] c.m.a.controllers.AtmListControllerTest  : Starting AtmListControllerTest using Java 15.0.1 on INHYNASOMASI01 with PID 13540 (started by asomasi in C:\Users\asomasi\pincode\atms-list)
2021-06-14 14:02:30.112  INFO 13540 --- [main] c.m.a.controllers.AtmListControllerTest  : No active profile set, falling back to default profiles: default
2021-06-14 14:02:32.994  INFO 13540 --- [main] c.m.a.controllers.AtmListControllerTest  : Started AtmListControllerTest in 3.185 seconds (JVM running for 4.152)
2021-06-14 14:02:33.503  INFO 13540 --- [main] c.m.atms.controllers.AtmListController   : [ getAllAtmsWithUnformatted method {} ]
2021-06-14 14:02:33.533  INFO 13540 --- [main] c.m.atms.controllers.AtmListController   : [ getAllAtmsByCityWithformatted method {} ]
2021-06-14 14:02:33.539  INFO 13540 --- [main] c.m.atms.controllers.AtmListController   : [ getAllAtmsWithformatted method {} ]
2021-06-14 14:02:33.545  INFO 13540 --- [main] c.m.atms.controllers.AtmListController   : [ getAllAtmsWithUnformatted method {} ]
2021-06-14 14:02:47.034  INFO 15688 --- [main] c.m.a.controllers.AtmListControllerTest  : Starting AtmListControllerTest using Java 15.0.1 on INHYNASOMASI01 with PID 15688 (started by asomasi in C:\Users\asomasi\pincode\atms-list)
2021-06-14 14:02:47.037  INFO 15688 --- [main] c.m.a.controllers.AtmListControllerTest  : No active profile set, falling back to default profiles: default
2021-06-14 14:02:50.085  INFO 15688 --- [main] c.m.a.controllers.AtmListControllerTest  : Started AtmListControllerTest in 3.371 seconds (JVM running for 4.366)
2021-06-14 14:02:50.570  INFO 15688 --- [main] c.m.atms.controllers.AtmListController   : [ getAllAtmsWithUnformatted method {} ]
2021-06-14 14:02:50.598  INFO 15688 --- [main] c.m.atms.controllers.AtmListController   : [ getAllAtmsByCityWithformatted method {} ]
2021-06-14 14:02:50.604  INFO 15688 --- [main] c.m.atms.controllers.AtmListController   : [ getAllAtmsWithformatted method {} ]
2021-06-14 14:02:50.610  INFO 15688 --- [main] c.m.atms.controllers.AtmListController   : [ getAllAtmsWithUnformatted method {} ]
2021-06-14 14:03:24.091  INFO 3540 --- [main] c.m.a.controllers.AtmListControllerTest  : Starting AtmListControllerTest using Java 15.0.1 on INHYNASOMASI01 with PID 3540 (started by asomasi in C:\Users\asomasi\pincode\atms-list)
2021-06-14 14:03:24.094  INFO 3540 --- [main] c.m.a.controllers.AtmListControllerTest  : No active profile set, falling back to default profiles: default
2021-06-14 14:03:27.378  INFO 3540 --- [main] c.m.a.controllers.AtmListControllerTest  : Started AtmListControllerTest in 3.616 seconds (JVM running for 4.596)
2021-06-14 14:03:27.883  INFO 3540 --- [main] c.m.atms.controllers.AtmListController   : [ getAllAtmsWithUnformatted method {} ]
2021-06-14 14:03:27.919  INFO 3540 --- [main] c.m.atms.controllers.AtmListController   : [ getAllAtmsByCityWithformatted method {} ]
2021-06-14 14:03:27.927  INFO 3540 --- [main] c.m.atms.controllers.AtmListController   : [ getAllAtmsWithformatted method {} ]
2021-06-14 14:03:27.932  INFO 3540 --- [main] c.m.atms.controllers.AtmListController   : [ getAllAtmsWithUnformatted method {} ]
2021-06-14 14:06:41.578  INFO 20268 --- [main] com.mobiquity.atms.AtmsListApplication   : Starting AtmsListApplication using Java 15.0.1 on INHYNASOMASI01 with PID 20268 (C:\Users\asomasi\pincode\atms-list\target\classes started by asomasi in C:\Users\asomasi\pincode\atms-list)
2021-06-14 14:06:41.580  INFO 20268 --- [main] com.mobiquity.atms.AtmsListApplication   : No active profile set, falling back to default profiles: default
2021-06-14 14:06:43.039  INFO 20268 --- [main] o.s.b.w.embedded.tomcat.TomcatWebServer  : Tomcat initialized with port(s): 8080 (http)
2021-06-14 14:06:43.050  INFO 20268 --- [main] o.apache.catalina.core.StandardService   : Starting service [Tomcat]
2021-06-14 14:06:43.051  INFO 20268 --- [main] org.apache.catalina.core.StandardEngine  : Starting Servlet engine: [Apache Tomcat/9.0.46]
2021-06-14 14:06:43.134  INFO 20268 --- [main] o.a.c.c.C.[Tomcat].[localhost].[/]       : Initializing Spring embedded WebApplicationContext
2021-06-14 14:06:43.134  INFO 20268 --- [main] w.s.c.ServletWebServerApplicationContext : Root WebApplicationContext: initialization completed in 1496 ms
2021-06-14 14:06:43.669  INFO 20268 --- [main] pertySourcedRequestMappingHandlerMapping : Mapped URL path [/v2/api-docs] onto method [springfox.documentation.swagger2.web.Swagger2Controller#getDocumentation(String, HttpServletRequest)]
2021-06-14 14:06:43.960  INFO 20268 --- [main] o.s.b.w.embedded.tomcat.TomcatWebServer  : Tomcat started on port(s): 8080 (http) with context path ''
2021-06-14 14:06:43.962  INFO 20268 --- [main] d.s.w.p.DocumentationPluginsBootstrapper : Context refreshed
2021-06-14 14:06:43.986  INFO 20268 --- [main] d.s.w.p.DocumentationPluginsBootstrapper : Found 1 custom documentation plugin(s)
2021-06-14 14:06:44.023  INFO 20268 --- [main] s.d.s.w.s.ApiListingReferenceScanner     : Scanning for api listing references
2021-06-14 14:06:44.194  INFO 20268 --- [main] com.mobiquity.atms.AtmsListApplication   : Started AtmsListApplication in 3.045 seconds (JVM running for 3.48)
2021-06-14 14:07:07.129  INFO 20268 --- [http-nio-8080-exec-1] o.a.c.c.C.[Tomcat].[localhost].[/]       : Initializing Spring DispatcherServlet 'dispatcherServlet'
2021-06-14 14:07:07.129  INFO 20268 --- [http-nio-8080-exec-1] o.s.web.servlet.DispatcherServlet        : Initializing Servlet 'dispatcherServlet'
2021-06-14 14:07:07.130  INFO 20268 --- [http-nio-8080-exec-1] o.s.web.servlet.DispatcherServlet        : Completed initialization in 1 ms
2021-06-14 14:07:16.007  INFO 20268 --- [http-nio-8080-exec-9] c.m.atms.controllers.AtmListController   : [ getAllAtmsWithformatted method {} ]
2021-06-14 14:07:42.552  INFO 20268 --- [http-nio-8080-exec-2] c.m.atms.controllers.AtmListController   : [ getAllAtmsByCityWithformatted method {} ]
2021-06-14 14:15:55.254  INFO 21572 --- [main] com.mobiquity.atms.AtmsListApplication   : Starting AtmsListApplication using Java 15.0.1 on INHYNASOMASI01 with PID 21572 (C:\Users\asomasi\pincode\atms-list\target\classes started by asomasi in C:\Users\asomasi\pincode\atms-list)
2021-06-14 14:15:55.257  INFO 21572 --- [main] com.mobiquity.atms.AtmsListApplication   : No active profile set, falling back to default profiles: default
2021-06-14 14:15:56.567  INFO 21572 --- [main] o.s.b.w.embedded.tomcat.TomcatWebServer  : Tomcat initialized with port(s): 8080 (http)
2021-06-14 14:15:56.577  INFO 21572 --- [main] o.apache.catalina.core.StandardService   : Starting service [Tomcat]
2021-06-14 14:15:56.577  INFO 21572 --- [main] org.apache.catalina.core.StandardEngine  : Starting Servlet engine: [Apache Tomcat/9.0.46]
2021-06-14 14:15:56.665  INFO 21572 --- [main] o.a.c.c.C.[Tomcat].[localhost].[/]       : Initializing Spring embedded WebApplicationContext
2021-06-14 14:15:56.666  INFO 21572 --- [main] w.s.c.ServletWebServerApplicationContext : Root WebApplicationContext: initialization completed in 1347 ms
2021-06-14 14:15:57.162  INFO 21572 --- [main] pertySourcedRequestMappingHandlerMapping : Mapped URL path [/v2/api-docs] onto method [springfox.documentation.swagger2.web.Swagger2Controller#getDocumentation(String, HttpServletRequest)]
2021-06-14 14:15:57.292  INFO 21572 --- [main] o.s.b.a.w.s.WelcomePageHandlerMapping    : Adding welcome page: class path resource [static/index.html]
2021-06-14 14:15:57.416  INFO 21572 --- [main] o.s.b.w.embedded.tomcat.TomcatWebServer  : Tomcat started on port(s): 8080 (http) with context path ''
2021-06-14 14:15:57.417  INFO 21572 --- [main] d.s.w.p.DocumentationPluginsBootstrapper : Context refreshed
2021-06-14 14:15:57.433  INFO 21572 --- [main] d.s.w.p.DocumentationPluginsBootstrapper : Found 1 custom documentation plugin(s)
2021-06-14 14:15:57.463  INFO 21572 --- [main] s.d.s.w.s.ApiListingReferenceScanner     : Scanning for api listing references
2021-06-14 14:15:57.650  INFO 21572 --- [main] com.mobiquity.atms.AtmsListApplication   : Started AtmsListApplication in 2.85 seconds (JVM running for 3.285)
2021-06-14 14:16:32.207  INFO 21572 --- [http-nio-8080-exec-1] o.a.c.c.C.[Tomcat].[localhost].[/]       : Initializing Spring DispatcherServlet 'dispatcherServlet'
2021-06-14 14:16:32.207  INFO 21572 --- [http-nio-8080-exec-1] o.s.web.servlet.DispatcherServlet        : Initializing Servlet 'dispatcherServlet'
2021-06-14 14:16:32.209  INFO 21572 --- [http-nio-8080-exec-1] o.s.web.servlet.DispatcherServlet        : Completed initialization in 1 ms
2021-06-14 14:16:32.465  INFO 21572 --- [http-nio-8080-exec-6] c.m.atms.controllers.AtmListController   : [ getAllAtmsWithformatted method {} ]
2021-06-14 14:16:59.237  INFO 21572 --- [http-nio-8080-exec-9] c.m.atms.controllers.AtmListController   : [ getAllAtmsWithformatted method {} ]
2021-06-14 14:17:52.084  INFO 21572 --- [http-nio-8080-exec-1] c.m.atms.controllers.AtmListController   : [ getAllAtmsWithformatted method {} ]
2021-06-14 14:18:07.583  INFO 21572 --- [http-nio-8080-exec-7] c.m.atms.controllers.AtmListController   : [ getAllAtmsWithformatted method {} ]
2021-06-14 14:19:05.672  INFO 21572 --- [http-nio-8080-exec-8] c.m.atms.controllers.AtmListController   : [ getAllAtmsWithformatted method {} ]
2021-06-14 14:19:05.698  INFO 21572 --- [http-nio-8080-exec-10] c.m.atms.controllers.AtmListController   : [ getAllAtmsWithformatted method {} ]
2021-06-14 14:19:10.369  INFO 21572 --- [http-nio-8080-exec-6] c.m.atms.controllers.AtmListController   : [ getAllAtmsWithformatted method {} ]
2021-06-14 14:19:10.394  INFO 21572 --- [http-nio-8080-exec-2] c.m.atms.controllers.AtmListController   : [ getAllAtmsWithformatted method {} ]
2021-06-14 14:20:24.889  INFO 1484 --- [main] com.mobiquity.atms.AtmsListApplication   : Starting AtmsListApplication using Java 15.0.1 on INHYNASOMASI01 with PID 1484 (C:\Users\asomasi\pincode\atms-list\target\classes started by asomasi in C:\Users\asomasi\pincode\atms-list)
2021-06-14 14:20:24.891  INFO 1484 --- [main] com.mobiquity.atms.AtmsListApplication   : No active profile set, falling back to default profiles: default
2021-06-14 14:20:26.439  INFO 1484 --- [main] o.s.b.w.embedded.tomcat.TomcatWebServer  : Tomcat initialized with port(s): 8080 (http)
2021-06-14 14:20:26.450  INFO 1484 --- [main] o.apache.catalina.core.StandardService   : Starting service [Tomcat]
2021-06-14 14:20:26.450  INFO 1484 --- [main] org.apache.catalina.core.StandardEngine  : Starting Servlet engine: [Apache Tomcat/9.0.46]
2021-06-14 14:20:26.550  INFO 1484 --- [main] o.a.c.c.C.[Tomcat].[localhost].[/]       : Initializing Spring embedded WebApplicationContext
2021-06-14 14:20:26.551  INFO 1484 --- [main] w.s.c.ServletWebServerApplicationContext : Root WebApplicationContext: initialization completed in 1599 ms
2021-06-14 14:20:27.107  INFO 1484 --- [main] pertySourcedRequestMappingHandlerMapping : Mapped URL path [/v2/api-docs] onto method [springfox.documentation.swagger2.web.Swagger2Controller#getDocumentation(String, HttpServletRequest)]
2021-06-14 14:20:27.241  INFO 1484 --- [main] o.s.b.a.w.s.WelcomePageHandlerMapping    : Adding welcome page: class path resource [static/index.html]
2021-06-14 14:20:27.375  INFO 1484 --- [main] o.s.b.w.embedded.tomcat.TomcatWebServer  : Tomcat started on port(s): 8080 (http) with context path ''
2021-06-14 14:20:27.376  INFO 1484 --- [main] d.s.w.p.DocumentationPluginsBootstrapper : Context refreshed
2021-06-14 14:20:27.394  INFO 1484 --- [main] d.s.w.p.DocumentationPluginsBootstrapper : Found 1 custom documentation plugin(s)
2021-06-14 14:20:27.425  INFO 1484 --- [main] s.d.s.w.s.ApiListingReferenceScanner     : Scanning for api listing references
2021-06-14 14:20:27.635  INFO 1484 --- [main] com.mobiquity.atms.AtmsListApplication   : Started AtmsListApplication in 3.178 seconds (JVM running for 3.626)
2021-06-14 14:21:20.871  INFO 1484 --- [http-nio-8080-exec-1] o.a.c.c.C.[Tomcat].[localhost].[/]       : Initializing Spring DispatcherServlet 'dispatcherServlet'
2021-06-14 14:21:20.872  INFO 1484 --- [http-nio-8080-exec-1] o.s.web.servlet.DispatcherServlet        : Initializing Servlet 'dispatcherServlet'
2021-06-14 14:21:20.873  INFO 1484 --- [http-nio-8080-exec-1] o.s.web.servlet.DispatcherServlet        : Completed initialization in 1 ms
2021-06-14 14:21:21.130  INFO 1484 --- [http-nio-8080-exec-7] c.m.atms.controllers.AtmListController   : [ getAllAtmsWithformatted method {} ]
2021-06-14 14:21:29.568  INFO 1484 --- [http-nio-8080-exec-1] c.m.atms.controllers.AtmListController   : [ getAllAtmsWithformatted method {} ]
2021-06-14 14:26:45.973  INFO 17872 --- [main] com.mobiquity.atms.AtmsListApplication   : Starting AtmsListApplication using Java 15.0.1 on INHYNASOMASI01 with PID 17872 (C:\Users\asomasi\pincode\atms-list\target\classes started by asomasi in C:\Users\asomasi\pincode\atms-list)
2021-06-14 14:26:45.976  INFO 17872 --- [main] com.mobiquity.atms.AtmsListApplication   : No active profile set, falling back to default profiles: default
2021-06-14 14:26:47.232  INFO 17872 --- [main] o.s.b.w.embedded.tomcat.TomcatWebServer  : Tomcat initialized with port(s): 8080 (http)
2021-06-14 14:26:47.242  INFO 17872 --- [main] o.apache.catalina.core.StandardService   : Starting service [Tomcat]
2021-06-14 14:26:47.243  INFO 17872 --- [main] org.apache.catalina.core.StandardEngine  : Starting Servlet engine: [Apache Tomcat/9.0.46]
2021-06-14 14:26:47.328  INFO 17872 --- [main] o.a.c.c.C.[Tomcat].[localhost].[/]       : Initializing Spring embedded WebApplicationContext
2021-06-14 14:26:47.329  INFO 17872 --- [main] w.s.c.ServletWebServerApplicationContext : Root WebApplicationContext: initialization completed in 1300 ms
2021-06-14 14:26:47.865  INFO 17872 --- [main] pertySourcedRequestMappingHandlerMapping : Mapped URL path [/v2/api-docs] onto method [springfox.documentation.swagger2.web.Swagger2Controller#getDocumentation(String, HttpServletRequest)]
2021-06-14 14:26:48.002  INFO 17872 --- [main] o.s.b.a.w.s.WelcomePageHandlerMapping    : Adding welcome page: class path resource [static/index.html]
2021-06-14 14:26:48.147  INFO 17872 --- [main] o.s.b.w.embedded.tomcat.TomcatWebServer  : Tomcat started on port(s): 8080 (http) with context path ''
2021-06-14 14:26:48.149  INFO 17872 --- [main] d.s.w.p.DocumentationPluginsBootstrapper : Context refreshed
2021-06-14 14:26:48.171  INFO 17872 --- [main] d.s.w.p.DocumentationPluginsBootstrapper : Found 1 custom documentation plugin(s)
2021-06-14 14:26:48.205  INFO 17872 --- [main] s.d.s.w.s.ApiListingReferenceScanner     : Scanning for api listing references
2021-06-14 14:26:48.377  INFO 17872 --- [main] com.mobiquity.atms.AtmsListApplication   : Started AtmsListApplication in 2.828 seconds (JVM running for 3.356)
2021-06-14 14:27:14.252  INFO 17872 --- [http-nio-8080-exec-1] o.a.c.c.C.[Tomcat].[localhost].[/]       : Initializing Spring DispatcherServlet 'dispatcherServlet'
2021-06-14 14:27:14.252  INFO 17872 --- [http-nio-8080-exec-1] o.s.web.servlet.DispatcherServlet        : Initializing Servlet 'dispatcherServlet'
2021-06-14 14:27:14.257  INFO 17872 --- [http-nio-8080-exec-1] o.s.web.servlet.DispatcherServlet        : Completed initialization in 4 ms
2021-06-14 14:27:14.322  INFO 17872 --- [http-nio-8080-exec-1] c.m.atms.controllers.AtmListController   : [ getAllAtmsWithformatted method {} ]
2021-06-14 14:27:40.031  INFO 17872 --- [http-nio-8080-exec-2] c.m.atms.controllers.AtmListController   : [ getAllAtmsWithformatted method {} ]
2021-06-14 14:27:41.457  INFO 17872 --- [http-nio-8080-exec-3] c.m.atms.controllers.AtmListController   : [ getAllAtmsWithformatted method {} ]
2021-06-14 14:27:41.470  INFO 17872 --- [http-nio-8080-exec-4] c.m.atms.controllers.AtmListController   : [ getAllAtmsWithformatted method {} ]
2021-06-14 14:28:53.557  INFO 17872 --- [http-nio-8080-exec-7] c.m.atms.controllers.AtmListController   : [ getAllAtmsWithformatted method {} ]
2021-06-14 14:28:53.648  INFO 17872 --- [http-nio-8080-exec-8] c.m.atms.controllers.AtmListController   : [ getAllAtmsWithformatted method {} ]
2021-06-14 14:28:53.659  INFO 17872 --- [http-nio-8080-exec-9] c.m.atms.controllers.AtmListController   : [ getAllAtmsWithformatted method {} ]
2021-06-14 14:35:47.802  INFO 17872 --- [http-nio-8080-exec-2] c.m.atms.controllers.AtmListController   : [ getAllAtmsWithformatted method {} ]
2021-06-14 14:35:47.910  INFO 17872 --- [http-nio-8080-exec-3] c.m.atms.controllers.AtmListController   : [ getAllAtmsWithformatted method {} ]
2021-06-14 14:35:47.918  INFO 17872 --- [http-nio-8080-exec-4] c.m.atms.controllers.AtmListController   : [ getAllAtmsWithformatted method {} ]
2021-06-14 14:35:51.623  INFO 17872 --- [http-nio-8080-exec-6] c.m.atms.controllers.AtmListController   : [ getAllAtmsWithformatted method {} ]
2021-06-14 14:35:51.667  INFO 17872 --- [http-nio-8080-exec-5] c.m.atms.controllers.AtmListController   : [ getAllAtmsWithformatted method {} ]
2021-06-14 14:35:51.675  INFO 17872 --- [http-nio-8080-exec-7] c.m.atms.controllers.AtmListController   : [ getAllAtmsWithformatted method {} ]
2021-06-14 14:37:21.113  INFO 17872 --- [http-nio-8080-exec-10] c.m.atms.controllers.AtmListController   : [ getAllAtmsWithformatted method {} ]
2021-06-14 14:37:21.169  INFO 17872 --- [http-nio-8080-exec-1] c.m.atms.controllers.AtmListController   : [ getAllAtmsWithformatted method {} ]
2021-06-14 14:37:21.179  INFO 17872 --- [http-nio-8080-exec-2] c.m.atms.controllers.AtmListController   : [ getAllAtmsWithformatted method {} ]
2021-06-14 14:41:19.102  INFO 17872 --- [http-nio-8080-exec-6] c.m.atms.controllers.AtmListController   : [ getAllAtmsWithformatted method {} ]
2021-06-14 14:41:19.172  INFO 17872 --- [http-nio-8080-exec-5] c.m.atms.controllers.AtmListController   : [ getAllAtmsWithformatted method {} ]
2021-06-14 14:41:19.182  INFO 17872 --- [http-nio-8080-exec-7] c.m.atms.controllers.AtmListController   : [ getAllAtmsWithformatted method {} ]
2021-06-14 14:41:46.059  INFO 17872 --- [http-nio-8080-exec-8] c.m.atms.controllers.AtmListController   : [ getAllAtmsWithformatted method {} ]
2021-06-14 14:41:46.162  INFO 17872 --- [http-nio-8080-exec-9] c.m.atms.controllers.AtmListController   : [ getAllAtmsWithformatted method {} ]
2021-06-14 14:41:46.173  INFO 17872 --- [http-nio-8080-exec-10] c.m.atms.controllers.AtmListController   : [ getAllAtmsWithformatted method {} ]
2021-06-14 14:41:50.401  INFO 17872 --- [http-nio-8080-exec-1] c.m.atms.controllers.AtmListController   : [ getAllAtmsWithformatted method {} ]
2021-06-14 14:41:50.555  INFO 17872 --- [http-nio-8080-exec-2] c.m.atms.controllers.AtmListController   : [ getAllAtmsWithformatted method {} ]
2021-06-14 14:41:50.562  INFO 17872 --- [http-nio-8080-exec-4] c.m.atms.controllers.AtmListController   : [ getAllAtmsWithformatted method {} ]
2021-06-14 14:43:20.197  INFO 17872 --- [http-nio-8080-exec-5] c.m.atms.controllers.AtmListController   : [ getAllAtmsWithformatted method {} ]
2021-06-14 14:43:20.436  INFO 17872 --- [http-nio-8080-exec-7] c.m.atms.controllers.AtmListController   : [ getAllAtmsWithformatted method {} ]
2021-06-14 14:43:20.460  INFO 17872 --- [http-nio-8080-exec-8] c.m.atms.controllers.AtmListController   : [ getAllAtmsWithformatted method {} ]
2021-06-14 14:44:59.582  INFO 17872 --- [http-nio-8080-exec-10] c.m.atms.controllers.AtmListController   : [ getAllAtmsWithformatted method {} ]
2021-06-14 14:44:59.673  INFO 17872 --- [http-nio-8080-exec-1] c.m.atms.controllers.AtmListController   : [ getAllAtmsWithformatted method {} ]
2021-06-14 14:44:59.685  INFO 17872 --- [http-nio-8080-exec-2] c.m.atms.controllers.AtmListController   : [ getAllAtmsWithformatted method {} ]
2021-06-14 14:45:02.482  INFO 17872 --- [http-nio-8080-exec-4] c.m.atms.controllers.AtmListController   : [ getAllAtmsWithformatted method {} ]
2021-06-14 14:45:02.560  INFO 17872 --- [http-nio-8080-exec-3] c.m.atms.controllers.AtmListController   : [ getAllAtmsWithformatted method {} ]
2021-06-14 14:45:02.567  INFO 17872 --- [http-nio-8080-exec-6] c.m.atms.controllers.AtmListController   : [ getAllAtmsWithformatted method {} ]
2021-06-14 14:46:00.397  INFO 17872 --- [http-nio-8080-exec-5] c.m.atms.controllers.AtmListController   : [ getAllAtmsWithformatted method {} ]
2021-06-14 14:46:00.496  INFO 17872 --- [http-nio-8080-exec-7] c.m.atms.controllers.AtmListController   : [ getAllAtmsWithformatted method {} ]
2021-06-14 14:46:16.583  INFO 17872 --- [http-nio-8080-exec-9] c.m.atms.controllers.AtmListController   : [ getAllAtmsWithformatted method {} ]
2021-06-14 14:46:16.692  INFO 17872 --- [http-nio-8080-exec-10] c.m.atms.controllers.AtmListController   : [ getAllAtmsWithformatted method {} ]
2021-06-14 14:46:20.409  INFO 17872 --- [http-nio-8080-exec-1] c.m.atms.controllers.AtmListController   : [ getAllAtmsWithformatted method {} ]
2021-06-14 14:46:20.489  INFO 17872 --- [http-nio-8080-exec-2] c.m.atms.controllers.AtmListController   : [ getAllAtmsWithformatted method {} ]
2021-06-14 14:47:34.361  INFO 17872 --- [http-nio-8080-exec-3] c.m.atms.controllers.AtmListController   : [ getAllAtmsWithformatted method {} ]
2021-06-14 14:47:34.463  INFO 17872 --- [http-nio-8080-exec-6] c.m.atms.controllers.AtmListController   : [ getAllAtmsWithformatted method {} ]
2021-06-14 14:47:39.972  INFO 17872 --- [http-nio-8080-exec-5] c.m.atms.controllers.AtmListController   : [ getAllAtmsWithformatted method {} ]
2021-06-14 14:47:40.066  INFO 17872 --- [http-nio-8080-exec-7] c.m.atms.controllers.AtmListController   : [ getAllAtmsWithformatted method {} ]
2021-06-14 15:00:43.790  INFO 17872 --- [http-nio-8080-exec-5] c.m.atms.controllers.AtmListController   : [ getAllAtmsWithformatted method {} ]
2021-06-14 15:00:47.970  INFO 17872 --- [http-nio-8080-exec-7] c.m.atms.controllers.AtmListController   : [ getAllAtmsWithformatted method {} ]
2021-06-14 15:02:18.035  INFO 17872 --- [http-nio-8080-exec-9] c.m.atms.controllers.AtmListController   : [ getAllAtmsWithformatted method {} ]
2021-06-14 15:02:18.264  INFO 17872 --- [http-nio-8080-exec-10] c.m.atms.controllers.AtmListController   : [ getAllAtmsWithformatted method {} ]
2021-06-14 15:02:45.232  INFO 17872 --- [http-nio-8080-exec-1] c.m.atms.controllers.AtmListController   : [ getAllAtmsWithformatted method {} ]
2021-06-14 15:02:45.460  INFO 17872 --- [http-nio-8080-exec-2] c.m.atms.controllers.AtmListController   : [ getAllAtmsWithformatted method {} ]
2021-06-14 15:03:10.121  INFO 17872 --- [http-nio-8080-exec-4] c.m.atms.controllers.AtmListController   : [ getAllAtmsWithformatted method {} ]
2021-06-14 15:03:10.361  INFO 17872 --- [http-nio-8080-exec-3] c.m.atms.controllers.AtmListController   : [ getAllAtmsWithformatted method {} ]
2021-06-14 15:03:37.801  INFO 17872 --- [http-nio-8080-exec-6] c.m.atms.controllers.AtmListController   : [ getAllAtmsWithformatted method {} ]
2021-06-14 15:03:38.060  INFO 17872 --- [http-nio-8080-exec-5] c.m.atms.controllers.AtmListController   : [ getAllAtmsWithformatted method {} ]
2021-06-14 15:03:44.781  INFO 17872 --- [http-nio-8080-exec-7] c.m.atms.controllers.AtmListController   : [ getAllAtmsWithformatted method {} ]
2021-06-14 15:03:50.340  INFO 17872 --- [http-nio-8080-exec-8] c.m.atms.controllers.AtmListController   : [ getAllAtmsByCityWithformatted method {} ]
2021-06-14 15:04:26.897  INFO 17872 --- [http-nio-8080-exec-9] c.m.atms.controllers.AtmListController   : [ getAllAtmsWithformatted method {} ]
2021-06-14 15:04:26.904  INFO 17872 --- [http-nio-8080-exec-10] c.m.atms.controllers.AtmListController   : [ getAllAtmsWithformatted method {} ]
2021-06-14 15:04:31.587  INFO 17872 --- [http-nio-8080-exec-1] c.m.atms.controllers.AtmListController   : [ getAllAtmsByCityWithformatted method {} ]
2021-06-14 15:04:38.708  INFO 17872 --- [http-nio-8080-exec-2] c.m.atms.controllers.AtmListController   : [ getAllAtmsByCityWithformatted method {} ]
2021-06-14 15:04:42.067  INFO 17872 --- [http-nio-8080-exec-4] c.m.atms.controllers.AtmListController   : [ getAllAtmsByCityWithformatted method {} ]
2021-06-14 15:05:51.994  INFO 17872 --- [http-nio-8080-exec-5] c.m.atms.controllers.AtmListController   : [ getAllAtmsWithformatted method {} ]
2021-06-14 15:05:52.074  INFO 17872 --- [http-nio-8080-exec-7] c.m.atms.controllers.AtmListController   : [ getAllAtmsWithformatted method {} ]
2021-06-14 15:06:02.160  INFO 17872 --- [http-nio-8080-exec-8] c.m.atms.controllers.AtmListController   : [ getAllAtmsWithformatted method {} ]
2021-06-14 15:06:02.275  INFO 17872 --- [http-nio-8080-exec-9] c.m.atms.controllers.AtmListController   : [ getAllAtmsWithformatted method {} ]
2021-06-14 15:06:13.096  INFO 17872 --- [http-nio-8080-exec-10] c.m.atms.controllers.AtmListController   : [ getAllAtmsWithformatted method {} ]
2021-06-14 15:06:13.206  INFO 17872 --- [http-nio-8080-exec-1] c.m.atms.controllers.AtmListController   : [ getAllAtmsWithformatted method {} ]
2021-06-14 15:06:29.642  INFO 17872 --- [http-nio-8080-exec-2] c.m.atms.controllers.AtmListController   : [ getAllAtmsWithformatted method {} ]
2021-06-14 15:06:29.739  INFO 17872 --- [http-nio-8080-exec-4] c.m.atms.controllers.AtmListController   : [ getAllAtmsWithformatted method {} ]
2021-06-14 15:06:42.370  INFO 17872 --- [http-nio-8080-exec-3] c.m.atms.controllers.AtmListController   : [ getAllAtmsWithformatted method {} ]
2021-06-14 15:06:42.460  INFO 17872 --- [http-nio-8080-exec-6] c.m.atms.controllers.AtmListController   : [ getAllAtmsWithformatted method {} ]
2021-06-14 15:06:46.466  INFO 17872 --- [http-nio-8080-exec-5] c.m.atms.controllers.AtmListController   : [ getAllAtmsWithformatted method {} ]
2021-06-14 15:07:07.934  INFO 17872 --- [http-nio-8080-exec-7] c.m.atms.controllers.AtmListController   : [ getAllAtmsWithformatted method {} ]
2021-06-14 15:07:08.088  INFO 17872 --- [http-nio-8080-exec-8] c.m.atms.controllers.AtmListController   : [ getAllAtmsWithformatted method {} ]
2021-06-14 15:07:10.903  INFO 17872 --- [http-nio-8080-exec-9] c.m.atms.controllers.AtmListController   : [ getAllAtmsWithformatted method {} ]
2021-06-14 15:07:14.914  INFO 17872 --- [http-nio-8080-exec-10] c.m.atms.controllers.AtmListController   : [ getAllAtmsByCityWithformatted method {} ]
2021-06-14 15:07:18.985  INFO 17872 --- [http-nio-8080-exec-1] c.m.atms.controllers.AtmListController   : [ getAllAtmsByCityWithformatted method {} ]
2021-06-14 15:07:41.779  INFO 17872 --- [http-nio-8080-exec-2] c.m.atms.controllers.AtmListController   : [ getAllAtmsByCityWithformatted method {} ]
2021-06-14 15:08:19.472  INFO 17872 --- [http-nio-8080-exec-4] c.m.atms.controllers.AtmListController   : [ getAllAtmsWithformatted method {} ]
2021-06-14 15:11:47.692  INFO 19784 --- [main] com.mobiquity.atms.AtmsListApplication   : Starting AtmsListApplication using Java 15.0.1 on INHYNASOMASI01 with PID 19784 (C:\Users\asomasi\pincode\atms-list\target\classes started by asomasi in C:\Users\asomasi\pincode\atms-list)
2021-06-14 15:11:47.696  INFO 19784 --- [main] com.mobiquity.atms.AtmsListApplication   : No active profile set, falling back to default profiles: default
2021-06-14 15:11:49.036  INFO 19784 --- [main] o.s.b.w.embedded.tomcat.TomcatWebServer  : Tomcat initialized with port(s): 8080 (http)
2021-06-14 15:11:49.049  INFO 19784 --- [main] o.apache.catalina.core.StandardService   : Starting service [Tomcat]
2021-06-14 15:11:49.050  INFO 19784 --- [main] org.apache.catalina.core.StandardEngine  : Starting Servlet engine: [Apache Tomcat/9.0.46]
2021-06-14 15:11:49.143  INFO 19784 --- [main] o.a.c.c.C.[Tomcat].[localhost].[/]       : Initializing Spring embedded WebApplicationContext
2021-06-14 15:11:49.143  INFO 19784 --- [main] w.s.c.ServletWebServerApplicationContext : Root WebApplicationContext: initialization completed in 1378 ms
2021-06-14 15:11:49.612  INFO 19784 --- [main] pertySourcedRequestMappingHandlerMapping : Mapped URL path [/v2/api-docs] onto method [springfox.documentation.swagger2.web.Swagger2Controller#getDocumentation(String, HttpServletRequest)]
2021-06-14 15:11:49.778  INFO 19784 --- [main] o.s.b.a.w.s.WelcomePageHandlerMapping    : Adding welcome page: class path resource [static/index.html]
2021-06-14 15:11:49.911  INFO 19784 --- [main] o.s.b.w.embedded.tomcat.TomcatWebServer  : Tomcat started on port(s): 8080 (http) with context path ''
2021-06-14 15:11:49.912  INFO 19784 --- [main] d.s.w.p.DocumentationPluginsBootstrapper : Context refreshed
2021-06-14 15:11:49.932  INFO 19784 --- [main] d.s.w.p.DocumentationPluginsBootstrapper : Found 1 custom documentation plugin(s)
2021-06-14 15:11:49.967  INFO 19784 --- [main] s.d.s.w.s.ApiListingReferenceScanner     : Scanning for api listing references
2021-06-14 15:11:50.138  INFO 19784 --- [main] com.mobiquity.atms.AtmsListApplication   : Started AtmsListApplication in 2.886 seconds (JVM running for 3.295)
2021-06-14 15:12:14.886  INFO 19784 --- [http-nio-8080-exec-1] o.a.c.c.C.[Tomcat].[localhost].[/]       : Initializing Spring DispatcherServlet 'dispatcherServlet'
2021-06-14 15:12:14.887  INFO 19784 --- [http-nio-8080-exec-1] o.s.web.servlet.DispatcherServlet        : Initializing Servlet 'dispatcherServlet'
2021-06-14 15:12:14.889  INFO 19784 --- [http-nio-8080-exec-1] o.s.web.servlet.DispatcherServlet        : Completed initialization in 1 ms
2021-06-14 15:12:15.222  INFO 19784 --- [http-nio-8080-exec-6] c.m.atms.controllers.AtmListController   : [ getAllAtmsWithformatted method {} ]
2021-06-14 15:12:45.224  INFO 19784 --- [http-nio-8080-exec-9] c.m.atms.controllers.AtmListController   : [ getAllAtmsByCityWithformatted method {} ]
2021-06-14 15:12:49.587  INFO 19784 --- [http-nio-8080-exec-10] c.m.atms.controllers.AtmListController   : [ getAllAtmsByCityWithformatted method {} ]
2021-06-14 15:12:53.553  INFO 19784 --- [http-nio-8080-exec-1] c.m.atms.controllers.AtmListController   : [ getAllAtmsByCityWithformatted method {} ]
2021-06-14 15:12:55.620  INFO 19784 --- [http-nio-8080-exec-2] c.m.atms.controllers.AtmListController   : [ getAllAtmsWithformatted method {} ]
2021-06-14 15:13:00.029  INFO 19784 --- [http-nio-8080-exec-3] c.m.atms.controllers.AtmListController   : [ getAllAtmsWithformatted method {} ]
2021-06-14 15:14:10.123  INFO 19784 --- [http-nio-8080-exec-7] c.m.atms.controllers.AtmListController   : [ getAllAtmsWithformatted method {} ]
2021-06-14 15:14:18.574  INFO 19784 --- [http-nio-8080-exec-6] c.m.atms.controllers.AtmListController   : [ getAllAtmsWithformatted method {} ]
2021-06-14 15:14:22.278  INFO 19784 --- [http-nio-8080-exec-8] c.m.atms.controllers.AtmListController   : [ getAllAtmsWithformatted method {} ]
2021-06-14 15:14:44.368  INFO 19784 --- [http-nio-8080-exec-9] c.m.atms.controllers.AtmListController   : [ getAllAtmsWithformatted method {} ]
2021-06-14 15:15:23.041  INFO 19784 --- [http-nio-8080-exec-10] c.m.atms.controllers.AtmListController   : [ getAllAtmsWithformatted method {} ]
2021-06-14 15:15:23.065  INFO 19784 --- [http-nio-8080-exec-1] c.m.atms.controllers.AtmListController   : [ getAllAtmsWithformatted method {} ]
2021-06-14 15:15:25.647  INFO 19784 --- [http-nio-8080-exec-2] c.m.atms.controllers.AtmListController   : [ getAllAtmsWithformatted method {} ]
2021-06-14 15:15:29.890  INFO 19784 --- [http-nio-8080-exec-3] c.m.atms.controllers.AtmListController   : [ getAllAtmsByCityWithformatted method {} ]
2021-06-14 15:15:31.457  INFO 19784 --- [http-nio-8080-exec-5] c.m.atms.controllers.AtmListController   : [ getAllAtmsWithformatted method {} ]
2021-06-14 15:15:33.472  INFO 19784 --- [http-nio-8080-exec-4] c.m.atms.controllers.AtmListController   : [ getAllAtmsWithformatted method {} ]
2021-06-14 15:15:35.683  INFO 19784 --- [http-nio-8080-exec-7] c.m.atms.controllers.AtmListController   : [ getAllAtmsWithformatted method {} ]
2021-06-14 15:20:13.735  INFO 19388 --- [main] com.mobiquity.atms.AtmsListApplication   : Starting AtmsListApplication using Java 15.0.1 on INHYNASOMASI01 with PID 19388 (C:\Users\asomasi\pincode\atms-list\target\classes started by asomasi in C:\Users\asomasi\pincode\atms-list)
2021-06-14 15:20:13.737  INFO 19388 --- [main] com.mobiquity.atms.AtmsListApplication   : No active profile set, falling back to default profiles: default
2021-06-14 15:20:15.061  INFO 19388 --- [main] o.s.b.w.embedded.tomcat.TomcatWebServer  : Tomcat initialized with port(s): 8080 (http)
2021-06-14 15:20:15.078  INFO 19388 --- [main] o.apache.catalina.core.StandardService   : Starting service [Tomcat]
2021-06-14 15:20:15.079  INFO 19388 --- [main] org.apache.catalina.core.StandardEngine  : Starting Servlet engine: [Apache Tomcat/9.0.46]
2021-06-14 15:20:15.186  INFO 19388 --- [main] o.a.c.c.C.[Tomcat].[localhost].[/]       : Initializing Spring embedded WebApplicationContext
2021-06-14 15:20:15.187  INFO 19388 --- [main] w.s.c.ServletWebServerApplicationContext : Root WebApplicationContext: initialization completed in 1394 ms
2021-06-14 15:20:15.734  INFO 19388 --- [main] pertySourcedRequestMappingHandlerMapping : Mapped URL path [/v2/api-docs] onto method [springfox.documentation.swagger2.web.Swagger2Controller#getDocumentation(String, HttpServletRequest)]
2021-06-14 15:20:15.866  INFO 19388 --- [main] o.s.b.a.w.s.WelcomePageHandlerMapping    : Adding welcome page: class path resource [static/index.html]
2021-06-14 15:20:16.002  INFO 19388 --- [main] o.s.b.w.embedded.tomcat.TomcatWebServer  : Tomcat started on port(s): 8080 (http) with context path ''
2021-06-14 15:20:16.004  INFO 19388 --- [main] d.s.w.p.DocumentationPluginsBootstrapper : Context refreshed
2021-06-14 15:20:16.029  INFO 19388 --- [main] d.s.w.p.DocumentationPluginsBootstrapper : Found 1 custom documentation plugin(s)
2021-06-14 15:20:16.071  INFO 19388 --- [main] s.d.s.w.s.ApiListingReferenceScanner     : Scanning for api listing references
2021-06-14 15:20:16.256  INFO 19388 --- [main] com.mobiquity.atms.AtmsListApplication   : Started AtmsListApplication in 2.923 seconds (JVM running for 3.322)
2021-06-14 15:20:29.312  INFO 21968 --- [main] c.m.atms.AtmsListApplicationTests        : Starting AtmsListApplicationTests using Java 15.0.1 on INHYNASOMASI01 with PID 21968 (started by asomasi in C:\Users\asomasi\pincode\atms-list)
2021-06-14 15:20:29.317  INFO 21968 --- [main] c.m.atms.AtmsListApplicationTests        : No active profile set, falling back to default profiles: default
2021-06-14 15:20:32.055  INFO 21968 --- [main] pertySourcedRequestMappingHandlerMapping : Mapped URL path [/v2/api-docs] onto method [springfox.documentation.swagger2.web.Swagger2Controller#getDocumentation(String, HttpServletRequest)]
2021-06-14 15:20:32.497  INFO 21968 --- [main] o.s.b.a.w.s.WelcomePageHandlerMapping    : Adding welcome page: class path resource [static/index.html]
2021-06-14 15:20:32.721  INFO 21968 --- [main] d.s.w.p.DocumentationPluginsBootstrapper : Context refreshed
2021-06-14 15:20:32.751  INFO 21968 --- [main] d.s.w.p.DocumentationPluginsBootstrapper : Found 1 custom documentation plugin(s)
2021-06-14 15:20:32.797  INFO 21968 --- [main] s.d.s.w.s.ApiListingReferenceScanner     : Scanning for api listing references
2021-06-14 15:20:33.019  INFO 21968 --- [main] c.m.atms.AtmsListApplicationTests        : Started AtmsListApplicationTests in 4.45 seconds (JVM running for 6.651)
2021-06-14 15:20:33.739  INFO 21968 --- [main] .b.t.c.SpringBootTestContextBootstrapper : Neither @ContextConfiguration nor @ContextHierarchy found for test class [com.mobiquity.atms.controllers.AtmListControllerTest], using SpringBootContextLoader
2021-06-14 15:20:33.739  INFO 21968 --- [main] o.s.t.c.support.AbstractContextLoader    : Could not detect default resource locations for test class [com.mobiquity.atms.controllers.AtmListControllerTest]: no resource found for suffixes {-context.xml, Context.groovy}.
2021-06-14 15:20:33.740  INFO 21968 --- [main] t.c.s.AnnotationConfigContextLoaderUtils : Could not detect default configuration classes for test class [com.mobiquity.atms.controllers.AtmListControllerTest]: AtmListControllerTest does not declare any static, non-private, non-final, nested classes annotated with @Configuration.
2021-06-14 15:20:33.749  INFO 21968 --- [main] .b.t.c.SpringBootTestContextBootstrapper : Found @SpringBootConfiguration com.mobiquity.atms.AtmsListApplication for test class com.mobiquity.atms.controllers.AtmListControllerTest
2021-06-14 15:20:33.750  INFO 21968 --- [main] .b.t.c.SpringBootTestContextBootstrapper : Loaded default TestExecutionListener class names from location [META-INF/spring.factories]: [org.springframework.boot.test.mock.mockito.MockitoTestExecutionListener, org.springframework.boot.test.mock.mockito.ResetMocksTestExecutionListener, org.springframework.boot.test.autoconfigure.restdocs.RestDocsTestExecutionListener, org.springframework.boot.test.autoconfigure.web.client.MockRestServiceServerResetTestExecutionListener, org.springframework.boot.test.autoconfigure.web.servlet.MockMvcPrintOnlyOnFailureTestExecutionListener, org.springframework.boot.test.autoconfigure.web.servlet.WebDriverTestExecutionListener, org.springframework.boot.test.autoconfigure.webservices.client.MockWebServiceServerTestExecutionListener, org.springframework.test.context.web.ServletTestExecutionListener, org.springframework.test.context.support.DirtiesContextBeforeModesTestExecutionListener, org.springframework.test.context.event.ApplicationEventsTestExecutionListener, org.springframework.test.context.support.DependencyInjectionTestExecutionListener, org.springframework.test.context.support.DirtiesContextTestExecutionListener, org.springframework.test.context.transaction.TransactionalTestExecutionListener, org.springframework.test.context.jdbc.SqlScriptsTestExecutionListener, org.springframework.test.context.event.EventPublishingTestExecutionListener]
2021-06-14 15:20:33.751  INFO 21968 --- [main] .b.t.c.SpringBootTestContextBootstrapper : Using TestExecutionListeners: [org.springframework.test.context.web.ServletTestExecutionListener@7f210da5, org.springframework.test.context.support.DirtiesContextBeforeModesTestExecutionListener@135de93b, org.springframework.test.context.event.ApplicationEventsTestExecutionListener@6d1953e4, org.springframework.boot.test.mock.mockito.MockitoTestExecutionListener@46c6ff37, org.springframework.boot.test.autoconfigure.SpringBootDependencyInjectionTestExecutionListener@31fd8e6f, org.springframework.test.context.support.DirtiesContextTestExecutionListener@4d95bd5a, org.springframework.test.context.event.EventPublishingTestExecutionListener@6ab4517f, org.springframework.boot.test.mock.mockito.ResetMocksTestExecutionListener@1b7a2459, org.springframework.boot.test.autoconfigure.restdocs.RestDocsTestExecutionListener@46a94faf, org.springframework.boot.test.autoconfigure.web.client.MockRestServiceServerResetTestExecutionListener@26b6454d, org.springframework.boot.test.autoconfigure.web.servlet.MockMvcPrintOnlyOnFailureTestExecutionListener@6e41c74d, org.springframework.boot.test.autoconfigure.web.servlet.WebDriverTestExecutionListener@24537e30, org.springframework.boot.test.autoconfigure.webservices.client.MockWebServiceServerTestExecutionListener@280b9922]
2021-06-14 15:20:33.926  INFO 21968 --- [main] c.m.atms.controllers.AtmListController   : [ getAllAtmsWithUnformatted method {} ]
2021-06-14 15:20:33.957  INFO 21968 --- [main] c.m.atms.controllers.AtmListController   : [ getAllAtmsByCityWithformatted method {} ]
2021-06-14 15:20:33.964  INFO 21968 --- [main] c.m.atms.controllers.AtmListController   : [ getAllAtmsWithformatted method {} ]
2021-06-14 15:20:33.969  INFO 21968 --- [main] c.m.atms.controllers.AtmListController   : [ getAllAtmsWithUnformatted method {} ]
2021-06-14 15:20:33.974  INFO 21968 --- [main] .b.t.c.SpringBootTestContextBootstrapper : Neither @ContextConfiguration nor @ContextHierarchy found for test class [com.mobiquity.atms.serviceImpls.AtmListServiceImplTest], using SpringBootContextLoader
2021-06-14 15:20:33.975  INFO 21968 --- [main] o.s.t.c.support.AbstractContextLoader    : Could not detect default resource locations for test class [com.mobiquity.atms.serviceImpls.AtmListServiceImplTest]: no resource found for suffixes {-context.xml, Context.groovy}.
2021-06-14 15:20:33.975  INFO 21968 --- [main] t.c.s.AnnotationConfigContextLoaderUtils : Could not detect default configuration classes for test class [com.mobiquity.atms.serviceImpls.AtmListServiceImplTest]: AtmListServiceImplTest does not declare any static, non-private, non-final, nested classes annotated with @Configuration.
2021-06-14 15:20:33.980  INFO 21968 --- [main] .b.t.c.SpringBootTestContextBootstrapper : Found @SpringBootConfiguration com.mobiquity.atms.AtmsListApplication for test class com.mobiquity.atms.serviceImpls.AtmListServiceImplTest
2021-06-14 15:20:33.982  INFO 21968 --- [main] .b.t.c.SpringBootTestContextBootstrapper : Loaded default TestExecutionListener class names from location [META-INF/spring.factories]: [org.springframework.boot.test.mock.mockito.MockitoTestExecutionListener, org.springframework.boot.test.mock.mockito.ResetMocksTestExecutionListener, org.springframework.boot.test.autoconfigure.restdocs.RestDocsTestExecutionListener, org.springframework.boot.test.autoconfigure.web.client.MockRestServiceServerResetTestExecutionListener, org.springframework.boot.test.autoconfigure.web.servlet.MockMvcPrintOnlyOnFailureTestExecutionListener, org.springframework.boot.test.autoconfigure.web.servlet.WebDriverTestExecutionListener, org.springframework.boot.test.autoconfigure.webservices.client.MockWebServiceServerTestExecutionListener, org.springframework.test.context.web.ServletTestExecutionListener, org.springframework.test.context.support.DirtiesContextBeforeModesTestExecutionListener, org.springframework.test.context.event.ApplicationEventsTestExecutionListener, org.springframework.test.context.support.DependencyInjectionTestExecutionListener, org.springframework.test.context.support.DirtiesContextTestExecutionListener, org.springframework.test.context.transaction.TransactionalTestExecutionListener, org.springframework.test.context.jdbc.SqlScriptsTestExecutionListener, org.springframework.test.context.event.EventPublishingTestExecutionListener]
2021-06-14 15:20:33.983  INFO 21968 --- [main] .b.t.c.SpringBootTestContextBootstrapper : Using TestExecutionListeners: [org.springframework.test.context.web.ServletTestExecutionListener@21975a54, org.springframework.test.context.support.DirtiesContextBeforeModesTestExecutionListener@40226862, org.springframework.test.context.event.ApplicationEventsTestExecutionListener@7dae9ff4, org.springframework.boot.test.mock.mockito.MockitoTestExecutionListener@4917a741, org.springframework.boot.test.autoconfigure.SpringBootDependencyInjectionTestExecutionListener@524911cd, org.springframework.test.context.support.DirtiesContextTestExecutionListener@1fb029e, org.springframework.test.context.event.EventPublishingTestExecutionListener@8a37c6a, org.springframework.boot.test.mock.mockito.ResetMocksTestExecutionListener@7c7aef90, org.springframework.boot.test.autoconfigure.restdocs.RestDocsTestExecutionListener@66a75eab, org.springframework.boot.test.autoconfigure.web.client.MockRestServiceServerResetTestExecutionListener@3f114f13, org.springframework.boot.test.autoconfigure.web.servlet.MockMvcPrintOnlyOnFailureTestExecutionListener@2cc224b7, org.springframework.boot.test.autoconfigure.web.servlet.WebDriverTestExecutionListener@76f58d0, org.springframework.boot.test.autoconfigure.webservices.client.MockWebServiceServerTestExecutionListener@5b610c90]
2021-06-14 15:20:37.401  INFO 19388 --- [http-nio-8080-exec-1] o.a.c.c.C.[Tomcat].[localhost].[/]       : Initializing Spring DispatcherServlet 'dispatcherServlet'
2021-06-14 15:20:37.402  INFO 19388 --- [http-nio-8080-exec-1] o.s.web.servlet.DispatcherServlet        : Initializing Servlet 'dispatcherServlet'
2021-06-14 15:20:37.403  INFO 19388 --- [http-nio-8080-exec-1] o.s.web.servlet.DispatcherServlet        : Completed initialization in 0 ms
2021-06-14 15:20:37.708  INFO 19388 --- [http-nio-8080-exec-6] c.m.atms.controllers.AtmListController   : [ getAllAtmsWithformatted method {} ]
2021-06-14 15:20:43.562  INFO 21968 --- [main] .b.t.c.SpringBootTestContextBootstrapper : Neither @ContextConfiguration nor @ContextHierarchy found for test class [com.mobiquity.atms.exceptions.AtmListException], using SpringBootContextLoader
2021-06-14 15:20:43.564  INFO 21968 --- [main] o.s.t.c.support.AbstractContextLoader    : Could not detect default resource locations for test class [com.mobiquity.atms.exceptions.AtmListException]: no resource found for suffixes {-context.xml, Context.groovy}.
2021-06-14 15:20:43.565  INFO 21968 --- [main] t.c.s.AnnotationConfigContextLoaderUtils : Could not detect default configuration classes for test class [com.mobiquity.atms.exceptions.AtmListException]: AtmListException does not declare any static, non-private, non-final, nested classes annotated with @Configuration.
2021-06-14 15:20:43.574  INFO 21968 --- [main] .b.t.c.SpringBootTestContextBootstrapper : Found @SpringBootConfiguration com.mobiquity.atms.AtmsListApplication for test class com.mobiquity.atms.exceptions.AtmListException
2021-06-14 15:20:43.576  INFO 21968 --- [main] .b.t.c.SpringBootTestContextBootstrapper : Loaded default TestExecutionListener class names from location [META-INF/spring.factories]: [org.springframework.boot.test.mock.mockito.MockitoTestExecutionListener, org.springframework.boot.test.mock.mockito.ResetMocksTestExecutionListener, org.springframework.boot.test.autoconfigure.restdocs.RestDocsTestExecutionListener, org.springframework.boot.test.autoconfigure.web.client.MockRestServiceServerResetTestExecutionListener, org.springframework.boot.test.autoconfigure.web.servlet.MockMvcPrintOnlyOnFailureTestExecutionListener, org.springframework.boot.test.autoconfigure.web.servlet.WebDriverTestExecutionListener, org.springframework.boot.test.autoconfigure.webservices.client.MockWebServiceServerTestExecutionListener, org.springframework.test.context.web.ServletTestExecutionListener, org.springframework.test.context.support.DirtiesContextBeforeModesTestExecutionListener, org.springframework.test.context.event.ApplicationEventsTestExecutionListener, org.springframework.test.context.support.DependencyInjectionTestExecutionListener, org.springframework.test.context.support.DirtiesContextTestExecutionListener, org.springframework.test.context.transaction.TransactionalTestExecutionListener, org.springframework.test.context.jdbc.SqlScriptsTestExecutionListener, org.springframework.test.context.event.EventPublishingTestExecutionListener]
2021-06-14 15:20:43.579  INFO 21968 --- [main] .b.t.c.SpringBootTestContextBootstrapper : Using TestExecutionListeners: [org.springframework.test.context.web.ServletTestExecutionListener@5d3b2d9a, org.springframework.test.context.support.DirtiesContextBeforeModesTestExecutionListener@5011753d, org.springframework.test.context.event.ApplicationEventsTestExecutionListener@6105265d, org.springframework.boot.test.mock.mockito.MockitoTestExecutionListener@2fb90f1, org.springframework.boot.test.autoconfigure.SpringBootDependencyInjectionTestExecutionListener@6283ac9, org.springframework.test.context.support.DirtiesContextTestExecutionListener@5d4b0fac, org.springframework.test.context.event.EventPublishingTestExecutionListener@1534fd96, org.springframework.boot.test.mock.mockito.ResetMocksTestExecutionListener@4b969bd9, org.springframework.boot.test.autoconfigure.restdocs.RestDocsTestExecutionListener@caf0e10, org.springframework.boot.test.autoconfigure.web.client.MockRestServiceServerResetTestExecutionListener@99c5646, org.springframework.boot.test.autoconfigure.web.servlet.MockMvcPrintOnlyOnFailureTestExecutionListener@3bf6c2ae, org.springframework.boot.test.autoconfigure.web.servlet.WebDriverTestExecutionListener@44c1ce5a, org.springframework.boot.test.autoconfigure.webservices.client.MockWebServiceServerTestExecutionListener@306a875c]
2021-06-14 15:20:56.852  INFO 19388 --- [http-nio-8080-exec-10] c.m.atms.controllers.AtmListController   : [ getAllAtmsByCityWithformatted method {} ]
2021-06-14 15:21:00.386  INFO 19388 --- [http-nio-8080-exec-8] c.m.atms.controllers.AtmListController   : [ getAllAtmsWithformatted method {} ]
2021-06-14 15:21:06.362  INFO 19388 --- [http-nio-8080-exec-1] c.m.atms.controllers.AtmListController   : [ getAllAtmsByCityWithformatted method {} ]
2021-06-14 15:21:09.670  INFO 19388 --- [http-nio-8080-exec-2] c.m.atms.controllers.AtmListController   : [ getAllAtmsByCityWithformatted method {} ]
2021-06-14 15:21:11.407  INFO 19388 --- [http-nio-8080-exec-3] c.m.atms.controllers.AtmListController   : [ getAllAtmsWithformatted method {} ]
2021-06-14 15:21:12.694  INFO 19388 --- [http-nio-8080-exec-5] c.m.atms.controllers.AtmListController   : [ getAllAtmsWithformatted method {} ]
